[HTTP] Binding to address: :1080
Creating API v1 with WebPath: 
Creating API v2 with WebPath: 
[APIv1] KEEPALIVE /api/v1/events
[APIv1] KEEPALIVE /api/v1/events
Got message in APIv2 websocket channel
[APIv2] BROADCAST /api/v2/websocket
Got message in APIv1 event stream
Sending content: {
  "ID": "SoWGMjo0HdrwKDpY_e2CCjaZKcPrHvvRAouaDFqqRHg=@mailhog.example",
  "From": {
    "Relays": null,
    "Mailbox": "www-data",
    "Domain": "ffb196322c52",
    "Params": ""
  },
  "To": [
    {
      "Relays": null,
      "Mailbox": "mailhog",
      "Domain": "flywheel.local",
      "Params": ""
    }
  ],
  "Content": {
    "Headers": {
      "Content-Type": [
        "text/plain; charset=UTF-8"
      ],
      "Date": [
        "Wed, 23 May 2018 16:33:25 +0000"
      ],
      "From": [
        "WordPress \u003cwordpress@songwriter-shelter-studios.local\u003e"
      ],
      "MIME-Version": [
        "1.0"
      ],
      "Message-ID": [
        "\u003ca46a4df27ecc29c80b4218e177a2a601@songwriter-shelter-studios.local\u003e"
      ],
      "Received": [
        "from localhost by mailhog.example (MailHog)\r\n          id SoWGMjo0HdrwKDpY_e2CCjaZKcPrHvvRAouaDFqqRHg=@mailhog.example; Wed, 23 May 2018 16:33:25 +0000"
      ],
      "Return-Path": [
        "\u003cwww-data@ffb196322c52\u003e"
      ],
      "Subject": [
        "[The Songwriter Shelter Recording Studios] Password Reset"
      ],
      "To": [
        "maxgarceau@outlook.com"
      ],
      "X-Mailer": [
        "PHPMailer 5.2.22 (https://github.com/PHPMailer/PHPMailer)"
      ],
      "X-PHP-Originating-Script": [
        "1000:class-phpmailer.php"
      ]
    },
    "Body": "Someone has requested a password reset for the following account:\r\n\r\nSite Name: The Songwriter Shelter Recording Studios\r\n\r\nUsername: MaxSignupTest1\r\n\r\nIf this was a mistake, just ignore this email and nothing will happen.\r\n\r\nTo reset your password, visit the following address:\r\n\r\n\u003chttp://songwriter-shelter-studios.local/wp-login.php?action=rp\u0026key=ZtuuihMLWFWmg5wDm9t7\u0026login=MaxSignupTest1\u003e\r\n",
    "Size": 855,
    "MIME": null
  },
  "Created": "2018-05-23T16:33:25.22979061Z",
  "MIME": null,
  "Raw": {
    "From": "www-data@ffb196322c52",
    "To": [
      "mailhog@flywheel.local"
    ],
    "Data": "To: maxgarceau@outlook.com\r\nSubject: [The Songwriter Shelter Recording Studios] Password Reset\r\nX-PHP-Originating-Script: 1000:class-phpmailer.php\r\nDate: Wed, 23 May 2018 16:33:25 +0000\r\nFrom: WordPress \u003cwordpress@songwriter-shelter-studios.local\u003e\r\nMessage-ID: \u003ca46a4df27ecc29c80b4218e177a2a601@songwriter-shelter-studios.local\u003e\r\nX-Mailer: PHPMailer 5.2.22 (https://github.com/PHPMailer/PHPMailer)\r\nMIME-Version: 1.0\r\nContent-Type: text/plain; charset=UTF-8\r\n\r\nSomeone has requested a password reset for the following account:\r\n\r\nSite Name: The Songwriter Shelter Recording Studios\r\n\r\nUsername: MaxSignupTest1\r\n\r\nIf this was a mistake, just ignore this email and nothing will happen.\r\n\r\nTo reset your password, visit the following address:\r\n\r\n\u003chttp://songwriter-shelter-studios.local/wp-login.php?action=rp\u0026key=ZtuuihMLWFWmg5wDm9t7\u0026login=MaxSignupTest1\u003e\r\n",
    "Helo": "localhost"
  }
}

[APIv1] BROADCAST /api/v1/events
[APIv1] KEEPALIVE /api/v1/events
[APIv1] KEEPALIVE /api/v1/events
[APIv1] KEEPALIVE /api/v1/events
[APIv1] KEEPALIVE /api/v1/events
[APIv1] KEEPALIVE /api/v1/events
[APIv1] KEEPALIVE /api/v1/events
[APIv1] KEEPALIVE /api/v1/events
[APIv1] KEEPALIVE /api/v1/events
[APIv1] KEEPALIVE /api/v1/events
[APIv1] KEEPALIVE /api/v1/events
[APIv1] KEEPALIVE /api/v1/events
[APIv1] KEEPALIVE /api/v1/events
[APIv1] KEEPALIVE /api/v1/events
[APIv1] KEEPALIVE /api/v1/events
[APIv1] KEEPALIVE /api/v1/events
[APIv1] KEEPALIVE /api/v1/events
[APIv1] KEEPALIVE /api/v1/events
[APIv1] KEEPALIVE /api/v1/events
[APIv1] KEEPALIVE /api/v1/events
[APIv1] KEEPALIVE /api/v1/events
[APIv1] KEEPALIVE /api/v1/events
[APIv1] KEEPALIVE /api/v1/events
[APIv1] KEEPALIVE /api/v1/events
[APIv1] KEEPALIVE /api/v1/events
