[HTTP] Binding to address: :1080
Creating API v1 with WebPath: 
Creating API v2 with WebPath: 
[APIv1] KEEPALIVE /api/v1/events
[APIv1] KEEPALIVE /api/v1/events
[APIv1] KEEPALIVE /api/v1/events
[APIv1] KEEPALIVE /api/v1/events
[APIv1] KEEPALIVE /api/v1/events
[APIv1] KEEPALIVE /api/v1/events
[APIv1] KEEPALIVE /api/v1/events
[APIv1] KEEPALIVE /api/v1/events
[APIv1] KEEPALIVE /api/v1/events
[APIv1] KEEPALIVE /api/v1/events
[APIv1] KEEPALIVE /api/v1/events
[APIv1] KEEPALIVE /api/v1/events
[APIv1] KEEPALIVE /api/v1/events
[APIv1] KEEPALIVE /api/v1/events
[APIv1] KEEPALIVE /api/v1/events
[APIv1] KEEPALIVE /api/v1/events
[APIv1] KEEPALIVE /api/v1/events
[APIv1] KEEPALIVE /api/v1/events
[APIv1] KEEPALIVE /api/v1/events
[APIv1] KEEPALIVE /api/v1/events
[APIv1] KEEPALIVE /api/v1/events
[APIv1] KEEPALIVE /api/v1/events
[APIv1] KEEPALIVE /api/v1/events
[APIv1] KEEPALIVE /api/v1/events
[APIv1] KEEPALIVE /api/v1/events
[APIv1] KEEPALIVE /api/v1/events
[APIv1] KEEPALIVE /api/v1/events
[APIv1] KEEPALIVE /api/v1/events
[APIv1] KEEPALIVE /api/v1/events
[APIv1] KEEPALIVE /api/v1/events
[APIv1] KEEPALIVE /api/v1/events
[APIv1] KEEPALIVE /api/v1/events
[APIv1] KEEPALIVE /api/v1/events
[APIv1] KEEPALIVE /api/v1/events
[APIv1] KEEPALIVE /api/v1/events
[APIv1] KEEPALIVE /api/v1/events
[APIv1] KEEPALIVE /api/v1/events
[APIv1] KEEPALIVE /api/v1/events
[APIv1] KEEPALIVE /api/v1/events
[APIv1] KEEPALIVE /api/v1/events
[APIv1] KEEPALIVE /api/v1/events
[APIv1] KEEPALIVE /api/v1/events
[APIv1] KEEPALIVE /api/v1/events
[APIv1] KEEPALIVE /api/v1/events
[APIv1] KEEPALIVE /api/v1/events
[APIv1] KEEPALIVE /api/v1/events
[APIv1] KEEPALIVE /api/v1/events
[APIv1] KEEPALIVE /api/v1/events
[APIv1] KEEPALIVE /api/v1/events
[APIv1] KEEPALIVE /api/v1/events
[APIv1] KEEPALIVE /api/v1/events
[APIv1] KEEPALIVE /api/v1/events
[APIv1] KEEPALIVE /api/v1/events
[APIv1] KEEPALIVE /api/v1/events
[APIv1] KEEPALIVE /api/v1/events
[APIv1] KEEPALIVE /api/v1/events
[APIv1] KEEPALIVE /api/v1/events
[APIv1] KEEPALIVE /api/v1/events
[APIv1] KEEPALIVE /api/v1/events
[APIv1] KEEPALIVE /api/v1/events
[APIv1] KEEPALIVE /api/v1/events
[APIv1] KEEPALIVE /api/v1/events
[APIv1] KEEPALIVE /api/v1/events
[APIv1] KEEPALIVE /api/v1/events
[APIv1] KEEPALIVE /api/v1/events
[APIv1] KEEPALIVE /api/v1/events
[APIv1] KEEPALIVE /api/v1/events
[APIv1] KEEPALIVE /api/v1/events
[APIv1] KEEPALIVE /api/v1/events
[APIv1] KEEPALIVE /api/v1/events
[APIv1] KEEPALIVE /api/v1/events
[APIv1] KEEPALIVE /api/v1/events
[APIv1] KEEPALIVE /api/v1/events
[APIv1] KEEPALIVE /api/v1/events
[APIv1] KEEPALIVE /api/v1/events
[APIv1] KEEPALIVE /api/v1/events
[APIv1] KEEPALIVE /api/v1/events
[APIv1] KEEPALIVE /api/v1/events
[APIv1] KEEPALIVE /api/v1/events
[APIv1] KEEPALIVE /api/v1/events
[APIv1] KEEPALIVE /api/v1/events
[APIv1] KEEPALIVE /api/v1/events
[APIv1] KEEPALIVE /api/v1/events
[APIv1] KEEPALIVE /api/v1/events
[APIv1] KEEPALIVE /api/v1/events
[APIv1] KEEPALIVE /api/v1/events
[APIv1] KEEPALIVE /api/v1/events
[APIv1] KEEPALIVE /api/v1/events
[APIv1] KEEPALIVE /api/v1/events
[APIv1] KEEPALIVE /api/v1/events
[APIv1] KEEPALIVE /api/v1/events
Got message in APIv2 websocket channel
[APIv2] BROADCAST /api/v2/websocket
Got message in APIv1 event stream
Sending content: {
  "ID": "DUDl-eRmCuoTTSvQ-WiHXa5Vp21v3IbeBy8RPSNLqiw=@mailhog.example",
  "From": {
    "Relays": null,
    "Mailbox": "www-data",
    "Domain": "ffb196322c52",
    "Params": ""
  },
  "To": [
    {
      "Relays": null,
      "Mailbox": "mailhog",
      "Domain": "flywheel.local",
      "Params": ""
    }
  ],
  "Content": {
    "Headers": {
      "Content-Type": [
        "text/plain; charset=UTF-8"
      ],
      "Date": [
        "Sat, 5 May 2018 06:25:27 +0000"
      ],
      "From": [
        "WordPress \u003cwordpress@songwriter-shelter-studios.local\u003e"
      ],
      "MIME-Version": [
        "1.0"
      ],
      "Message-ID": [
        "\u003cc8d77387fdb0fc47cd0f0a51d7e3e641@songwriter-shelter-studios.local\u003e"
      ],
      "Received": [
        "from localhost by mailhog.example (MailHog)\r\n          id DUDl-eRmCuoTTSvQ-WiHXa5Vp21v3IbeBy8RPSNLqiw=@mailhog.example; Sat, 05 May 2018 06:25:27 +0000"
      ],
      "Return-Path": [
        "\u003cwww-data@ffb196322c52\u003e"
      ],
      "Subject": [
        "[The Songwriter Shelter Recording Studios] New User Registration"
      ],
      "To": [
        "dev-email@flywheel.local"
      ],
      "X-Mailer": [
        "PHPMailer 5.2.22 (https://github.com/PHPMailer/PHPMailer)"
      ],
      "X-PHP-Originating-Script": [
        "1000:class-phpmailer.php"
      ]
    },
    "Body": "New user registration on your site The Songwriter Shelter Recording Studios:\r\n\r\nUsername: MaxSignupTest1\r\n\r\nEmail: maxgarceau@outlook.com\r\n",
    "Size": 608,
    "MIME": null
  },
  "Created": "2018-05-05T06:25:27.802438394Z",
  "MIME": null,
  "Raw": {
    "From": "www-data@ffb196322c52",
    "To": [
      "mailhog@flywheel.local"
    ],
    "Data": "To: dev-email@flywheel.local\r\nSubject: [The Songwriter Shelter Recording Studios] New User Registration\r\nX-PHP-Originating-Script: 1000:class-phpmailer.php\r\nDate: Sat, 5 May 2018 06:25:27 +0000\r\nFrom: WordPress \u003cwordpress@songwriter-shelter-studios.local\u003e\r\nMessage-ID: \u003cc8d77387fdb0fc47cd0f0a51d7e3e641@songwriter-shelter-studios.local\u003e\r\nX-Mailer: PHPMailer 5.2.22 (https://github.com/PHPMailer/PHPMailer)\r\nMIME-Version: 1.0\r\nContent-Type: text/plain; charset=UTF-8\r\n\r\nNew user registration on your site The Songwriter Shelter Recording Studios:\r\n\r\nUsername: MaxSignupTest1\r\n\r\nEmail: maxgarceau@outlook.com\r\n",
    "Helo": "localhost"
  }
}

[APIv1] BROADCAST /api/v1/events
Got message in APIv2 websocket channel
[APIv2] BROADCAST /api/v2/websocket
Got message in APIv1 event stream
Sending content: {
  "ID": "Ar5NfoDxvsTNIpk690DqK1Rx9bL6qMghpDimHQ8ZAwA=@mailhog.example",
  "From": {
    "Relays": null,
    "Mailbox": "www-data",
    "Domain": "ffb196322c52",
    "Params": ""
  },
  "To": [
    {
      "Relays": null,
      "Mailbox": "mailhog",
      "Domain": "flywheel.local",
      "Params": ""
    }
  ],
  "Content": {
    "Headers": {
      "Content-Type": [
        "text/plain; charset=UTF-8"
      ],
      "Date": [
        "Sat, 5 May 2018 06:25:27 +0000"
      ],
      "From": [
        "WordPress \u003cwordpress@songwriter-shelter-studios.local\u003e"
      ],
      "MIME-Version": [
        "1.0"
      ],
      "Message-ID": [
        "\u003cde2e071debfa179e9f3f9c13c49c8618@songwriter-shelter-studios.local\u003e"
      ],
      "Received": [
        "from localhost by mailhog.example (MailHog)\r\n          id Ar5NfoDxvsTNIpk690DqK1Rx9bL6qMghpDimHQ8ZAwA=@mailhog.example; Sat, 05 May 2018 06:25:27 +0000"
      ],
      "Return-Path": [
        "\u003cwww-data@ffb196322c52\u003e"
      ],
      "Subject": [
        "[The Songwriter Shelter Recording Studios] Your username and password info"
      ],
      "To": [
        "maxgarceau@outlook.com"
      ],
      "X-Mailer": [
        "PHPMailer 5.2.22 (https://github.com/PHPMailer/PHPMailer)"
      ],
      "X-PHP-Originating-Script": [
        "1000:class-phpmailer.php"
      ]
    },
    "Body": "Username: MaxSignupTest1\r\n\r\nTo set your password, visit the following address:\r\n\r\n\u003chttp://songwriter-shelter-studios.local/wp-login.php?action=rp\u0026key=w3PCC43YK2YzQkQuPXLq\u0026login=MaxSignupTest1\u003e\r\n\r\nhttp://songwriter-shelter-studios.local/wp-login.php\r\n",
    "Size": 727,
    "MIME": null
  },
  "Created": "2018-05-05T06:25:27.813156697Z",
  "MIME": null,
  "Raw": {
    "From": "www-data@ffb196322c52",
    "To": [
      "mailhog@flywheel.local"
    ],
    "Data": "To: maxgarceau@outlook.com\r\nSubject: [The Songwriter Shelter Recording Studios] Your username and password info\r\nX-PHP-Originating-Script: 1000:class-phpmailer.php\r\nDate: Sat, 5 May 2018 06:25:27 +0000\r\nFrom: WordPress \u003cwordpress@songwriter-shelter-studios.local\u003e\r\nMessage-ID: \u003cde2e071debfa179e9f3f9c13c49c8618@songwriter-shelter-studios.local\u003e\r\nX-Mailer: PHPMailer 5.2.22 (https://github.com/PHPMailer/PHPMailer)\r\nMIME-Version: 1.0\r\nContent-Type: text/plain; charset=UTF-8\r\n\r\nUsername: MaxSignupTest1\r\n\r\nTo set your password, visit the following address:\r\n\r\n\u003chttp://songwriter-shelter-studios.local/wp-login.php?action=rp\u0026key=w3PCC43YK2YzQkQuPXLq\u0026login=MaxSignupTest1\u003e\r\n\r\nhttp://songwriter-shelter-studios.local/wp-login.php\r\n",
    "Helo": "localhost"
  }
}

[APIv1] BROADCAST /api/v1/events
[APIv1] KEEPALIVE /api/v1/events
Got message in APIv2 websocket channel
[APIv2] BROADCAST /api/v2/websocket
Got message in APIv1 event stream
Sending content: {
  "ID": "2j8eAiC2_iPK8qPbqA47O4roz3dHwb3OI6bDv1NeTQQ=@mailhog.example",
  "From": {
    "Relays": null,
    "Mailbox": "www-data",
    "Domain": "ffb196322c52",
    "Params": ""
  },
  "To": [
    {
      "Relays": null,
      "Mailbox": "mailhog",
      "Domain": "flywheel.local",
      "Params": ""
    }
  ],
  "Content": {
    "Headers": {
      "Content-Type": [
        "text/plain; charset=UTF-8"
      ],
      "Date": [
        "Sat, 5 May 2018 06:26:44 +0000"
      ],
      "From": [
        "WordPress \u003cwordpress@songwriter-shelter-studios.local\u003e"
      ],
      "MIME-Version": [
        "1.0"
      ],
      "Message-ID": [
        "\u003caf828b041945847611165c03ccea9954@songwriter-shelter-studios.local\u003e"
      ],
      "Received": [
        "from localhost by mailhog.example (MailHog)\r\n          id 2j8eAiC2_iPK8qPbqA47O4roz3dHwb3OI6bDv1NeTQQ=@mailhog.example; Sat, 05 May 2018 06:26:44 +0000"
      ],
      "Return-Path": [
        "\u003cwww-data@ffb196322c52\u003e"
      ],
      "Subject": [
        "[The Songwriter Shelter Recording Studios] Notice of Password Change"
      ],
      "To": [
        "maxgarceau@outlook.com"
      ],
      "X-Mailer": [
        "PHPMailer 5.2.22 (https://github.com/PHPMailer/PHPMailer)"
      ],
      "X-PHP-Originating-Script": [
        "1000:class-phpmailer.php"
      ]
    },
    "Body": "Hi MaxSignupTest1,\r\n\r\nThis notice confirms that your password was changed on The Songwriter Shelter Recording Studios.\r\n\r\nIf you did not change your password, please contact the Site Administrator at\r\ndev-email@flywheel.local\r\n\r\nThis email has been sent to maxgarceau@outlook.com\r\n\r\nRegards,\r\nAll at The Songwriter Shelter Recording Studios\r\nhttp://songwriter-shelter-studios.local\r\n",
    "Size": 854,
    "MIME": null
  },
  "Created": "2018-05-05T06:26:44.807307803Z",
  "MIME": null,
  "Raw": {
    "From": "www-data@ffb196322c52",
    "To": [
      "mailhog@flywheel.local"
    ],
    "Data": "To: maxgarceau@outlook.com\r\nSubject: [The Songwriter Shelter Recording Studios] Notice of Password Change\r\nX-PHP-Originating-Script: 1000:class-phpmailer.php\r\nDate: Sat, 5 May 2018 06:26:44 +0000\r\nFrom: WordPress \u003cwordpress@songwriter-shelter-studios.local\u003e\r\nMessage-ID: \u003caf828b041945847611165c03ccea9954@songwriter-shelter-studios.local\u003e\r\nX-Mailer: PHPMailer 5.2.22 (https://github.com/PHPMailer/PHPMailer)\r\nMIME-Version: 1.0\r\nContent-Type: text/plain; charset=UTF-8\r\n\r\nHi MaxSignupTest1,\r\n\r\nThis notice confirms that your password was changed on The Songwriter Shelter Recording Studios.\r\n\r\nIf you did not change your password, please contact the Site Administrator at\r\ndev-email@flywheel.local\r\n\r\nThis email has been sent to maxgarceau@outlook.com\r\n\r\nRegards,\r\nAll at The Songwriter Shelter Recording Studios\r\nhttp://songwriter-shelter-studios.local\r\n",
    "Helo": "localhost"
  }
}

[APIv1] BROADCAST /api/v1/events
[APIv1] KEEPALIVE /api/v1/events
[APIv1] KEEPALIVE /api/v1/events
[APIv1] KEEPALIVE /api/v1/events
[APIv1] KEEPALIVE /api/v1/events
[APIv1] KEEPALIVE /api/v1/events
[APIv1] KEEPALIVE /api/v1/events
[APIv1] KEEPALIVE /api/v1/events
[APIv1] KEEPALIVE /api/v1/events
[APIv1] KEEPALIVE /api/v1/events
[APIv1] KEEPALIVE /api/v1/events
[APIv1] KEEPALIVE /api/v1/events
[APIv1] KEEPALIVE /api/v1/events
[APIv1] KEEPALIVE /api/v1/events
[APIv1] KEEPALIVE /api/v1/events
[APIv1] KEEPALIVE /api/v1/events
[APIv1] KEEPALIVE /api/v1/events
[APIv1] KEEPALIVE /api/v1/events
[APIv1] KEEPALIVE /api/v1/events
[APIv1] KEEPALIVE /api/v1/events
[APIv1] KEEPALIVE /api/v1/events
[APIv1] KEEPALIVE /api/v1/events
[APIv1] KEEPALIVE /api/v1/events
[APIv1] KEEPALIVE /api/v1/events
[APIv1] KEEPALIVE /api/v1/events
[APIv1] KEEPALIVE /api/v1/events
[APIv1] KEEPALIVE /api/v1/events
[APIv1] KEEPALIVE /api/v1/events
[APIv1] KEEPALIVE /api/v1/events
[APIv1] KEEPALIVE /api/v1/events
[APIv1] KEEPALIVE /api/v1/events
[APIv1] KEEPALIVE /api/v1/events
[APIv1] KEEPALIVE /api/v1/events
[APIv1] KEEPALIVE /api/v1/events
[APIv1] KEEPALIVE /api/v1/events
[APIv1] KEEPALIVE /api/v1/events
[APIv1] KEEPALIVE /api/v1/events
[APIv1] KEEPALIVE /api/v1/events
[APIv1] KEEPALIVE /api/v1/events
[APIv1] KEEPALIVE /api/v1/events
[APIv1] KEEPALIVE /api/v1/events
[APIv1] KEEPALIVE /api/v1/events
[APIv1] KEEPALIVE /api/v1/events
[APIv1] KEEPALIVE /api/v1/events
[APIv1] KEEPALIVE /api/v1/events
[APIv1] KEEPALIVE /api/v1/events
[APIv1] KEEPALIVE /api/v1/events
[APIv1] KEEPALIVE /api/v1/events
[APIv1] KEEPALIVE /api/v1/events
[APIv1] KEEPALIVE /api/v1/events
[APIv1] KEEPALIVE /api/v1/events
[APIv1] KEEPALIVE /api/v1/events
[APIv1] KEEPALIVE /api/v1/events
