[HTTP] Binding to address: :1080
Creating API v1 with WebPath: 
Creating API v2 with WebPath: 
[APIv1] KEEPALIVE /api/v1/events
[APIv1] KEEPALIVE /api/v1/events
[APIv1] KEEPALIVE /api/v1/events
[APIv1] KEEPALIVE /api/v1/events
[APIv1] KEEPALIVE /api/v1/events
Got message in APIv2 websocket channel
[APIv2] BROADCAST /api/v2/websocket
Got message in APIv1 event stream
Sending content: {
  "ID": "eYQ2lSX0gjlDkpy7iyXmmDc3tK20iLdDFOC9v6RGMaQ=@mailhog.example",
  "From": {
    "Relays": null,
    "Mailbox": "www-data",
    "Domain": "ffb196322c52",
    "Params": ""
  },
  "To": [
    {
      "Relays": null,
      "Mailbox": "mailhog",
      "Domain": "flywheel.local",
      "Params": ""
    }
  ],
  "Content": {
    "Headers": {
      "Content-Type": [
        "text/html; charset=utf-8"
      ],
      "Date": [
        "Thu, 17 May 2018 13:10:18 +0000"
      ],
      "From": [
        "Max \u003cdev-email@flywheel.local\u003e"
      ],
      "MIME-Version": [
        "1.0"
      ],
      "Message-ID": [
        "\u003c9c4ce2ae36a8a76715f1bf8c702c3bfb@songwriter-shelter-studios.local\u003e"
      ],
      "Received": [
        "from localhost by mailhog.example (MailHog)\r\n          id eYQ2lSX0gjlDkpy7iyXmmDc3tK20iLdDFOC9v6RGMaQ=@mailhog.example; Thu, 17 May 2018 13:10:18 +0000"
      ],
      "Reply-To": [
        "maxgarceau@comcast.net"
      ],
      "Return-Path": [
        "\u003cwww-data@ffb196322c52\u003e"
      ],
      "Subject": [
        "New Entry: Songwriter Shelter Studios Quote Request"
      ],
      "To": [
        "max@songwritershelterstudios.com"
      ],
      "X-Mailer": [
        "PHPMailer 5.2.22 (https://github.com/PHPMailer/PHPMailer)"
      ],
      "X-PHP-Originating-Script": [
        "1000:class-phpmailer.php"
      ]
    },
    "Body": "\u003c!doctype html\u003e\r\n\u003chtml dir=\"ltr\" xmlns=\"http://www.w3.org/1999/xhtml\" xmlns:v=\"urn:schemas-microsoft-com:vml\" xmlns:o=\"urn:schemas-microsoft-com:office:office\"\u003e\r\n\u003chead\u003e\r\n\t\u003c!--[if gte mso 15]\u003e\r\n\t\u003cxml\u003e\r\n\t\t\u003co:OfficeDocumentSettings\u003e\r\n\t\t\u003co:AllowPNG/\u003e\r\n\t\t\u003co:PixelsPerInch\u003e96\u003c/o:PixelsPerInch\u003e\r\n\t\t\u003c/o:OfficeDocumentSettings\u003e\r\n\t\u003c/xml\u003e\r\n\t\u003c![endif]--\u003e\r\n\t\u003cmeta charset=\"UTF-8\"\u003e\r\n\t\u003cmeta http-equiv=\"X-UA-Compatible\" content=\"IE=edge\"\u003e\r\n\t\u003cmeta name=\"viewport\" content=\"width=device-width, initial-scale=1\"\u003e\r\n\t\u003ctitle\u003eThe Songwriter Shelter Recording Studios\u003c/title\u003e\r\n\t\u003cstyle type=\"text/css\"\u003e\r\n\t\tp{\r\n\t\t\tmargin:10px 0;\r\n\t\t\tpadding:0;\r\n\t\t}\r\n\t\ttable{\r\n\t\t\tborder-collapse:collapse;\r\n\t\t}\r\n\t\th1,h2,h3,h4,h5,h6{\r\n\t\t\tdisplay:block;\r\n\t\t\tmargin:0;\r\n\t\t\tpadding:0;\r\n\t\t}\r\n\t\timg,a img{\r\n\t\t\tborder:0;\r\n\t\t\theight:auto;\r\n\t\t\toutline:none;\r\n\t\t\ttext-decoration:none;\r\n\t\t}\r\n\t\tbody,#bodyTable,#bodyCell{\r\n\t\t\theight:100%;\r\n\t\t\tmargin:0;\r\n\t\t\tpadding:0;\r\n\t\t\twidth:100%;\r\n\t\t}\r\n\t\t#outlook a{\r\n\t\t\tpadding:0;\r\n\t\t}\r\n\t\timg{\r\n\t\t\t-ms-interpolation-mode:bicubic;\r\n\t\t}\r\n\t\ttable{\r\n\t\t\tmso-table-lspace:0pt;\r\n\t\t\tmso-table-rspace:0pt;\r\n\t\t}\r\n\t\t.ReadMsgBody{\r\n\t\t\twidth:100%;\r\n\t\t}\r\n\t\t.ExternalClass{\r\n\t\t\twidth:100%;\r\n\t\t}\r\n\t\tp,a,li,td,blockquote{\r\n\t\t\tmso-line-height-rule:exactly;\r\n\t\t}\r\n\t\ta[href^=tel],a[href^=sms]{\r\n\t\t\tcolor:inherit;\r\n\t\t\tcursor:default;\r\n\t\t\ttext-decoration:none;\r\n\t\t}\r\n\t\tp,a,li,td,body,table,blockquote{\r\n\t\t\t-ms-text-size-adjust:100%;\r\n\t\t\t-webkit-text-size-adjust:100%;\r\n\t\t}\r\n\t\t.ExternalClass,.ExternalClass p,.ExternalClass td,.ExternalClass div,.ExternalClass span,.ExternalClass font{\r\n\t\t\tline-height:100%;\r\n\t\t}\r\n\t\ta[x-apple-data-detectors]{\r\n\t\t\tcolor:inherit !important;\r\n\t\t\ttext-decoration:none !important;\r\n\t\t\tfont-size:inherit !important;\r\n\t\t\tfont-family:inherit !important;\r\n\t\t\tfont-weight:inherit !important;\r\n\t\t\tline-height:inherit !important;\r\n\t\t}\r\n\t\t#bodyCell{\r\n\t\t\tpadding:50px 50px;\r\n\t\t}\r\n\t\t.templateContainer{\r\n\t\t\tmax-width:600px !important;\r\n\t\t\tborder:0;\r\n\t\t}\r\n\t\ta.mcnButton{\r\n\t\t\tdisplay:block;\r\n\t\t}\r\n\t\t.mcnTextContent{\r\n\t\t\tword-break:break-word;\r\n\t\t}\r\n\t\t.mcnTextContent img{\r\n\t\t\theight:auto !important;\r\n\t\t}\r\n\t\t.mcnDividerBlock{\r\n\t\t\ttable-layout:fixed !important;\r\n\t\t}\r\n\t\t/***** Make theme edits below if needed *****/\r\n\t\t/* Page - Background Style */\r\n\t\tbody,#bodyTable{\r\n\t\t\tbackground-color:#e9eaec;\r\n\t\t}\r\n\t\t/* Page - Heading 1 */\r\n\t\th1{\r\n\t\t\tcolor:#202020;\r\n\t\t\tfont-family: 'Helvetica Neue', Helvetica, Arial, 'Lucida Grande', sans-serif;\r\n\t\t\tfont-size:26px;\r\n\t\t\tfont-style:normal;\r\n\t\t\tfont-weight:bold;\r\n\t\t\tline-height:125%;\r\n\t\t\tletter-spacing:normal;\r\n\t\t}\r\n\t\t/* Page - Heading 2 */\r\n\t\th2{\r\n\t\t\tcolor:#202020;\r\n\t\t\tfont-family: 'Helvetica Neue', Helvetica, Arial, 'Lucida Grande', sans-serif;\r\n\t\t\tfont-size:22px;\r\n\t\t\tfont-style:normal;\r\n\t\t\tfont-weight:bold;\r\n\t\t\tline-height:125%;\r\n\t\t\tletter-spacing:normal;\r\n\t\t}\r\n\t\t/* Page - Heading 3 */\r\n\t\th3{\r\n\t\t\tcolor:#202020;\r\n\t\t\tfont-family: 'Helvetica Neue', Helvetica, Arial, 'Lucida Grande', sans-serif;\r\n\t\t\tfont-size:20px;\r\n\t\t\tfont-style:normal;\r\n\t\t\tfont-weight:bold;\r\n\t\t\tline-height:125%;\r\n\t\t\tletter-spacing:normal;\r\n\t\t}\r\n\t\t/* Page - Heading 4 */\r\n\t\th4{\r\n\t\t\tcolor:#202020;\r\n\t\t\tfont-family: 'Helvetica Neue', Helvetica, Arial, 'Lucida Grande', sans-serif;\r\n\t\t\tfont-size:18px;\r\n\t\t\tfont-style:normal;\r\n\t\t\tfont-weight:bold;\r\n\t\t\tline-height:125%;\r\n\t\t\tletter-spacing:normal;\r\n\t\t}\r\n\t\t/* Header - Header Style */\r\n\t\t#templateHeader{\r\n\t\t\tborder-top:0;\r\n\t\t\tborder-bottom:0;\r\n\t\t\tpadding-top:0;\r\n\t\t\tpadding-bottom:20px;\r\n\t\t\ttext-align: center;\r\n\t\t}\r\n\t\t/* Body - Body Style */\r\n\t\t#templateBody{\r\n\t\t\tbackground-color:#FFFFFF;\r\n\t\t\tborder-top:0;\r\n\t\t\tborder: 1px solid #c1c1c1;\r\n\t\t\tpadding-top:0;\r\n\t\t\tpadding-bottom:0px;\r\n\t\t}\r\n\t\t/* Body -Body Text */\r\n\t\t#templateBody .mcnTextContent,\r\n\t\t#templateBody .mcnTextContent p{\r\n\t\t\tcolor:#555555;\r\n\t\t\tfont-family: 'Helvetica Neue', Helvetica, Arial, 'Lucida Grande', sans-serif;\r\n\t\t\tfont-size:14px;\r\n\t\t\tline-height:150%;\r\n\t\t}\r\n\t\t/* Body - Body Link */\r\n\t\t#templateBody .mcnTextContent a,\r\n\t\t#templateBody .mcnTextContent p a{\r\n\t\t\tcolor:#ff7f50;\r\n\t\t\tfont-weight:normal;\r\n\t\t\ttext-decoration:underline;\r\n\t\t}\r\n\t\t/* Footer - Footer Style */\r\n\t\t#templateFooter{\r\n\t\t\tbackground-color:#e9eaec;\r\n\t\t\tborder-top:0;\r\n\t\t\tborder-bottom:0;\r\n\t\t\tpadding-top:12px;\r\n\t\t\tpadding-bottom:12px;\r\n\t\t}\r\n\t\t/* Footer - Footer Text */\r\n\t\t#templateFooter .mcnTextContent,\r\n\t\t#templateFooter .mcnTextContent p{\r\n\t\t\tcolor:#cccccc;\r\n\t\t\tfont-family: 'Helvetica Neue', Helvetica, Arial, 'Lucida Grande', sans-serif;\r\n\t\t\tfont-size:12px;\r\n\t\t\tline-height:150%;\r\n\t\t\ttext-align:center;\r\n\t\t}\r\n\t\t/* Footer - Footer Link */\r\n\t\t#templateFooter .mcnTextContent a,\r\n\t\t#templateFooter .mcnTextContent p a{\r\n\t\t\tcolor:#cccccc;\r\n\t\t\tfont-weight:normal;\r\n\t\t\ttext-decoration:underline;\r\n\t\t}\r\n\t\t@media only screen and (min-width:768px){\r\n\t\t\t.templateContainer{\r\n\t\t\t\twidth:600px !important;\r\n\t\t\t}\r\n\t\t}\r\n\t\t@media only screen and (max-width: 480px){\r\n\t\t\tbody,table,td,p,a,li,blockquote{\r\n\t\t\t\t-webkit-text-size-adjust:none !important;\r\n\t\t\t}\r\n\t\t}\r\n\t\t@media only screen and (max-width: 480px){\r\n\t\t\tbody{\r\n\t\t\t\twidth:100% !important;\r\n\t\t\t\tmin-width:100% !important;\r\n\t\t\t}\r\n\t\t}\r\n\t\t@media only screen and (max-width: 680px){\r\n\t\t\t#bodyCell{\r\n\t\t\t\tpadding:20px 20px !important;\r\n\t\t\t}\r\n\t\t}\r\n\t\t@media only screen and (max-width: 480px){\r\n\t\t\t.mcnTextContentContainer{\r\n\t\t\t\tmax-width:100% !important;\r\n\t\t\t\twidth:100% !important;\r\n\t\t\t}\r\n\t\t}\r\n\t\u003c/style\u003e\r\n\u003c/head\u003e\r\n\u003cbody style=\"height: 100%;margin: 0;padding: 0;width: 100%;-ms-text-size-adjust: 100%;-webkit-text-size-adjust: 100%;background-color: #e9eaec;\"\u003e\r\n\t\u003c!-- Don't forget to run final template through http://templates.mailchimp.com/resources/inline-css/ --\u003e\r\n\t\u003ccenter\u003e\r\n\t\t\u003ctable align=\"center\" border=\"0\" cellpadding=\"0\" cellspacing=\"0\" height=\"100%\" width=\"100%\" id=\"bodyTable\" style=\"border-collapse: collapse;mso-table-lspace: 0pt;mso-table-rspace: 0pt;-ms-text-size-adjust: 100%;-webkit-text-size-adjust: 100%;height: 100%;margin: 0;padding: 0;width: 100%;background-color: #e9eaec;\"\u003e\r\n\t\t\t\u003ctr\u003e\r\n\t\t\t\t\u003ctd align=\"center\" valign=\"top\" id=\"bodyCell\" style=\"mso-line-height-rule: exactly;-ms-text-size-adjust: 100%;-webkit-text-size-adjust: 100%;height: 100%;margin: 0;padding: 50px 50px;width: 100%;\"\u003e\r\n\t\t\t\t\t\u003c!-- BEGIN TEMPLATE // --\u003e\r\n\t\t\t\t\t\u003c!--[if gte mso 9]\u003e\r\n\t\t\t\t\t\u003ctable align=\"center\" border=\"0\" cellspacing=\"0\" cellpadding=\"0\" width=\"600\" style=\"width:600px;\"\u003e\r\n\t\t\t\t\t\u003ctr\u003e\r\n\t\t\t\t\t\u003ctd align=\"center\" valign=\"top\" width=\"600\" style=\"width:600px;\"\u003e\r\n\t\t\t\t\t\u003c![endif]--\u003e\r\n\t\t\t\t\t\u003ctable border=\"0\" cellpadding=\"0\" cellspacing=\"0\" width=\"100%\" class=\"templateContainer\" style=\"border-collapse: collapse;mso-table-lspace: 0pt;mso-table-rspace: 0pt;-ms-text-size-adjust: 100%;-webkit-text-size-adjust: 100%;border: 0;max-width: 600px !important;\"\u003e\r\n\t\t\t\t\t\t\t\t\t\t\t\t\u003ctr\u003e\r\n\t\t\t\t\t\t\t\u003ctd valign=\"top\" id=\"templateBody\" style=\"mso-line-height-rule: exactly;-ms-text-size-adjust: 100%;-webkit-text-size-adjust: 100%;background-color: #FFFFFF;border-top: 0;border: 1px solid #c1c1c1;padding-top: 0;padding-bottom: 0px;\"\u003e\r\n\t\t\t\t\t\t\t\t\u003ctable border=\"0\" cellpadding=\"0\" cellspacing=\"0\" width=\"100%\" class=\"mcnTextBlock\" style=\"min-width: 100%;border-collapse: collapse;mso-table-lspace: 0pt;mso-table-rspace: 0pt;-ms-text-size-adjust: 100%;-webkit-text-size-adjust: 100%;\"\u003e\r\n\t\t\t\t\t\t\t\t\t\u003ctbody class=\"mcnTextBlockOuter\"\u003e\r\n\t\t\t\t\t\t\t\t\t\t\u003ctr\u003e\r\n\t\t\t\t\t\t\t\t\t\t\t\u003ctd valign=\"top\" class=\"mcnTextBlockInner\" style=\"mso-line-height-rule: exactly;-ms-text-size-adjust: 100%;-webkit-text-size-adjust: 100%;\"\u003e\r\n\t\t\t\t\t\t\t\t\t\t\t\t\u003ctable align=\"left\" border=\"0\" cellpadding=\"0\" cellspacing=\"0\" width=\"100%\" style=\"min-width: 100%;border-collapse: collapse;mso-table-lspace: 0pt;mso-table-rspace: 0pt;-ms-text-size-adjust: 100%;-webkit-text-size-adjust: 100%;\" class=\"mcnTextContentContainer\"\u003e\r\n\t\t\t\t\t\t\t\t\t\t\t\t\t\u003ctbody\u003e\r\n\t\t\t\t\t\t\t\t\t\t\t\t\t\t\u003ctr\u003e\r\n\t\t\t\t\t\t\t\t\t\t\t\t\t\t\t\u003ctd valign=\"top\" style=\"padding-top: 30px;padding-right: 30px;padding-bottom: 30px;padding-left: 30px;\" class=\"mcnTextContent\"\u003e\r\n\u003ctable align=\"left\" border=\"0\" cellpadding=\"0\" cellspacing=\"0\" width=\"100%\" style=\" display:block;min-width: 100%;border-collapse: collapse;width:100%;\"\u003e\r\n\u003ctbody\u003e\r\n\u003ctr\u003e\r\n\u003ctd style=\"color:#333333;padding-top: 20px;padding-bottom: 3px;\"\u003e\u003cstrong\u003eArtist/Band Name\u003c/strong\u003e\u003c/td\u003e\r\n\u003c/tr\u003e\r\n\u003ctr\u003e\r\n\u003ctd style=\"color:#555555;padding-top: 3px;padding-bottom: 20px;\"\u003eMax\u003c/td\u003e\r\n\u003c/tr\u003e\r\n\u003c/tbody\u003e\r\n\u003c/table\u003e\r\n\u003ctable align=\"left\" border=\"0\" cellpadding=\"0\" cellspacing=\"0\" width=\"100%\" style=\"border-top:1px solid #dddddd; display:block;min-width: 100%;border-collapse: collapse;width:100%;\"\u003e\r\n\u003ctbody\u003e\r\n\u003ctr\u003e\r\n\u003ctd style=\"color:#333333;padding-top: 20px;padding-bottom: 3px;\"\u003e\u003cstrong\u003eEmail Address\u003c/strong\u003e\u003c/td\u003e\r\n\u003c/tr\u003e\r\n\u003ctr\u003e\r\n\u003ctd style=\"color:#555555;padding-top: 3px;padding-bottom: 20px;\"\u003e\u003ca href=\"mailto:maxgarceau@comcast.net\"\u003emaxgarceau@comcast.net\u003c/a\u003e\u003c/td\u003e\r\n\u003c/tr\u003e\r\n\u003c/tbody\u003e\r\n\u003c/table\u003e\r\n\u003ctable align=\"left\" border=\"0\" cellpadding=\"0\" cellspacing=\"0\" width=\"100%\" style=\"border-top:1px solid #dddddd; display:block;min-width: 100%;border-collapse: collapse;width:100%;\"\u003e\r\n\u003ctbody\u003e\r\n\u003ctr\u003e\r\n\u003ctd style=\"color:#333333;padding-top: 20px;padding-bottom: 3px;\"\u003e\u003cstrong\u003eContact Name\u003c/strong\u003e\u003c/td\u003e\r\n\u003c/tr\u003e\r\n\u003ctr\u003e\r\n\u003ctd style=\"color:#555555;padding-top: 3px;padding-bottom: 20px;\"\u003eMaxwell\u003c/td\u003e\r\n\u003c/tr\u003e\r\n\u003c/tbody\u003e\r\n\u003c/table\u003e\r\n\u003ctable align=\"left\" border=\"0\" cellpadding=\"0\" cellspacing=\"0\" width=\"100%\" style=\"border-top:1px solid #dddddd; display:block;min-width: 100%;border-collapse: collapse;width:100%;\"\u003e\r\n\u003ctbody\u003e\r\n\u003ctr\u003e\r\n\u003ctd style=\"color:#333333;padding-top: 20px;padding-bottom: 3px;\"\u003e\u003cstrong\u003eLocation (City, State)\u003c/strong\u003e\u003c/td\u003e\r\n\u003c/tr\u003e\r\n\u003ctr\u003e\r\n\u003ctd style=\"color:#555555;padding-top: 3px;padding-bottom: 20px;\"\u003eNashville\u003c/td\u003e\r\n\u003c/tr\u003e\r\n\u003c/tbody\u003e\r\n\u003c/table\u003e\r\n\u003ctable align=\"left\" border=\"0\" cellpadding=\"0\" cellspacing=\"0\" width=\"100%\" style=\"border-top:1px solid #dddddd; display:block;min-width: 100%;border-collapse: collapse;width:100%;\"\u003e\r\n\u003ctbody\u003e\r\n\u003ctr\u003e\r\n\u003ctd style=\"color:#333333;padding-top: 20px;padding-bottom: 3px;\"\u003e\u003cstrong\u003eGenre\u003c/strong\u003e\u003c/td\u003e\r\n\u003c/tr\u003e\r\n\u003ctr\u003e\r\n\u003ctd style=\"color:#555555;padding-top: 3px;padding-bottom: 20px;\"\u003eYour Mom\u003c/td\u003e\r\n\u003c/tr\u003e\r\n\u003c/tbody\u003e\r\n\u003c/table\u003e\r\n\u003ctable align=\"left\" border=\"0\" cellpadding=\"0\" cellspacing=\"0\" width=\"100%\" style=\"border-top:1px solid #dddddd; display:block;min-width: 100%;border-collapse: collapse;width:100%;\"\u003e\r\n\u003ctbody\u003e\r\n\u003ctr\u003e\r\n\u003ctd style=\"color:#333333;padding-top: 20px;padding-bottom: 3px;\"\u003e\u003cstrong\u003eProject Needs\u003c/strong\u003e\u003c/td\u003e\r\n\u003c/tr\u003e\r\n\u003ctr\u003e\r\n\u003ctd style=\"color:#555555;padding-top: 3px;padding-bottom: 20px;\"\u003eMastering\u003cbr /\u003e\r\nEditing\u003c/td\u003e\r\n\u003c/tr\u003e\r\n\u003c/tbody\u003e\r\n\u003c/table\u003e\r\n\u003ctable align=\"left\" border=\"0\" cellpadding=\"0\" cellspacing=\"0\" width=\"100%\" style=\"border-top:1px solid #dddddd; display:block;min-width: 100%;border-collapse: collapse;width:100%;\"\u003e\r\n\u003ctbody\u003e\r\n\u003ctr\u003e\r\n\u003ctd style=\"color:#333333;padding-top: 20px;padding-bottom: 3px;\"\u003e\u003cstrong\u003eBudget\u003c/strong\u003e\u003c/td\u003e\r\n\u003c/tr\u003e\r\n\u003ctr\u003e\r\n\u003ctd style=\"color:#555555;padding-top: 3px;padding-bottom: 20px;\"\u003e0\u003c/td\u003e\r\n\u003c/tr\u003e\r\n\u003c/tbody\u003e\r\n\u003c/table\u003e\r\n\u003ctable align=\"left\" border=\"0\" cellpadding=\"0\" cellspacing=\"0\" width=\"100%\" style=\"border-top:1px solid #dddddd; display:block;min-width: 100%;border-collapse: collapse;width:100%;\"\u003e\r\n\u003ctbody\u003e\r\n\u003ctr\u003e\r\n\u003ctd style=\"color:#333333;padding-top: 20px;padding-bottom: 3px;\"\u003e\u003cstrong\u003eNumber of Songs\u003c/strong\u003e\u003c/td\u003e\r\n\u003c/tr\u003e\r\n\u003ctr\u003e\r\n\u003ctd style=\"color:#555555;padding-top: 3px;padding-bottom: 20px;\"\u003e100\u003c/td\u003e\r\n\u003c/tr\u003e\r\n\u003c/tbody\u003e\r\n\u003c/table\u003e\r\n\t\t\t\t\t\t\t\t\t\t\t\t\t\t\t\u003c/td\u003e\r\n\t\t\t\t\t\t\t\t\t\t\t\t\t\t\u003c/tr\u003e\r\n\t\t\t\t\t\t\t\t\t\t\t\t\t\u003c/tbody\u003e\r\n\t\t\t\t\t\t\t\t\t\t\t\t\u003c/table\u003e\r\n\t\t\t\t\t\t\t\t\t\t\t\u003c/td\u003e\r\n\t\t\t\t\t\t\t\t\t\t\u003c/tr\u003e\r\n\t\t\t\t\t\t\t\t\t\u003c/tbody\u003e\r\n\t\t\t\t\t\t\t\t\u003c/table\u003e\r\n\t\t\t\t\t\t\t\u003c/td\u003e\r\n\t\t\t\t\t\t\u003c/tr\u003e\r\n\t\t\t\t\t\t\u003ctr\u003e\r\n\t\t\t\t\t\t\t\u003ctd valign=\"top\" id=\"templateFooter\" style=\"mso-line-height-rule: exactly;-ms-text-size-adjust: 100%;-webkit-text-size-adjust: 100%;background-color: #e9eaec;border-top: 0;border-bottom: 0;padding-top: 12px;padding-bottom: 12px;\"\u003e\r\n\t\t\t\t\t\t\t\t\u003ctable border=\"0\" cellpadding=\"0\" cellspacing=\"0\" width=\"100%\" class=\"mcnTextBlock\" style=\"min-width: 100%;border-collapse: collapse;mso-table-lspace: 0pt;mso-table-rspace: 0pt;-ms-text-size-adjust: 100%;-webkit-text-size-adjust: 100%;\"\u003e\r\n\t\t\t\t\t\t\t\t\t\u003ctbody class=\"mcnTextBlockOuter\"\u003e\r\n\t\t\t\t\t\t\t\t\t\t\u003ctr\u003e\r\n\t\t\t\t\t\t\t\t\t\t\t\u003ctd valign=\"top\" class=\"mcnTextBlockInner\" style=\"mso-line-height-rule: exactly;-ms-text-size-adjust: 100%;-webkit-text-size-adjust: 100%;\"\u003e\r\n\t\t\t\t\t\t\t\t\t\t\t\t\u003ctable align=\"left\" border=\"0\" cellpadding=\"0\" cellspacing=\"0\" width=\"100%\" style=\"min-width: 100%;border-collapse: collapse;mso-table-lspace: 0pt;mso-table-rspace: 0pt;-ms-text-size-adjust: 100%;-webkit-text-size-adjust: 100%;\" class=\"mcnTextContentContainer\"\u003e\r\n\t\t\t\t\t\t\t\t\t\t\t\t\t\u003ctbody\u003e\r\n\t\t\t\t\t\t\t\t\t\t\t\t\t\t\u003ctr\u003e\r\n\t\t\t\t\t\t\t\t\t\t\t\t\t\t\t\u003ctd valign=\"top\" class=\"mcnTextContent\" style=\"padding-top: 9px;padding-right: 18px;padding-bottom: 9px;padding-left: 18px;mso-line-height-rule: exactly;-ms-text-size-adjust: 100%;-webkit-text-size-adjust: 100%;word-break: break-word;color: #aaa;font-family: Helvetica;font-size: 12px;line-height: 150%;text-align: center;\"\u003e\r\n\r\n\t\t\t\t\t\t\t\t\t\t\t\t\t\t\t\t\u003c!-- Footer content --\u003e\r\n\t\t\t\t\t\t\t\t\t\t\t\t\t\t\t\tSent from \u003ca href=\"http://songwriter-shelter-studios.local\" style=\"color:#bbbbbb;\"\u003eThe Songwriter Shelter Recording Studios\u003c/a\u003e\r\n\t\t\t\t\t\t\t\t\t\t\t\t\t\t\t\u003c/td\u003e\r\n\t\t\t\t\t\t\t\t\t\t\t\t\t\t\u003c/tr\u003e\r\n\t\t\t\t\t\t\t\t\t\t\t\t\t\u003c/tbody\u003e\r\n\t\t\t\t\t\t\t\t\t\t\t\t\u003c/table\u003e\r\n\t\t\t\t\t\t\t\t\t\t\t\u003c/td\u003e\r\n\t\t\t\t\t\t\t\t\t\t\u003c/tr\u003e\r\n\t\t\t\t\t\t\t\t\t\u003c/tbody\u003e\r\n\t\t\t\t\t\t\t\t\u003c/table\u003e\r\n\t\t\t\t\t\t\t\u003c/td\u003e\r\n\t\t\t\t\t\t\u003c/tr\u003e\r\n\t\t\t\t\t\u003c/table\u003e\r\n\t\t\t\t\t\u003c!--[if gte mso 9]\u003e\r\n\t\t\t\t\t\u003c/td\u003e\r\n\t\t\t\t\t\u003c/tr\u003e\r\n\t\t\t\t\t\u003c/table\u003e\r\n\t\t\t\t\t\u003c![endif]--\u003e\r\n\t\t\t\t\t\u003c!-- // END TEMPLATE --\u003e\r\n\t\t\t\t\t\u003c/td\u003e\r\n\t\t\t\t\u003c/tr\u003e\r\n\t\t\t\u003c/table\u003e\r\n\t\t\u003c/center\u003e\r\n\t\u003c/body\u003e\r\n\u003c/html\u003e\r\n",
    "Size": 13850,
    "MIME": null
  },
  "Created": "2018-05-17T13:10:18.585294232Z",
  "MIME": null,
  "Raw": {
    "From": "www-data@ffb196322c52",
    "To": [
      "mailhog@flywheel.local"
    ],
    "Data": "To: max@songwritershelterstudios.com\r\nSubject: New Entry: Songwriter Shelter Studios Quote Request\r\nX-PHP-Originating-Script: 1000:class-phpmailer.php\r\nDate: Thu, 17 May 2018 13:10:18 +0000\r\nFrom: Max \u003cdev-email@flywheel.local\u003e\r\nReply-To: maxgarceau@comcast.net\r\nMessage-ID: \u003c9c4ce2ae36a8a76715f1bf8c702c3bfb@songwriter-shelter-studios.local\u003e\r\nX-Mailer: PHPMailer 5.2.22 (https://github.com/PHPMailer/PHPMailer)\r\nMIME-Version: 1.0\r\nContent-Type: text/html; charset=utf-8\r\n\r\n\u003c!doctype html\u003e\r\n\u003chtml dir=\"ltr\" xmlns=\"http://www.w3.org/1999/xhtml\" xmlns:v=\"urn:schemas-microsoft-com:vml\" xmlns:o=\"urn:schemas-microsoft-com:office:office\"\u003e\r\n\u003chead\u003e\r\n\t\u003c!--[if gte mso 15]\u003e\r\n\t\u003cxml\u003e\r\n\t\t\u003co:OfficeDocumentSettings\u003e\r\n\t\t\u003co:AllowPNG/\u003e\r\n\t\t\u003co:PixelsPerInch\u003e96\u003c/o:PixelsPerInch\u003e\r\n\t\t\u003c/o:OfficeDocumentSettings\u003e\r\n\t\u003c/xml\u003e\r\n\t\u003c![endif]--\u003e\r\n\t\u003cmeta charset=\"UTF-8\"\u003e\r\n\t\u003cmeta http-equiv=\"X-UA-Compatible\" content=\"IE=edge\"\u003e\r\n\t\u003cmeta name=\"viewport\" content=\"width=device-width, initial-scale=1\"\u003e\r\n\t\u003ctitle\u003eThe Songwriter Shelter Recording Studios\u003c/title\u003e\r\n\t\u003cstyle type=\"text/css\"\u003e\r\n\t\tp{\r\n\t\t\tmargin:10px 0;\r\n\t\t\tpadding:0;\r\n\t\t}\r\n\t\ttable{\r\n\t\t\tborder-collapse:collapse;\r\n\t\t}\r\n\t\th1,h2,h3,h4,h5,h6{\r\n\t\t\tdisplay:block;\r\n\t\t\tmargin:0;\r\n\t\t\tpadding:0;\r\n\t\t}\r\n\t\timg,a img{\r\n\t\t\tborder:0;\r\n\t\t\theight:auto;\r\n\t\t\toutline:none;\r\n\t\t\ttext-decoration:none;\r\n\t\t}\r\n\t\tbody,#bodyTable,#bodyCell{\r\n\t\t\theight:100%;\r\n\t\t\tmargin:0;\r\n\t\t\tpadding:0;\r\n\t\t\twidth:100%;\r\n\t\t}\r\n\t\t#outlook a{\r\n\t\t\tpadding:0;\r\n\t\t}\r\n\t\timg{\r\n\t\t\t-ms-interpolation-mode:bicubic;\r\n\t\t}\r\n\t\ttable{\r\n\t\t\tmso-table-lspace:0pt;\r\n\t\t\tmso-table-rspace:0pt;\r\n\t\t}\r\n\t\t.ReadMsgBody{\r\n\t\t\twidth:100%;\r\n\t\t}\r\n\t\t.ExternalClass{\r\n\t\t\twidth:100%;\r\n\t\t}\r\n\t\tp,a,li,td,blockquote{\r\n\t\t\tmso-line-height-rule:exactly;\r\n\t\t}\r\n\t\ta[href^=tel],a[href^=sms]{\r\n\t\t\tcolor:inherit;\r\n\t\t\tcursor:default;\r\n\t\t\ttext-decoration:none;\r\n\t\t}\r\n\t\tp,a,li,td,body,table,blockquote{\r\n\t\t\t-ms-text-size-adjust:100%;\r\n\t\t\t-webkit-text-size-adjust:100%;\r\n\t\t}\r\n\t\t.ExternalClass,.ExternalClass p,.ExternalClass td,.ExternalClass div,.ExternalClass span,.ExternalClass font{\r\n\t\t\tline-height:100%;\r\n\t\t}\r\n\t\ta[x-apple-data-detectors]{\r\n\t\t\tcolor:inherit !important;\r\n\t\t\ttext-decoration:none !important;\r\n\t\t\tfont-size:inherit !important;\r\n\t\t\tfont-family:inherit !important;\r\n\t\t\tfont-weight:inherit !important;\r\n\t\t\tline-height:inherit !important;\r\n\t\t}\r\n\t\t#bodyCell{\r\n\t\t\tpadding:50px 50px;\r\n\t\t}\r\n\t\t.templateContainer{\r\n\t\t\tmax-width:600px !important;\r\n\t\t\tborder:0;\r\n\t\t}\r\n\t\ta.mcnButton{\r\n\t\t\tdisplay:block;\r\n\t\t}\r\n\t\t.mcnTextContent{\r\n\t\t\tword-break:break-word;\r\n\t\t}\r\n\t\t.mcnTextContent img{\r\n\t\t\theight:auto !important;\r\n\t\t}\r\n\t\t.mcnDividerBlock{\r\n\t\t\ttable-layout:fixed !important;\r\n\t\t}\r\n\t\t/***** Make theme edits below if needed *****/\r\n\t\t/* Page - Background Style */\r\n\t\tbody,#bodyTable{\r\n\t\t\tbackground-color:#e9eaec;\r\n\t\t}\r\n\t\t/* Page - Heading 1 */\r\n\t\th1{\r\n\t\t\tcolor:#202020;\r\n\t\t\tfont-family: 'Helvetica Neue', Helvetica, Arial, 'Lucida Grande', sans-serif;\r\n\t\t\tfont-size:26px;\r\n\t\t\tfont-style:normal;\r\n\t\t\tfont-weight:bold;\r\n\t\t\tline-height:125%;\r\n\t\t\tletter-spacing:normal;\r\n\t\t}\r\n\t\t/* Page - Heading 2 */\r\n\t\th2{\r\n\t\t\tcolor:#202020;\r\n\t\t\tfont-family: 'Helvetica Neue', Helvetica, Arial, 'Lucida Grande', sans-serif;\r\n\t\t\tfont-size:22px;\r\n\t\t\tfont-style:normal;\r\n\t\t\tfont-weight:bold;\r\n\t\t\tline-height:125%;\r\n\t\t\tletter-spacing:normal;\r\n\t\t}\r\n\t\t/* Page - Heading 3 */\r\n\t\th3{\r\n\t\t\tcolor:#202020;\r\n\t\t\tfont-family: 'Helvetica Neue', Helvetica, Arial, 'Lucida Grande', sans-serif;\r\n\t\t\tfont-size:20px;\r\n\t\t\tfont-style:normal;\r\n\t\t\tfont-weight:bold;\r\n\t\t\tline-height:125%;\r\n\t\t\tletter-spacing:normal;\r\n\t\t}\r\n\t\t/* Page - Heading 4 */\r\n\t\th4{\r\n\t\t\tcolor:#202020;\r\n\t\t\tfont-family: 'Helvetica Neue', Helvetica, Arial, 'Lucida Grande', sans-serif;\r\n\t\t\tfont-size:18px;\r\n\t\t\tfont-style:normal;\r\n\t\t\tfont-weight:bold;\r\n\t\t\tline-height:125%;\r\n\t\t\tletter-spacing:normal;\r\n\t\t}\r\n\t\t/* Header - Header Style */\r\n\t\t#templateHeader{\r\n\t\t\tborder-top:0;\r\n\t\t\tborder-bottom:0;\r\n\t\t\tpadding-top:0;\r\n\t\t\tpadding-bottom:20px;\r\n\t\t\ttext-align: center;\r\n\t\t}\r\n\t\t/* Body - Body Style */\r\n\t\t#templateBody{\r\n\t\t\tbackground-color:#FFFFFF;\r\n\t\t\tborder-top:0;\r\n\t\t\tborder: 1px solid #c1c1c1;\r\n\t\t\tpadding-top:0;\r\n\t\t\tpadding-bottom:0px;\r\n\t\t}\r\n\t\t/* Body -Body Text */\r\n\t\t#templateBody .mcnTextContent,\r\n\t\t#templateBody .mcnTextContent p{\r\n\t\t\tcolor:#555555;\r\n\t\t\tfont-family: 'Helvetica Neue', Helvetica, Arial, 'Lucida Grande', sans-serif;\r\n\t\t\tfont-size:14px;\r\n\t\t\tline-height:150%;\r\n\t\t}\r\n\t\t/* Body - Body Link */\r\n\t\t#templateBody .mcnTextContent a,\r\n\t\t#templateBody .mcnTextContent p a{\r\n\t\t\tcolor:#ff7f50;\r\n\t\t\tfont-weight:normal;\r\n\t\t\ttext-decoration:underline;\r\n\t\t}\r\n\t\t/* Footer - Footer Style */\r\n\t\t#templateFooter{\r\n\t\t\tbackground-color:#e9eaec;\r\n\t\t\tborder-top:0;\r\n\t\t\tborder-bottom:0;\r\n\t\t\tpadding-top:12px;\r\n\t\t\tpadding-bottom:12px;\r\n\t\t}\r\n\t\t/* Footer - Footer Text */\r\n\t\t#templateFooter .mcnTextContent,\r\n\t\t#templateFooter .mcnTextContent p{\r\n\t\t\tcolor:#cccccc;\r\n\t\t\tfont-family: 'Helvetica Neue', Helvetica, Arial, 'Lucida Grande', sans-serif;\r\n\t\t\tfont-size:12px;\r\n\t\t\tline-height:150%;\r\n\t\t\ttext-align:center;\r\n\t\t}\r\n\t\t/* Footer - Footer Link */\r\n\t\t#templateFooter .mcnTextContent a,\r\n\t\t#templateFooter .mcnTextContent p a{\r\n\t\t\tcolor:#cccccc;\r\n\t\t\tfont-weight:normal;\r\n\t\t\ttext-decoration:underline;\r\n\t\t}\r\n\t\t@media only screen and (min-width:768px){\r\n\t\t\t.templateContainer{\r\n\t\t\t\twidth:600px !important;\r\n\t\t\t}\r\n\t\t}\r\n\t\t@media only screen and (max-width: 480px){\r\n\t\t\tbody,table,td,p,a,li,blockquote{\r\n\t\t\t\t-webkit-text-size-adjust:none !important;\r\n\t\t\t}\r\n\t\t}\r\n\t\t@media only screen and (max-width: 480px){\r\n\t\t\tbody{\r\n\t\t\t\twidth:100% !important;\r\n\t\t\t\tmin-width:100% !important;\r\n\t\t\t}\r\n\t\t}\r\n\t\t@media only screen and (max-width: 680px){\r\n\t\t\t#bodyCell{\r\n\t\t\t\tpadding:20px 20px !important;\r\n\t\t\t}\r\n\t\t}\r\n\t\t@media only screen and (max-width: 480px){\r\n\t\t\t.mcnTextContentContainer{\r\n\t\t\t\tmax-width:100% !important;\r\n\t\t\t\twidth:100% !important;\r\n\t\t\t}\r\n\t\t}\r\n\t\u003c/style\u003e\r\n\u003c/head\u003e\r\n\u003cbody style=\"height: 100%;margin: 0;padding: 0;width: 100%;-ms-text-size-adjust: 100%;-webkit-text-size-adjust: 100%;background-color: #e9eaec;\"\u003e\r\n\t\u003c!-- Don't forget to run final template through http://templates.mailchimp.com/resources/inline-css/ --\u003e\r\n\t\u003ccenter\u003e\r\n\t\t\u003ctable align=\"center\" border=\"0\" cellpadding=\"0\" cellspacing=\"0\" height=\"100%\" width=\"100%\" id=\"bodyTable\" style=\"border-collapse: collapse;mso-table-lspace: 0pt;mso-table-rspace: 0pt;-ms-text-size-adjust: 100%;-webkit-text-size-adjust: 100%;height: 100%;margin: 0;padding: 0;width: 100%;background-color: #e9eaec;\"\u003e\r\n\t\t\t\u003ctr\u003e\r\n\t\t\t\t\u003ctd align=\"center\" valign=\"top\" id=\"bodyCell\" style=\"mso-line-height-rule: exactly;-ms-text-size-adjust: 100%;-webkit-text-size-adjust: 100%;height: 100%;margin: 0;padding: 50px 50px;width: 100%;\"\u003e\r\n\t\t\t\t\t\u003c!-- BEGIN TEMPLATE // --\u003e\r\n\t\t\t\t\t\u003c!--[if gte mso 9]\u003e\r\n\t\t\t\t\t\u003ctable align=\"center\" border=\"0\" cellspacing=\"0\" cellpadding=\"0\" width=\"600\" style=\"width:600px;\"\u003e\r\n\t\t\t\t\t\u003ctr\u003e\r\n\t\t\t\t\t\u003ctd align=\"center\" valign=\"top\" width=\"600\" style=\"width:600px;\"\u003e\r\n\t\t\t\t\t\u003c![endif]--\u003e\r\n\t\t\t\t\t\u003ctable border=\"0\" cellpadding=\"0\" cellspacing=\"0\" width=\"100%\" class=\"templateContainer\" style=\"border-collapse: collapse;mso-table-lspace: 0pt;mso-table-rspace: 0pt;-ms-text-size-adjust: 100%;-webkit-text-size-adjust: 100%;border: 0;max-width: 600px !important;\"\u003e\r\n\t\t\t\t\t\t\t\t\t\t\t\t\u003ctr\u003e\r\n\t\t\t\t\t\t\t\u003ctd valign=\"top\" id=\"templateBody\" style=\"mso-line-height-rule: exactly;-ms-text-size-adjust: 100%;-webkit-text-size-adjust: 100%;background-color: #FFFFFF;border-top: 0;border: 1px solid #c1c1c1;padding-top: 0;padding-bottom: 0px;\"\u003e\r\n\t\t\t\t\t\t\t\t\u003ctable border=\"0\" cellpadding=\"0\" cellspacing=\"0\" width=\"100%\" class=\"mcnTextBlock\" style=\"min-width: 100%;border-collapse: collapse;mso-table-lspace: 0pt;mso-table-rspace: 0pt;-ms-text-size-adjust: 100%;-webkit-text-size-adjust: 100%;\"\u003e\r\n\t\t\t\t\t\t\t\t\t\u003ctbody class=\"mcnTextBlockOuter\"\u003e\r\n\t\t\t\t\t\t\t\t\t\t\u003ctr\u003e\r\n\t\t\t\t\t\t\t\t\t\t\t\u003ctd valign=\"top\" class=\"mcnTextBlockInner\" style=\"mso-line-height-rule: exactly;-ms-text-size-adjust: 100%;-webkit-text-size-adjust: 100%;\"\u003e\r\n\t\t\t\t\t\t\t\t\t\t\t\t\u003ctable align=\"left\" border=\"0\" cellpadding=\"0\" cellspacing=\"0\" width=\"100%\" style=\"min-width: 100%;border-collapse: collapse;mso-table-lspace: 0pt;mso-table-rspace: 0pt;-ms-text-size-adjust: 100%;-webkit-text-size-adjust: 100%;\" class=\"mcnTextContentContainer\"\u003e\r\n\t\t\t\t\t\t\t\t\t\t\t\t\t\u003ctbody\u003e\r\n\t\t\t\t\t\t\t\t\t\t\t\t\t\t\u003ctr\u003e\r\n\t\t\t\t\t\t\t\t\t\t\t\t\t\t\t\u003ctd valign=\"top\" style=\"padding-top: 30px;padding-right: 30px;padding-bottom: 30px;padding-left: 30px;\" class=\"mcnTextContent\"\u003e\r\n\u003ctable align=\"left\" border=\"0\" cellpadding=\"0\" cellspacing=\"0\" width=\"100%\" style=\" display:block;min-width: 100%;border-collapse: collapse;width:100%;\"\u003e\r\n\u003ctbody\u003e\r\n\u003ctr\u003e\r\n\u003ctd style=\"color:#333333;padding-top: 20px;padding-bottom: 3px;\"\u003e\u003cstrong\u003eArtist/Band Name\u003c/strong\u003e\u003c/td\u003e\r\n\u003c/tr\u003e\r\n\u003ctr\u003e\r\n\u003ctd style=\"color:#555555;padding-top: 3px;padding-bottom: 20px;\"\u003eMax\u003c/td\u003e\r\n\u003c/tr\u003e\r\n\u003c/tbody\u003e\r\n\u003c/table\u003e\r\n\u003ctable align=\"left\" border=\"0\" cellpadding=\"0\" cellspacing=\"0\" width=\"100%\" style=\"border-top:1px solid #dddddd; display:block;min-width: 100%;border-collapse: collapse;width:100%;\"\u003e\r\n\u003ctbody\u003e\r\n\u003ctr\u003e\r\n\u003ctd style=\"color:#333333;padding-top: 20px;padding-bottom: 3px;\"\u003e\u003cstrong\u003eEmail Address\u003c/strong\u003e\u003c/td\u003e\r\n\u003c/tr\u003e\r\n\u003ctr\u003e\r\n\u003ctd style=\"color:#555555;padding-top: 3px;padding-bottom: 20px;\"\u003e\u003ca href=\"mailto:maxgarceau@comcast.net\"\u003emaxgarceau@comcast.net\u003c/a\u003e\u003c/td\u003e\r\n\u003c/tr\u003e\r\n\u003c/tbody\u003e\r\n\u003c/table\u003e\r\n\u003ctable align=\"left\" border=\"0\" cellpadding=\"0\" cellspacing=\"0\" width=\"100%\" style=\"border-top:1px solid #dddddd; display:block;min-width: 100%;border-collapse: collapse;width:100%;\"\u003e\r\n\u003ctbody\u003e\r\n\u003ctr\u003e\r\n\u003ctd style=\"color:#333333;padding-top: 20px;padding-bottom: 3px;\"\u003e\u003cstrong\u003eContact Name\u003c/strong\u003e\u003c/td\u003e\r\n\u003c/tr\u003e\r\n\u003ctr\u003e\r\n\u003ctd style=\"color:#555555;padding-top: 3px;padding-bottom: 20px;\"\u003eMaxwell\u003c/td\u003e\r\n\u003c/tr\u003e\r\n\u003c/tbody\u003e\r\n\u003c/table\u003e\r\n\u003ctable align=\"left\" border=\"0\" cellpadding=\"0\" cellspacing=\"0\" width=\"100%\" style=\"border-top:1px solid #dddddd; display:block;min-width: 100%;border-collapse: collapse;width:100%;\"\u003e\r\n\u003ctbody\u003e\r\n\u003ctr\u003e\r\n\u003ctd style=\"color:#333333;padding-top: 20px;padding-bottom: 3px;\"\u003e\u003cstrong\u003eLocation (City, State)\u003c/strong\u003e\u003c/td\u003e\r\n\u003c/tr\u003e\r\n\u003ctr\u003e\r\n\u003ctd style=\"color:#555555;padding-top: 3px;padding-bottom: 20px;\"\u003eNashville\u003c/td\u003e\r\n\u003c/tr\u003e\r\n\u003c/tbody\u003e\r\n\u003c/table\u003e\r\n\u003ctable align=\"left\" border=\"0\" cellpadding=\"0\" cellspacing=\"0\" width=\"100%\" style=\"border-top:1px solid #dddddd; display:block;min-width: 100%;border-collapse: collapse;width:100%;\"\u003e\r\n\u003ctbody\u003e\r\n\u003ctr\u003e\r\n\u003ctd style=\"color:#333333;padding-top: 20px;padding-bottom: 3px;\"\u003e\u003cstrong\u003eGenre\u003c/strong\u003e\u003c/td\u003e\r\n\u003c/tr\u003e\r\n\u003ctr\u003e\r\n\u003ctd style=\"color:#555555;padding-top: 3px;padding-bottom: 20px;\"\u003eYour Mom\u003c/td\u003e\r\n\u003c/tr\u003e\r\n\u003c/tbody\u003e\r\n\u003c/table\u003e\r\n\u003ctable align=\"left\" border=\"0\" cellpadding=\"0\" cellspacing=\"0\" width=\"100%\" style=\"border-top:1px solid #dddddd; display:block;min-width: 100%;border-collapse: collapse;width:100%;\"\u003e\r\n\u003ctbody\u003e\r\n\u003ctr\u003e\r\n\u003ctd style=\"color:#333333;padding-top: 20px;padding-bottom: 3px;\"\u003e\u003cstrong\u003eProject Needs\u003c/strong\u003e\u003c/td\u003e\r\n\u003c/tr\u003e\r\n\u003ctr\u003e\r\n\u003ctd style=\"color:#555555;padding-top: 3px;padding-bottom: 20px;\"\u003eMastering\u003cbr /\u003e\r\nEditing\u003c/td\u003e\r\n\u003c/tr\u003e\r\n\u003c/tbody\u003e\r\n\u003c/table\u003e\r\n\u003ctable align=\"left\" border=\"0\" cellpadding=\"0\" cellspacing=\"0\" width=\"100%\" style=\"border-top:1px solid #dddddd; display:block;min-width: 100%;border-collapse: collapse;width:100%;\"\u003e\r\n\u003ctbody\u003e\r\n\u003ctr\u003e\r\n\u003ctd style=\"color:#333333;padding-top: 20px;padding-bottom: 3px;\"\u003e\u003cstrong\u003eBudget\u003c/strong\u003e\u003c/td\u003e\r\n\u003c/tr\u003e\r\n\u003ctr\u003e\r\n\u003ctd style=\"color:#555555;padding-top: 3px;padding-bottom: 20px;\"\u003e0\u003c/td\u003e\r\n\u003c/tr\u003e\r\n\u003c/tbody\u003e\r\n\u003c/table\u003e\r\n\u003ctable align=\"left\" border=\"0\" cellpadding=\"0\" cellspacing=\"0\" width=\"100%\" style=\"border-top:1px solid #dddddd; display:block;min-width: 100%;border-collapse: collapse;width:100%;\"\u003e\r\n\u003ctbody\u003e\r\n\u003ctr\u003e\r\n\u003ctd style=\"color:#333333;padding-top: 20px;padding-bottom: 3px;\"\u003e\u003cstrong\u003eNumber of Songs\u003c/strong\u003e\u003c/td\u003e\r\n\u003c/tr\u003e\r\n\u003ctr\u003e\r\n\u003ctd style=\"color:#555555;padding-top: 3px;padding-bottom: 20px;\"\u003e100\u003c/td\u003e\r\n\u003c/tr\u003e\r\n\u003c/tbody\u003e\r\n\u003c/table\u003e\r\n\t\t\t\t\t\t\t\t\t\t\t\t\t\t\t\u003c/td\u003e\r\n\t\t\t\t\t\t\t\t\t\t\t\t\t\t\u003c/tr\u003e\r\n\t\t\t\t\t\t\t\t\t\t\t\t\t\u003c/tbody\u003e\r\n\t\t\t\t\t\t\t\t\t\t\t\t\u003c/table\u003e\r\n\t\t\t\t\t\t\t\t\t\t\t\u003c/td\u003e\r\n\t\t\t\t\t\t\t\t\t\t\u003c/tr\u003e\r\n\t\t\t\t\t\t\t\t\t\u003c/tbody\u003e\r\n\t\t\t\t\t\t\t\t\u003c/table\u003e\r\n\t\t\t\t\t\t\t\u003c/td\u003e\r\n\t\t\t\t\t\t\u003c/tr\u003e\r\n\t\t\t\t\t\t\u003ctr\u003e\r\n\t\t\t\t\t\t\t\u003ctd valign=\"top\" id=\"templateFooter\" style=\"mso-line-height-rule: exactly;-ms-text-size-adjust: 100%;-webkit-text-size-adjust: 100%;background-color: #e9eaec;border-top: 0;border-bottom: 0;padding-top: 12px;padding-bottom: 12px;\"\u003e\r\n\t\t\t\t\t\t\t\t\u003ctable border=\"0\" cellpadding=\"0\" cellspacing=\"0\" width=\"100%\" class=\"mcnTextBlock\" style=\"min-width: 100%;border-collapse: collapse;mso-table-lspace: 0pt;mso-table-rspace: 0pt;-ms-text-size-adjust: 100%;-webkit-text-size-adjust: 100%;\"\u003e\r\n\t\t\t\t\t\t\t\t\t\u003ctbody class=\"mcnTextBlockOuter\"\u003e\r\n\t\t\t\t\t\t\t\t\t\t\u003ctr\u003e\r\n\t\t\t\t\t\t\t\t\t\t\t\u003ctd valign=\"top\" class=\"mcnTextBlockInner\" style=\"mso-line-height-rule: exactly;-ms-text-size-adjust: 100%;-webkit-text-size-adjust: 100%;\"\u003e\r\n\t\t\t\t\t\t\t\t\t\t\t\t\u003ctable align=\"left\" border=\"0\" cellpadding=\"0\" cellspacing=\"0\" width=\"100%\" style=\"min-width: 100%;border-collapse: collapse;mso-table-lspace: 0pt;mso-table-rspace: 0pt;-ms-text-size-adjust: 100%;-webkit-text-size-adjust: 100%;\" class=\"mcnTextContentContainer\"\u003e\r\n\t\t\t\t\t\t\t\t\t\t\t\t\t\u003ctbody\u003e\r\n\t\t\t\t\t\t\t\t\t\t\t\t\t\t\u003ctr\u003e\r\n\t\t\t\t\t\t\t\t\t\t\t\t\t\t\t\u003ctd valign=\"top\" class=\"mcnTextContent\" style=\"padding-top: 9px;padding-right: 18px;padding-bottom: 9px;padding-left: 18px;mso-line-height-rule: exactly;-ms-text-size-adjust: 100%;-webkit-text-size-adjust: 100%;word-break: break-word;color: #aaa;font-family: Helvetica;font-size: 12px;line-height: 150%;text-align: center;\"\u003e\r\n\r\n\t\t\t\t\t\t\t\t\t\t\t\t\t\t\t\t\u003c!-- Footer content --\u003e\r\n\t\t\t\t\t\t\t\t\t\t\t\t\t\t\t\tSent from \u003ca href=\"http://songwriter-shelter-studios.local\" style=\"color:#bbbbbb;\"\u003eThe Songwriter Shelter Recording Studios\u003c/a\u003e\r\n\t\t\t\t\t\t\t\t\t\t\t\t\t\t\t\u003c/td\u003e\r\n\t\t\t\t\t\t\t\t\t\t\t\t\t\t\u003c/tr\u003e\r\n\t\t\t\t\t\t\t\t\t\t\t\t\t\u003c/tbody\u003e\r\n\t\t\t\t\t\t\t\t\t\t\t\t\u003c/table\u003e\r\n\t\t\t\t\t\t\t\t\t\t\t\u003c/td\u003e\r\n\t\t\t\t\t\t\t\t\t\t\u003c/tr\u003e\r\n\t\t\t\t\t\t\t\t\t\u003c/tbody\u003e\r\n\t\t\t\t\t\t\t\t\u003c/table\u003e\r\n\t\t\t\t\t\t\t\u003c/td\u003e\r\n\t\t\t\t\t\t\u003c/tr\u003e\r\n\t\t\t\t\t\u003c/table\u003e\r\n\t\t\t\t\t\u003c!--[if gte mso 9]\u003e\r\n\t\t\t\t\t\u003c/td\u003e\r\n\t\t\t\t\t\u003c/tr\u003e\r\n\t\t\t\t\t\u003c/table\u003e\r\n\t\t\t\t\t\u003c![endif]--\u003e\r\n\t\t\t\t\t\u003c!-- // END TEMPLATE --\u003e\r\n\t\t\t\t\t\u003c/td\u003e\r\n\t\t\t\t\u003c/tr\u003e\r\n\t\t\t\u003c/table\u003e\r\n\t\t\u003c/center\u003e\r\n\t\u003c/body\u003e\r\n\u003c/html\u003e\r\n",
    "Helo": "localhost"
  }
}

[APIv1] BROADCAST /api/v1/events
[APIv1] KEEPALIVE /api/v1/events
[APIv1] KEEPALIVE /api/v1/events
[APIv1] KEEPALIVE /api/v1/events
[APIv1] KEEPALIVE /api/v1/events
[APIv1] KEEPALIVE /api/v1/events
[APIv1] KEEPALIVE /api/v1/events
Got message in APIv2 websocket channel
[APIv2] BROADCAST /api/v2/websocket
Got message in APIv1 event stream
Sending content: {
  "ID": "A-0u7jD6U5z9zsYxrwWayvTAAGBmXiQUydb239wm2ow=@mailhog.example",
  "From": {
    "Relays": null,
    "Mailbox": "www-data",
    "Domain": "ffb196322c52",
    "Params": ""
  },
  "To": [
    {
      "Relays": null,
      "Mailbox": "mailhog",
      "Domain": "flywheel.local",
      "Params": ""
    }
  ],
  "Content": {
    "Headers": {
      "Content-Type": [
        "text/html; charset=utf-8"
      ],
      "Date": [
        "Thu, 17 May 2018 13:16:22 +0000"
      ],
      "From": [
        "Max \u003cdev-email@flywheel.local\u003e"
      ],
      "MIME-Version": [
        "1.0"
      ],
      "Message-ID": [
        "\u003c6dcf8e44824201d4d826528f36beaa17@songwriter-shelter-studios.local\u003e"
      ],
      "Received": [
        "from localhost by mailhog.example (MailHog)\r\n          id A-0u7jD6U5z9zsYxrwWayvTAAGBmXiQUydb239wm2ow=@mailhog.example; Thu, 17 May 2018 13:16:22 +0000"
      ],
      "Reply-To": [
        "maxgarceau@comcast.net"
      ],
      "Return-Path": [
        "\u003cwww-data@ffb196322c52\u003e"
      ],
      "Subject": [
        "New Entry: Songwriter Shelter Studios Quote Request"
      ],
      "To": [
        "max@songwritershelterstudios.com"
      ],
      "X-Mailer": [
        "PHPMailer 5.2.22 (https://github.com/PHPMailer/PHPMailer)"
      ],
      "X-PHP-Originating-Script": [
        "1000:class-phpmailer.php"
      ]
    },
    "Body": "\u003c!doctype html\u003e\r\n\u003chtml dir=\"ltr\" xmlns=\"http://www.w3.org/1999/xhtml\" xmlns:v=\"urn:schemas-microsoft-com:vml\" xmlns:o=\"urn:schemas-microsoft-com:office:office\"\u003e\r\n\u003chead\u003e\r\n\t\u003c!--[if gte mso 15]\u003e\r\n\t\u003cxml\u003e\r\n\t\t\u003co:OfficeDocumentSettings\u003e\r\n\t\t\u003co:AllowPNG/\u003e\r\n\t\t\u003co:PixelsPerInch\u003e96\u003c/o:PixelsPerInch\u003e\r\n\t\t\u003c/o:OfficeDocumentSettings\u003e\r\n\t\u003c/xml\u003e\r\n\t\u003c![endif]--\u003e\r\n\t\u003cmeta charset=\"UTF-8\"\u003e\r\n\t\u003cmeta http-equiv=\"X-UA-Compatible\" content=\"IE=edge\"\u003e\r\n\t\u003cmeta name=\"viewport\" content=\"width=device-width, initial-scale=1\"\u003e\r\n\t\u003ctitle\u003eThe Songwriter Shelter Recording Studios\u003c/title\u003e\r\n\t\u003cstyle type=\"text/css\"\u003e\r\n\t\tp{\r\n\t\t\tmargin:10px 0;\r\n\t\t\tpadding:0;\r\n\t\t}\r\n\t\ttable{\r\n\t\t\tborder-collapse:collapse;\r\n\t\t}\r\n\t\th1,h2,h3,h4,h5,h6{\r\n\t\t\tdisplay:block;\r\n\t\t\tmargin:0;\r\n\t\t\tpadding:0;\r\n\t\t}\r\n\t\timg,a img{\r\n\t\t\tborder:0;\r\n\t\t\theight:auto;\r\n\t\t\toutline:none;\r\n\t\t\ttext-decoration:none;\r\n\t\t}\r\n\t\tbody,#bodyTable,#bodyCell{\r\n\t\t\theight:100%;\r\n\t\t\tmargin:0;\r\n\t\t\tpadding:0;\r\n\t\t\twidth:100%;\r\n\t\t}\r\n\t\t#outlook a{\r\n\t\t\tpadding:0;\r\n\t\t}\r\n\t\timg{\r\n\t\t\t-ms-interpolation-mode:bicubic;\r\n\t\t}\r\n\t\ttable{\r\n\t\t\tmso-table-lspace:0pt;\r\n\t\t\tmso-table-rspace:0pt;\r\n\t\t}\r\n\t\t.ReadMsgBody{\r\n\t\t\twidth:100%;\r\n\t\t}\r\n\t\t.ExternalClass{\r\n\t\t\twidth:100%;\r\n\t\t}\r\n\t\tp,a,li,td,blockquote{\r\n\t\t\tmso-line-height-rule:exactly;\r\n\t\t}\r\n\t\ta[href^=tel],a[href^=sms]{\r\n\t\t\tcolor:inherit;\r\n\t\t\tcursor:default;\r\n\t\t\ttext-decoration:none;\r\n\t\t}\r\n\t\tp,a,li,td,body,table,blockquote{\r\n\t\t\t-ms-text-size-adjust:100%;\r\n\t\t\t-webkit-text-size-adjust:100%;\r\n\t\t}\r\n\t\t.ExternalClass,.ExternalClass p,.ExternalClass td,.ExternalClass div,.ExternalClass span,.ExternalClass font{\r\n\t\t\tline-height:100%;\r\n\t\t}\r\n\t\ta[x-apple-data-detectors]{\r\n\t\t\tcolor:inherit !important;\r\n\t\t\ttext-decoration:none !important;\r\n\t\t\tfont-size:inherit !important;\r\n\t\t\tfont-family:inherit !important;\r\n\t\t\tfont-weight:inherit !important;\r\n\t\t\tline-height:inherit !important;\r\n\t\t}\r\n\t\t#bodyCell{\r\n\t\t\tpadding:50px 50px;\r\n\t\t}\r\n\t\t.templateContainer{\r\n\t\t\tmax-width:600px !important;\r\n\t\t\tborder:0;\r\n\t\t}\r\n\t\ta.mcnButton{\r\n\t\t\tdisplay:block;\r\n\t\t}\r\n\t\t.mcnTextContent{\r\n\t\t\tword-break:break-word;\r\n\t\t}\r\n\t\t.mcnTextContent img{\r\n\t\t\theight:auto !important;\r\n\t\t}\r\n\t\t.mcnDividerBlock{\r\n\t\t\ttable-layout:fixed !important;\r\n\t\t}\r\n\t\t/***** Make theme edits below if needed *****/\r\n\t\t/* Page - Background Style */\r\n\t\tbody,#bodyTable{\r\n\t\t\tbackground-color:#e9eaec;\r\n\t\t}\r\n\t\t/* Page - Heading 1 */\r\n\t\th1{\r\n\t\t\tcolor:#202020;\r\n\t\t\tfont-family: 'Helvetica Neue', Helvetica, Arial, 'Lucida Grande', sans-serif;\r\n\t\t\tfont-size:26px;\r\n\t\t\tfont-style:normal;\r\n\t\t\tfont-weight:bold;\r\n\t\t\tline-height:125%;\r\n\t\t\tletter-spacing:normal;\r\n\t\t}\r\n\t\t/* Page - Heading 2 */\r\n\t\th2{\r\n\t\t\tcolor:#202020;\r\n\t\t\tfont-family: 'Helvetica Neue', Helvetica, Arial, 'Lucida Grande', sans-serif;\r\n\t\t\tfont-size:22px;\r\n\t\t\tfont-style:normal;\r\n\t\t\tfont-weight:bold;\r\n\t\t\tline-height:125%;\r\n\t\t\tletter-spacing:normal;\r\n\t\t}\r\n\t\t/* Page - Heading 3 */\r\n\t\th3{\r\n\t\t\tcolor:#202020;\r\n\t\t\tfont-family: 'Helvetica Neue', Helvetica, Arial, 'Lucida Grande', sans-serif;\r\n\t\t\tfont-size:20px;\r\n\t\t\tfont-style:normal;\r\n\t\t\tfont-weight:bold;\r\n\t\t\tline-height:125%;\r\n\t\t\tletter-spacing:normal;\r\n\t\t}\r\n\t\t/* Page - Heading 4 */\r\n\t\th4{\r\n\t\t\tcolor:#202020;\r\n\t\t\tfont-family: 'Helvetica Neue', Helvetica, Arial, 'Lucida Grande', sans-serif;\r\n\t\t\tfont-size:18px;\r\n\t\t\tfont-style:normal;\r\n\t\t\tfont-weight:bold;\r\n\t\t\tline-height:125%;\r\n\t\t\tletter-spacing:normal;\r\n\t\t}\r\n\t\t/* Header - Header Style */\r\n\t\t#templateHeader{\r\n\t\t\tborder-top:0;\r\n\t\t\tborder-bottom:0;\r\n\t\t\tpadding-top:0;\r\n\t\t\tpadding-bottom:20px;\r\n\t\t\ttext-align: center;\r\n\t\t}\r\n\t\t/* Body - Body Style */\r\n\t\t#templateBody{\r\n\t\t\tbackground-color:#FFFFFF;\r\n\t\t\tborder-top:0;\r\n\t\t\tborder: 1px solid #c1c1c1;\r\n\t\t\tpadding-top:0;\r\n\t\t\tpadding-bottom:0px;\r\n\t\t}\r\n\t\t/* Body -Body Text */\r\n\t\t#templateBody .mcnTextContent,\r\n\t\t#templateBody .mcnTextContent p{\r\n\t\t\tcolor:#555555;\r\n\t\t\tfont-family: 'Helvetica Neue', Helvetica, Arial, 'Lucida Grande', sans-serif;\r\n\t\t\tfont-size:14px;\r\n\t\t\tline-height:150%;\r\n\t\t}\r\n\t\t/* Body - Body Link */\r\n\t\t#templateBody .mcnTextContent a,\r\n\t\t#templateBody .mcnTextContent p a{\r\n\t\t\tcolor:#ff7f50;\r\n\t\t\tfont-weight:normal;\r\n\t\t\ttext-decoration:underline;\r\n\t\t}\r\n\t\t/* Footer - Footer Style */\r\n\t\t#templateFooter{\r\n\t\t\tbackground-color:#e9eaec;\r\n\t\t\tborder-top:0;\r\n\t\t\tborder-bottom:0;\r\n\t\t\tpadding-top:12px;\r\n\t\t\tpadding-bottom:12px;\r\n\t\t}\r\n\t\t/* Footer - Footer Text */\r\n\t\t#templateFooter .mcnTextContent,\r\n\t\t#templateFooter .mcnTextContent p{\r\n\t\t\tcolor:#cccccc;\r\n\t\t\tfont-family: 'Helvetica Neue', Helvetica, Arial, 'Lucida Grande', sans-serif;\r\n\t\t\tfont-size:12px;\r\n\t\t\tline-height:150%;\r\n\t\t\ttext-align:center;\r\n\t\t}\r\n\t\t/* Footer - Footer Link */\r\n\t\t#templateFooter .mcnTextContent a,\r\n\t\t#templateFooter .mcnTextContent p a{\r\n\t\t\tcolor:#cccccc;\r\n\t\t\tfont-weight:normal;\r\n\t\t\ttext-decoration:underline;\r\n\t\t}\r\n\t\t@media only screen and (min-width:768px){\r\n\t\t\t.templateContainer{\r\n\t\t\t\twidth:600px !important;\r\n\t\t\t}\r\n\t\t}\r\n\t\t@media only screen and (max-width: 480px){\r\n\t\t\tbody,table,td,p,a,li,blockquote{\r\n\t\t\t\t-webkit-text-size-adjust:none !important;\r\n\t\t\t}\r\n\t\t}\r\n\t\t@media only screen and (max-width: 480px){\r\n\t\t\tbody{\r\n\t\t\t\twidth:100% !important;\r\n\t\t\t\tmin-width:100% !important;\r\n\t\t\t}\r\n\t\t}\r\n\t\t@media only screen and (max-width: 680px){\r\n\t\t\t#bodyCell{\r\n\t\t\t\tpadding:20px 20px !important;\r\n\t\t\t}\r\n\t\t}\r\n\t\t@media only screen and (max-width: 480px){\r\n\t\t\t.mcnTextContentContainer{\r\n\t\t\t\tmax-width:100% !important;\r\n\t\t\t\twidth:100% !important;\r\n\t\t\t}\r\n\t\t}\r\n\t\u003c/style\u003e\r\n\u003c/head\u003e\r\n\u003cbody style=\"height: 100%;margin: 0;padding: 0;width: 100%;-ms-text-size-adjust: 100%;-webkit-text-size-adjust: 100%;background-color: #e9eaec;\"\u003e\r\n\t\u003c!-- Don't forget to run final template through http://templates.mailchimp.com/resources/inline-css/ --\u003e\r\n\t\u003ccenter\u003e\r\n\t\t\u003ctable align=\"center\" border=\"0\" cellpadding=\"0\" cellspacing=\"0\" height=\"100%\" width=\"100%\" id=\"bodyTable\" style=\"border-collapse: collapse;mso-table-lspace: 0pt;mso-table-rspace: 0pt;-ms-text-size-adjust: 100%;-webkit-text-size-adjust: 100%;height: 100%;margin: 0;padding: 0;width: 100%;background-color: #e9eaec;\"\u003e\r\n\t\t\t\u003ctr\u003e\r\n\t\t\t\t\u003ctd align=\"center\" valign=\"top\" id=\"bodyCell\" style=\"mso-line-height-rule: exactly;-ms-text-size-adjust: 100%;-webkit-text-size-adjust: 100%;height: 100%;margin: 0;padding: 50px 50px;width: 100%;\"\u003e\r\n\t\t\t\t\t\u003c!-- BEGIN TEMPLATE // --\u003e\r\n\t\t\t\t\t\u003c!--[if gte mso 9]\u003e\r\n\t\t\t\t\t\u003ctable align=\"center\" border=\"0\" cellspacing=\"0\" cellpadding=\"0\" width=\"600\" style=\"width:600px;\"\u003e\r\n\t\t\t\t\t\u003ctr\u003e\r\n\t\t\t\t\t\u003ctd align=\"center\" valign=\"top\" width=\"600\" style=\"width:600px;\"\u003e\r\n\t\t\t\t\t\u003c![endif]--\u003e\r\n\t\t\t\t\t\u003ctable border=\"0\" cellpadding=\"0\" cellspacing=\"0\" width=\"100%\" class=\"templateContainer\" style=\"border-collapse: collapse;mso-table-lspace: 0pt;mso-table-rspace: 0pt;-ms-text-size-adjust: 100%;-webkit-text-size-adjust: 100%;border: 0;max-width: 600px !important;\"\u003e\r\n\t\t\t\t\t\t\t\t\t\t\t\t\u003ctr\u003e\r\n\t\t\t\t\t\t\t\u003ctd valign=\"top\" id=\"templateBody\" style=\"mso-line-height-rule: exactly;-ms-text-size-adjust: 100%;-webkit-text-size-adjust: 100%;background-color: #FFFFFF;border-top: 0;border: 1px solid #c1c1c1;padding-top: 0;padding-bottom: 0px;\"\u003e\r\n\t\t\t\t\t\t\t\t\u003ctable border=\"0\" cellpadding=\"0\" cellspacing=\"0\" width=\"100%\" class=\"mcnTextBlock\" style=\"min-width: 100%;border-collapse: collapse;mso-table-lspace: 0pt;mso-table-rspace: 0pt;-ms-text-size-adjust: 100%;-webkit-text-size-adjust: 100%;\"\u003e\r\n\t\t\t\t\t\t\t\t\t\u003ctbody class=\"mcnTextBlockOuter\"\u003e\r\n\t\t\t\t\t\t\t\t\t\t\u003ctr\u003e\r\n\t\t\t\t\t\t\t\t\t\t\t\u003ctd valign=\"top\" class=\"mcnTextBlockInner\" style=\"mso-line-height-rule: exactly;-ms-text-size-adjust: 100%;-webkit-text-size-adjust: 100%;\"\u003e\r\n\t\t\t\t\t\t\t\t\t\t\t\t\u003ctable align=\"left\" border=\"0\" cellpadding=\"0\" cellspacing=\"0\" width=\"100%\" style=\"min-width: 100%;border-collapse: collapse;mso-table-lspace: 0pt;mso-table-rspace: 0pt;-ms-text-size-adjust: 100%;-webkit-text-size-adjust: 100%;\" class=\"mcnTextContentContainer\"\u003e\r\n\t\t\t\t\t\t\t\t\t\t\t\t\t\u003ctbody\u003e\r\n\t\t\t\t\t\t\t\t\t\t\t\t\t\t\u003ctr\u003e\r\n\t\t\t\t\t\t\t\t\t\t\t\t\t\t\t\u003ctd valign=\"top\" style=\"padding-top: 30px;padding-right: 30px;padding-bottom: 30px;padding-left: 30px;\" class=\"mcnTextContent\"\u003e\r\n\u003ctable align=\"left\" border=\"0\" cellpadding=\"0\" cellspacing=\"0\" width=\"100%\" style=\" display:block;min-width: 100%;border-collapse: collapse;width:100%;\"\u003e\r\n\u003ctbody\u003e\r\n\u003ctr\u003e\r\n\u003ctd style=\"color:#333333;padding-top: 20px;padding-bottom: 3px;\"\u003e\u003cstrong\u003eArtist/Band Name\u003c/strong\u003e\u003c/td\u003e\r\n\u003c/tr\u003e\r\n\u003ctr\u003e\r\n\u003ctd style=\"color:#555555;padding-top: 3px;padding-bottom: 20px;\"\u003eMax\u003c/td\u003e\r\n\u003c/tr\u003e\r\n\u003c/tbody\u003e\r\n\u003c/table\u003e\r\n\u003ctable align=\"left\" border=\"0\" cellpadding=\"0\" cellspacing=\"0\" width=\"100%\" style=\"border-top:1px solid #dddddd; display:block;min-width: 100%;border-collapse: collapse;width:100%;\"\u003e\r\n\u003ctbody\u003e\r\n\u003ctr\u003e\r\n\u003ctd style=\"color:#333333;padding-top: 20px;padding-bottom: 3px;\"\u003e\u003cstrong\u003eEmail Address\u003c/strong\u003e\u003c/td\u003e\r\n\u003c/tr\u003e\r\n\u003ctr\u003e\r\n\u003ctd style=\"color:#555555;padding-top: 3px;padding-bottom: 20px;\"\u003e\u003ca href=\"mailto:maxgarceau@comcast.net\"\u003emaxgarceau@comcast.net\u003c/a\u003e\u003c/td\u003e\r\n\u003c/tr\u003e\r\n\u003c/tbody\u003e\r\n\u003c/table\u003e\r\n\u003ctable align=\"left\" border=\"0\" cellpadding=\"0\" cellspacing=\"0\" width=\"100%\" style=\"border-top:1px solid #dddddd; display:block;min-width: 100%;border-collapse: collapse;width:100%;\"\u003e\r\n\u003ctbody\u003e\r\n\u003ctr\u003e\r\n\u003ctd style=\"color:#333333;padding-top: 20px;padding-bottom: 3px;\"\u003e\u003cstrong\u003eContact Name\u003c/strong\u003e\u003c/td\u003e\r\n\u003c/tr\u003e\r\n\u003ctr\u003e\r\n\u003ctd style=\"color:#555555;padding-top: 3px;padding-bottom: 20px;\"\u003eMaxwell\u003c/td\u003e\r\n\u003c/tr\u003e\r\n\u003c/tbody\u003e\r\n\u003c/table\u003e\r\n\u003ctable align=\"left\" border=\"0\" cellpadding=\"0\" cellspacing=\"0\" width=\"100%\" style=\"border-top:1px solid #dddddd; display:block;min-width: 100%;border-collapse: collapse;width:100%;\"\u003e\r\n\u003ctbody\u003e\r\n\u003ctr\u003e\r\n\u003ctd style=\"color:#333333;padding-top: 20px;padding-bottom: 3px;\"\u003e\u003cstrong\u003eLocation (City, State)\u003c/strong\u003e\u003c/td\u003e\r\n\u003c/tr\u003e\r\n\u003ctr\u003e\r\n\u003ctd style=\"color:#555555;padding-top: 3px;padding-bottom: 20px;\"\u003eNashville\u003c/td\u003e\r\n\u003c/tr\u003e\r\n\u003c/tbody\u003e\r\n\u003c/table\u003e\r\n\u003ctable align=\"left\" border=\"0\" cellpadding=\"0\" cellspacing=\"0\" width=\"100%\" style=\"border-top:1px solid #dddddd; display:block;min-width: 100%;border-collapse: collapse;width:100%;\"\u003e\r\n\u003ctbody\u003e\r\n\u003ctr\u003e\r\n\u003ctd style=\"color:#333333;padding-top: 20px;padding-bottom: 3px;\"\u003e\u003cstrong\u003eGenre\u003c/strong\u003e\u003c/td\u003e\r\n\u003c/tr\u003e\r\n\u003ctr\u003e\r\n\u003ctd style=\"color:#555555;padding-top: 3px;padding-bottom: 20px;\"\u003eYour Mom\u003c/td\u003e\r\n\u003c/tr\u003e\r\n\u003c/tbody\u003e\r\n\u003c/table\u003e\r\n\u003ctable align=\"left\" border=\"0\" cellpadding=\"0\" cellspacing=\"0\" width=\"100%\" style=\"border-top:1px solid #dddddd; display:block;min-width: 100%;border-collapse: collapse;width:100%;\"\u003e\r\n\u003ctbody\u003e\r\n\u003ctr\u003e\r\n\u003ctd style=\"color:#333333;padding-top: 20px;padding-bottom: 3px;\"\u003e\u003cstrong\u003eProject Needs\u003c/strong\u003e\u003c/td\u003e\r\n\u003c/tr\u003e\r\n\u003ctr\u003e\r\n\u003ctd style=\"color:#555555;padding-top: 3px;padding-bottom: 20px;\"\u003eMastering\u003cbr /\u003e\r\nEditing\u003c/td\u003e\r\n\u003c/tr\u003e\r\n\u003c/tbody\u003e\r\n\u003c/table\u003e\r\n\u003ctable align=\"left\" border=\"0\" cellpadding=\"0\" cellspacing=\"0\" width=\"100%\" style=\"border-top:1px solid #dddddd; display:block;min-width: 100%;border-collapse: collapse;width:100%;\"\u003e\r\n\u003ctbody\u003e\r\n\u003ctr\u003e\r\n\u003ctd style=\"color:#333333;padding-top: 20px;padding-bottom: 3px;\"\u003e\u003cstrong\u003eBudget\u003c/strong\u003e\u003c/td\u003e\r\n\u003c/tr\u003e\r\n\u003ctr\u003e\r\n\u003ctd style=\"color:#555555;padding-top: 3px;padding-bottom: 20px;\"\u003e0\u003c/td\u003e\r\n\u003c/tr\u003e\r\n\u003c/tbody\u003e\r\n\u003c/table\u003e\r\n\u003ctable align=\"left\" border=\"0\" cellpadding=\"0\" cellspacing=\"0\" width=\"100%\" style=\"border-top:1px solid #dddddd; display:block;min-width: 100%;border-collapse: collapse;width:100%;\"\u003e\r\n\u003ctbody\u003e\r\n\u003ctr\u003e\r\n\u003ctd style=\"color:#333333;padding-top: 20px;padding-bottom: 3px;\"\u003e\u003cstrong\u003eNumber of Songs\u003c/strong\u003e\u003c/td\u003e\r\n\u003c/tr\u003e\r\n\u003ctr\u003e\r\n\u003ctd style=\"color:#555555;padding-top: 3px;padding-bottom: 20px;\"\u003e100\u003c/td\u003e\r\n\u003c/tr\u003e\r\n\u003c/tbody\u003e\r\n\u003c/table\u003e\r\n\t\t\t\t\t\t\t\t\t\t\t\t\t\t\t\u003c/td\u003e\r\n\t\t\t\t\t\t\t\t\t\t\t\t\t\t\u003c/tr\u003e\r\n\t\t\t\t\t\t\t\t\t\t\t\t\t\u003c/tbody\u003e\r\n\t\t\t\t\t\t\t\t\t\t\t\t\u003c/table\u003e\r\n\t\t\t\t\t\t\t\t\t\t\t\u003c/td\u003e\r\n\t\t\t\t\t\t\t\t\t\t\u003c/tr\u003e\r\n\t\t\t\t\t\t\t\t\t\u003c/tbody\u003e\r\n\t\t\t\t\t\t\t\t\u003c/table\u003e\r\n\t\t\t\t\t\t\t\u003c/td\u003e\r\n\t\t\t\t\t\t\u003c/tr\u003e\r\n\t\t\t\t\t\t\u003ctr\u003e\r\n\t\t\t\t\t\t\t\u003ctd valign=\"top\" id=\"templateFooter\" style=\"mso-line-height-rule: exactly;-ms-text-size-adjust: 100%;-webkit-text-size-adjust: 100%;background-color: #e9eaec;border-top: 0;border-bottom: 0;padding-top: 12px;padding-bottom: 12px;\"\u003e\r\n\t\t\t\t\t\t\t\t\u003ctable border=\"0\" cellpadding=\"0\" cellspacing=\"0\" width=\"100%\" class=\"mcnTextBlock\" style=\"min-width: 100%;border-collapse: collapse;mso-table-lspace: 0pt;mso-table-rspace: 0pt;-ms-text-size-adjust: 100%;-webkit-text-size-adjust: 100%;\"\u003e\r\n\t\t\t\t\t\t\t\t\t\u003ctbody class=\"mcnTextBlockOuter\"\u003e\r\n\t\t\t\t\t\t\t\t\t\t\u003ctr\u003e\r\n\t\t\t\t\t\t\t\t\t\t\t\u003ctd valign=\"top\" class=\"mcnTextBlockInner\" style=\"mso-line-height-rule: exactly;-ms-text-size-adjust: 100%;-webkit-text-size-adjust: 100%;\"\u003e\r\n\t\t\t\t\t\t\t\t\t\t\t\t\u003ctable align=\"left\" border=\"0\" cellpadding=\"0\" cellspacing=\"0\" width=\"100%\" style=\"min-width: 100%;border-collapse: collapse;mso-table-lspace: 0pt;mso-table-rspace: 0pt;-ms-text-size-adjust: 100%;-webkit-text-size-adjust: 100%;\" class=\"mcnTextContentContainer\"\u003e\r\n\t\t\t\t\t\t\t\t\t\t\t\t\t\u003ctbody\u003e\r\n\t\t\t\t\t\t\t\t\t\t\t\t\t\t\u003ctr\u003e\r\n\t\t\t\t\t\t\t\t\t\t\t\t\t\t\t\u003ctd valign=\"top\" class=\"mcnTextContent\" style=\"padding-top: 9px;padding-right: 18px;padding-bottom: 9px;padding-left: 18px;mso-line-height-rule: exactly;-ms-text-size-adjust: 100%;-webkit-text-size-adjust: 100%;word-break: break-word;color: #aaa;font-family: Helvetica;font-size: 12px;line-height: 150%;text-align: center;\"\u003e\r\n\r\n\t\t\t\t\t\t\t\t\t\t\t\t\t\t\t\t\u003c!-- Footer content --\u003e\r\n\t\t\t\t\t\t\t\t\t\t\t\t\t\t\t\tSent from \u003ca href=\"http://songwriter-shelter-studios.local\" style=\"color:#bbbbbb;\"\u003eThe Songwriter Shelter Recording Studios\u003c/a\u003e\r\n\t\t\t\t\t\t\t\t\t\t\t\t\t\t\t\u003c/td\u003e\r\n\t\t\t\t\t\t\t\t\t\t\t\t\t\t\u003c/tr\u003e\r\n\t\t\t\t\t\t\t\t\t\t\t\t\t\u003c/tbody\u003e\r\n\t\t\t\t\t\t\t\t\t\t\t\t\u003c/table\u003e\r\n\t\t\t\t\t\t\t\t\t\t\t\u003c/td\u003e\r\n\t\t\t\t\t\t\t\t\t\t\u003c/tr\u003e\r\n\t\t\t\t\t\t\t\t\t\u003c/tbody\u003e\r\n\t\t\t\t\t\t\t\t\u003c/table\u003e\r\n\t\t\t\t\t\t\t\u003c/td\u003e\r\n\t\t\t\t\t\t\u003c/tr\u003e\r\n\t\t\t\t\t\u003c/table\u003e\r\n\t\t\t\t\t\u003c!--[if gte mso 9]\u003e\r\n\t\t\t\t\t\u003c/td\u003e\r\n\t\t\t\t\t\u003c/tr\u003e\r\n\t\t\t\t\t\u003c/table\u003e\r\n\t\t\t\t\t\u003c![endif]--\u003e\r\n\t\t\t\t\t\u003c!-- // END TEMPLATE --\u003e\r\n\t\t\t\t\t\u003c/td\u003e\r\n\t\t\t\t\u003c/tr\u003e\r\n\t\t\t\u003c/table\u003e\r\n\t\t\u003c/center\u003e\r\n\t\u003c/body\u003e\r\n\u003c/html\u003e\r\n",
    "Size": 13850,
    "MIME": null
  },
  "Created": "2018-05-17T13:16:22.612263041Z",
  "MIME": null,
  "Raw": {
    "From": "www-data@ffb196322c52",
    "To": [
      "mailhog@flywheel.local"
    ],
    "Data": "To: max@songwritershelterstudios.com\r\nSubject: New Entry: Songwriter Shelter Studios Quote Request\r\nX-PHP-Originating-Script: 1000:class-phpmailer.php\r\nDate: Thu, 17 May 2018 13:16:22 +0000\r\nFrom: Max \u003cdev-email@flywheel.local\u003e\r\nReply-To: maxgarceau@comcast.net\r\nMessage-ID: \u003c6dcf8e44824201d4d826528f36beaa17@songwriter-shelter-studios.local\u003e\r\nX-Mailer: PHPMailer 5.2.22 (https://github.com/PHPMailer/PHPMailer)\r\nMIME-Version: 1.0\r\nContent-Type: text/html; charset=utf-8\r\n\r\n\u003c!doctype html\u003e\r\n\u003chtml dir=\"ltr\" xmlns=\"http://www.w3.org/1999/xhtml\" xmlns:v=\"urn:schemas-microsoft-com:vml\" xmlns:o=\"urn:schemas-microsoft-com:office:office\"\u003e\r\n\u003chead\u003e\r\n\t\u003c!--[if gte mso 15]\u003e\r\n\t\u003cxml\u003e\r\n\t\t\u003co:OfficeDocumentSettings\u003e\r\n\t\t\u003co:AllowPNG/\u003e\r\n\t\t\u003co:PixelsPerInch\u003e96\u003c/o:PixelsPerInch\u003e\r\n\t\t\u003c/o:OfficeDocumentSettings\u003e\r\n\t\u003c/xml\u003e\r\n\t\u003c![endif]--\u003e\r\n\t\u003cmeta charset=\"UTF-8\"\u003e\r\n\t\u003cmeta http-equiv=\"X-UA-Compatible\" content=\"IE=edge\"\u003e\r\n\t\u003cmeta name=\"viewport\" content=\"width=device-width, initial-scale=1\"\u003e\r\n\t\u003ctitle\u003eThe Songwriter Shelter Recording Studios\u003c/title\u003e\r\n\t\u003cstyle type=\"text/css\"\u003e\r\n\t\tp{\r\n\t\t\tmargin:10px 0;\r\n\t\t\tpadding:0;\r\n\t\t}\r\n\t\ttable{\r\n\t\t\tborder-collapse:collapse;\r\n\t\t}\r\n\t\th1,h2,h3,h4,h5,h6{\r\n\t\t\tdisplay:block;\r\n\t\t\tmargin:0;\r\n\t\t\tpadding:0;\r\n\t\t}\r\n\t\timg,a img{\r\n\t\t\tborder:0;\r\n\t\t\theight:auto;\r\n\t\t\toutline:none;\r\n\t\t\ttext-decoration:none;\r\n\t\t}\r\n\t\tbody,#bodyTable,#bodyCell{\r\n\t\t\theight:100%;\r\n\t\t\tmargin:0;\r\n\t\t\tpadding:0;\r\n\t\t\twidth:100%;\r\n\t\t}\r\n\t\t#outlook a{\r\n\t\t\tpadding:0;\r\n\t\t}\r\n\t\timg{\r\n\t\t\t-ms-interpolation-mode:bicubic;\r\n\t\t}\r\n\t\ttable{\r\n\t\t\tmso-table-lspace:0pt;\r\n\t\t\tmso-table-rspace:0pt;\r\n\t\t}\r\n\t\t.ReadMsgBody{\r\n\t\t\twidth:100%;\r\n\t\t}\r\n\t\t.ExternalClass{\r\n\t\t\twidth:100%;\r\n\t\t}\r\n\t\tp,a,li,td,blockquote{\r\n\t\t\tmso-line-height-rule:exactly;\r\n\t\t}\r\n\t\ta[href^=tel],a[href^=sms]{\r\n\t\t\tcolor:inherit;\r\n\t\t\tcursor:default;\r\n\t\t\ttext-decoration:none;\r\n\t\t}\r\n\t\tp,a,li,td,body,table,blockquote{\r\n\t\t\t-ms-text-size-adjust:100%;\r\n\t\t\t-webkit-text-size-adjust:100%;\r\n\t\t}\r\n\t\t.ExternalClass,.ExternalClass p,.ExternalClass td,.ExternalClass div,.ExternalClass span,.ExternalClass font{\r\n\t\t\tline-height:100%;\r\n\t\t}\r\n\t\ta[x-apple-data-detectors]{\r\n\t\t\tcolor:inherit !important;\r\n\t\t\ttext-decoration:none !important;\r\n\t\t\tfont-size:inherit !important;\r\n\t\t\tfont-family:inherit !important;\r\n\t\t\tfont-weight:inherit !important;\r\n\t\t\tline-height:inherit !important;\r\n\t\t}\r\n\t\t#bodyCell{\r\n\t\t\tpadding:50px 50px;\r\n\t\t}\r\n\t\t.templateContainer{\r\n\t\t\tmax-width:600px !important;\r\n\t\t\tborder:0;\r\n\t\t}\r\n\t\ta.mcnButton{\r\n\t\t\tdisplay:block;\r\n\t\t}\r\n\t\t.mcnTextContent{\r\n\t\t\tword-break:break-word;\r\n\t\t}\r\n\t\t.mcnTextContent img{\r\n\t\t\theight:auto !important;\r\n\t\t}\r\n\t\t.mcnDividerBlock{\r\n\t\t\ttable-layout:fixed !important;\r\n\t\t}\r\n\t\t/***** Make theme edits below if needed *****/\r\n\t\t/* Page - Background Style */\r\n\t\tbody,#bodyTable{\r\n\t\t\tbackground-color:#e9eaec;\r\n\t\t}\r\n\t\t/* Page - Heading 1 */\r\n\t\th1{\r\n\t\t\tcolor:#202020;\r\n\t\t\tfont-family: 'Helvetica Neue', Helvetica, Arial, 'Lucida Grande', sans-serif;\r\n\t\t\tfont-size:26px;\r\n\t\t\tfont-style:normal;\r\n\t\t\tfont-weight:bold;\r\n\t\t\tline-height:125%;\r\n\t\t\tletter-spacing:normal;\r\n\t\t}\r\n\t\t/* Page - Heading 2 */\r\n\t\th2{\r\n\t\t\tcolor:#202020;\r\n\t\t\tfont-family: 'Helvetica Neue', Helvetica, Arial, 'Lucida Grande', sans-serif;\r\n\t\t\tfont-size:22px;\r\n\t\t\tfont-style:normal;\r\n\t\t\tfont-weight:bold;\r\n\t\t\tline-height:125%;\r\n\t\t\tletter-spacing:normal;\r\n\t\t}\r\n\t\t/* Page - Heading 3 */\r\n\t\th3{\r\n\t\t\tcolor:#202020;\r\n\t\t\tfont-family: 'Helvetica Neue', Helvetica, Arial, 'Lucida Grande', sans-serif;\r\n\t\t\tfont-size:20px;\r\n\t\t\tfont-style:normal;\r\n\t\t\tfont-weight:bold;\r\n\t\t\tline-height:125%;\r\n\t\t\tletter-spacing:normal;\r\n\t\t}\r\n\t\t/* Page - Heading 4 */\r\n\t\th4{\r\n\t\t\tcolor:#202020;\r\n\t\t\tfont-family: 'Helvetica Neue', Helvetica, Arial, 'Lucida Grande', sans-serif;\r\n\t\t\tfont-size:18px;\r\n\t\t\tfont-style:normal;\r\n\t\t\tfont-weight:bold;\r\n\t\t\tline-height:125%;\r\n\t\t\tletter-spacing:normal;\r\n\t\t}\r\n\t\t/* Header - Header Style */\r\n\t\t#templateHeader{\r\n\t\t\tborder-top:0;\r\n\t\t\tborder-bottom:0;\r\n\t\t\tpadding-top:0;\r\n\t\t\tpadding-bottom:20px;\r\n\t\t\ttext-align: center;\r\n\t\t}\r\n\t\t/* Body - Body Style */\r\n\t\t#templateBody{\r\n\t\t\tbackground-color:#FFFFFF;\r\n\t\t\tborder-top:0;\r\n\t\t\tborder: 1px solid #c1c1c1;\r\n\t\t\tpadding-top:0;\r\n\t\t\tpadding-bottom:0px;\r\n\t\t}\r\n\t\t/* Body -Body Text */\r\n\t\t#templateBody .mcnTextContent,\r\n\t\t#templateBody .mcnTextContent p{\r\n\t\t\tcolor:#555555;\r\n\t\t\tfont-family: 'Helvetica Neue', Helvetica, Arial, 'Lucida Grande', sans-serif;\r\n\t\t\tfont-size:14px;\r\n\t\t\tline-height:150%;\r\n\t\t}\r\n\t\t/* Body - Body Link */\r\n\t\t#templateBody .mcnTextContent a,\r\n\t\t#templateBody .mcnTextContent p a{\r\n\t\t\tcolor:#ff7f50;\r\n\t\t\tfont-weight:normal;\r\n\t\t\ttext-decoration:underline;\r\n\t\t}\r\n\t\t/* Footer - Footer Style */\r\n\t\t#templateFooter{\r\n\t\t\tbackground-color:#e9eaec;\r\n\t\t\tborder-top:0;\r\n\t\t\tborder-bottom:0;\r\n\t\t\tpadding-top:12px;\r\n\t\t\tpadding-bottom:12px;\r\n\t\t}\r\n\t\t/* Footer - Footer Text */\r\n\t\t#templateFooter .mcnTextContent,\r\n\t\t#templateFooter .mcnTextContent p{\r\n\t\t\tcolor:#cccccc;\r\n\t\t\tfont-family: 'Helvetica Neue', Helvetica, Arial, 'Lucida Grande', sans-serif;\r\n\t\t\tfont-size:12px;\r\n\t\t\tline-height:150%;\r\n\t\t\ttext-align:center;\r\n\t\t}\r\n\t\t/* Footer - Footer Link */\r\n\t\t#templateFooter .mcnTextContent a,\r\n\t\t#templateFooter .mcnTextContent p a{\r\n\t\t\tcolor:#cccccc;\r\n\t\t\tfont-weight:normal;\r\n\t\t\ttext-decoration:underline;\r\n\t\t}\r\n\t\t@media only screen and (min-width:768px){\r\n\t\t\t.templateContainer{\r\n\t\t\t\twidth:600px !important;\r\n\t\t\t}\r\n\t\t}\r\n\t\t@media only screen and (max-width: 480px){\r\n\t\t\tbody,table,td,p,a,li,blockquote{\r\n\t\t\t\t-webkit-text-size-adjust:none !important;\r\n\t\t\t}\r\n\t\t}\r\n\t\t@media only screen and (max-width: 480px){\r\n\t\t\tbody{\r\n\t\t\t\twidth:100% !important;\r\n\t\t\t\tmin-width:100% !important;\r\n\t\t\t}\r\n\t\t}\r\n\t\t@media only screen and (max-width: 680px){\r\n\t\t\t#bodyCell{\r\n\t\t\t\tpadding:20px 20px !important;\r\n\t\t\t}\r\n\t\t}\r\n\t\t@media only screen and (max-width: 480px){\r\n\t\t\t.mcnTextContentContainer{\r\n\t\t\t\tmax-width:100% !important;\r\n\t\t\t\twidth:100% !important;\r\n\t\t\t}\r\n\t\t}\r\n\t\u003c/style\u003e\r\n\u003c/head\u003e\r\n\u003cbody style=\"height: 100%;margin: 0;padding: 0;width: 100%;-ms-text-size-adjust: 100%;-webkit-text-size-adjust: 100%;background-color: #e9eaec;\"\u003e\r\n\t\u003c!-- Don't forget to run final template through http://templates.mailchimp.com/resources/inline-css/ --\u003e\r\n\t\u003ccenter\u003e\r\n\t\t\u003ctable align=\"center\" border=\"0\" cellpadding=\"0\" cellspacing=\"0\" height=\"100%\" width=\"100%\" id=\"bodyTable\" style=\"border-collapse: collapse;mso-table-lspace: 0pt;mso-table-rspace: 0pt;-ms-text-size-adjust: 100%;-webkit-text-size-adjust: 100%;height: 100%;margin: 0;padding: 0;width: 100%;background-color: #e9eaec;\"\u003e\r\n\t\t\t\u003ctr\u003e\r\n\t\t\t\t\u003ctd align=\"center\" valign=\"top\" id=\"bodyCell\" style=\"mso-line-height-rule: exactly;-ms-text-size-adjust: 100%;-webkit-text-size-adjust: 100%;height: 100%;margin: 0;padding: 50px 50px;width: 100%;\"\u003e\r\n\t\t\t\t\t\u003c!-- BEGIN TEMPLATE // --\u003e\r\n\t\t\t\t\t\u003c!--[if gte mso 9]\u003e\r\n\t\t\t\t\t\u003ctable align=\"center\" border=\"0\" cellspacing=\"0\" cellpadding=\"0\" width=\"600\" style=\"width:600px;\"\u003e\r\n\t\t\t\t\t\u003ctr\u003e\r\n\t\t\t\t\t\u003ctd align=\"center\" valign=\"top\" width=\"600\" style=\"width:600px;\"\u003e\r\n\t\t\t\t\t\u003c![endif]--\u003e\r\n\t\t\t\t\t\u003ctable border=\"0\" cellpadding=\"0\" cellspacing=\"0\" width=\"100%\" class=\"templateContainer\" style=\"border-collapse: collapse;mso-table-lspace: 0pt;mso-table-rspace: 0pt;-ms-text-size-adjust: 100%;-webkit-text-size-adjust: 100%;border: 0;max-width: 600px !important;\"\u003e\r\n\t\t\t\t\t\t\t\t\t\t\t\t\u003ctr\u003e\r\n\t\t\t\t\t\t\t\u003ctd valign=\"top\" id=\"templateBody\" style=\"mso-line-height-rule: exactly;-ms-text-size-adjust: 100%;-webkit-text-size-adjust: 100%;background-color: #FFFFFF;border-top: 0;border: 1px solid #c1c1c1;padding-top: 0;padding-bottom: 0px;\"\u003e\r\n\t\t\t\t\t\t\t\t\u003ctable border=\"0\" cellpadding=\"0\" cellspacing=\"0\" width=\"100%\" class=\"mcnTextBlock\" style=\"min-width: 100%;border-collapse: collapse;mso-table-lspace: 0pt;mso-table-rspace: 0pt;-ms-text-size-adjust: 100%;-webkit-text-size-adjust: 100%;\"\u003e\r\n\t\t\t\t\t\t\t\t\t\u003ctbody class=\"mcnTextBlockOuter\"\u003e\r\n\t\t\t\t\t\t\t\t\t\t\u003ctr\u003e\r\n\t\t\t\t\t\t\t\t\t\t\t\u003ctd valign=\"top\" class=\"mcnTextBlockInner\" style=\"mso-line-height-rule: exactly;-ms-text-size-adjust: 100%;-webkit-text-size-adjust: 100%;\"\u003e\r\n\t\t\t\t\t\t\t\t\t\t\t\t\u003ctable align=\"left\" border=\"0\" cellpadding=\"0\" cellspacing=\"0\" width=\"100%\" style=\"min-width: 100%;border-collapse: collapse;mso-table-lspace: 0pt;mso-table-rspace: 0pt;-ms-text-size-adjust: 100%;-webkit-text-size-adjust: 100%;\" class=\"mcnTextContentContainer\"\u003e\r\n\t\t\t\t\t\t\t\t\t\t\t\t\t\u003ctbody\u003e\r\n\t\t\t\t\t\t\t\t\t\t\t\t\t\t\u003ctr\u003e\r\n\t\t\t\t\t\t\t\t\t\t\t\t\t\t\t\u003ctd valign=\"top\" style=\"padding-top: 30px;padding-right: 30px;padding-bottom: 30px;padding-left: 30px;\" class=\"mcnTextContent\"\u003e\r\n\u003ctable align=\"left\" border=\"0\" cellpadding=\"0\" cellspacing=\"0\" width=\"100%\" style=\" display:block;min-width: 100%;border-collapse: collapse;width:100%;\"\u003e\r\n\u003ctbody\u003e\r\n\u003ctr\u003e\r\n\u003ctd style=\"color:#333333;padding-top: 20px;padding-bottom: 3px;\"\u003e\u003cstrong\u003eArtist/Band Name\u003c/strong\u003e\u003c/td\u003e\r\n\u003c/tr\u003e\r\n\u003ctr\u003e\r\n\u003ctd style=\"color:#555555;padding-top: 3px;padding-bottom: 20px;\"\u003eMax\u003c/td\u003e\r\n\u003c/tr\u003e\r\n\u003c/tbody\u003e\r\n\u003c/table\u003e\r\n\u003ctable align=\"left\" border=\"0\" cellpadding=\"0\" cellspacing=\"0\" width=\"100%\" style=\"border-top:1px solid #dddddd; display:block;min-width: 100%;border-collapse: collapse;width:100%;\"\u003e\r\n\u003ctbody\u003e\r\n\u003ctr\u003e\r\n\u003ctd style=\"color:#333333;padding-top: 20px;padding-bottom: 3px;\"\u003e\u003cstrong\u003eEmail Address\u003c/strong\u003e\u003c/td\u003e\r\n\u003c/tr\u003e\r\n\u003ctr\u003e\r\n\u003ctd style=\"color:#555555;padding-top: 3px;padding-bottom: 20px;\"\u003e\u003ca href=\"mailto:maxgarceau@comcast.net\"\u003emaxgarceau@comcast.net\u003c/a\u003e\u003c/td\u003e\r\n\u003c/tr\u003e\r\n\u003c/tbody\u003e\r\n\u003c/table\u003e\r\n\u003ctable align=\"left\" border=\"0\" cellpadding=\"0\" cellspacing=\"0\" width=\"100%\" style=\"border-top:1px solid #dddddd; display:block;min-width: 100%;border-collapse: collapse;width:100%;\"\u003e\r\n\u003ctbody\u003e\r\n\u003ctr\u003e\r\n\u003ctd style=\"color:#333333;padding-top: 20px;padding-bottom: 3px;\"\u003e\u003cstrong\u003eContact Name\u003c/strong\u003e\u003c/td\u003e\r\n\u003c/tr\u003e\r\n\u003ctr\u003e\r\n\u003ctd style=\"color:#555555;padding-top: 3px;padding-bottom: 20px;\"\u003eMaxwell\u003c/td\u003e\r\n\u003c/tr\u003e\r\n\u003c/tbody\u003e\r\n\u003c/table\u003e\r\n\u003ctable align=\"left\" border=\"0\" cellpadding=\"0\" cellspacing=\"0\" width=\"100%\" style=\"border-top:1px solid #dddddd; display:block;min-width: 100%;border-collapse: collapse;width:100%;\"\u003e\r\n\u003ctbody\u003e\r\n\u003ctr\u003e\r\n\u003ctd style=\"color:#333333;padding-top: 20px;padding-bottom: 3px;\"\u003e\u003cstrong\u003eLocation (City, State)\u003c/strong\u003e\u003c/td\u003e\r\n\u003c/tr\u003e\r\n\u003ctr\u003e\r\n\u003ctd style=\"color:#555555;padding-top: 3px;padding-bottom: 20px;\"\u003eNashville\u003c/td\u003e\r\n\u003c/tr\u003e\r\n\u003c/tbody\u003e\r\n\u003c/table\u003e\r\n\u003ctable align=\"left\" border=\"0\" cellpadding=\"0\" cellspacing=\"0\" width=\"100%\" style=\"border-top:1px solid #dddddd; display:block;min-width: 100%;border-collapse: collapse;width:100%;\"\u003e\r\n\u003ctbody\u003e\r\n\u003ctr\u003e\r\n\u003ctd style=\"color:#333333;padding-top: 20px;padding-bottom: 3px;\"\u003e\u003cstrong\u003eGenre\u003c/strong\u003e\u003c/td\u003e\r\n\u003c/tr\u003e\r\n\u003ctr\u003e\r\n\u003ctd style=\"color:#555555;padding-top: 3px;padding-bottom: 20px;\"\u003eYour Mom\u003c/td\u003e\r\n\u003c/tr\u003e\r\n\u003c/tbody\u003e\r\n\u003c/table\u003e\r\n\u003ctable align=\"left\" border=\"0\" cellpadding=\"0\" cellspacing=\"0\" width=\"100%\" style=\"border-top:1px solid #dddddd; display:block;min-width: 100%;border-collapse: collapse;width:100%;\"\u003e\r\n\u003ctbody\u003e\r\n\u003ctr\u003e\r\n\u003ctd style=\"color:#333333;padding-top: 20px;padding-bottom: 3px;\"\u003e\u003cstrong\u003eProject Needs\u003c/strong\u003e\u003c/td\u003e\r\n\u003c/tr\u003e\r\n\u003ctr\u003e\r\n\u003ctd style=\"color:#555555;padding-top: 3px;padding-bottom: 20px;\"\u003eMastering\u003cbr /\u003e\r\nEditing\u003c/td\u003e\r\n\u003c/tr\u003e\r\n\u003c/tbody\u003e\r\n\u003c/table\u003e\r\n\u003ctable align=\"left\" border=\"0\" cellpadding=\"0\" cellspacing=\"0\" width=\"100%\" style=\"border-top:1px solid #dddddd; display:block;min-width: 100%;border-collapse: collapse;width:100%;\"\u003e\r\n\u003ctbody\u003e\r\n\u003ctr\u003e\r\n\u003ctd style=\"color:#333333;padding-top: 20px;padding-bottom: 3px;\"\u003e\u003cstrong\u003eBudget\u003c/strong\u003e\u003c/td\u003e\r\n\u003c/tr\u003e\r\n\u003ctr\u003e\r\n\u003ctd style=\"color:#555555;padding-top: 3px;padding-bottom: 20px;\"\u003e0\u003c/td\u003e\r\n\u003c/tr\u003e\r\n\u003c/tbody\u003e\r\n\u003c/table\u003e\r\n\u003ctable align=\"left\" border=\"0\" cellpadding=\"0\" cellspacing=\"0\" width=\"100%\" style=\"border-top:1px solid #dddddd; display:block;min-width: 100%;border-collapse: collapse;width:100%;\"\u003e\r\n\u003ctbody\u003e\r\n\u003ctr\u003e\r\n\u003ctd style=\"color:#333333;padding-top: 20px;padding-bottom: 3px;\"\u003e\u003cstrong\u003eNumber of Songs\u003c/strong\u003e\u003c/td\u003e\r\n\u003c/tr\u003e\r\n\u003ctr\u003e\r\n\u003ctd style=\"color:#555555;padding-top: 3px;padding-bottom: 20px;\"\u003e100\u003c/td\u003e\r\n\u003c/tr\u003e\r\n\u003c/tbody\u003e\r\n\u003c/table\u003e\r\n\t\t\t\t\t\t\t\t\t\t\t\t\t\t\t\u003c/td\u003e\r\n\t\t\t\t\t\t\t\t\t\t\t\t\t\t\u003c/tr\u003e\r\n\t\t\t\t\t\t\t\t\t\t\t\t\t\u003c/tbody\u003e\r\n\t\t\t\t\t\t\t\t\t\t\t\t\u003c/table\u003e\r\n\t\t\t\t\t\t\t\t\t\t\t\u003c/td\u003e\r\n\t\t\t\t\t\t\t\t\t\t\u003c/tr\u003e\r\n\t\t\t\t\t\t\t\t\t\u003c/tbody\u003e\r\n\t\t\t\t\t\t\t\t\u003c/table\u003e\r\n\t\t\t\t\t\t\t\u003c/td\u003e\r\n\t\t\t\t\t\t\u003c/tr\u003e\r\n\t\t\t\t\t\t\u003ctr\u003e\r\n\t\t\t\t\t\t\t\u003ctd valign=\"top\" id=\"templateFooter\" style=\"mso-line-height-rule: exactly;-ms-text-size-adjust: 100%;-webkit-text-size-adjust: 100%;background-color: #e9eaec;border-top: 0;border-bottom: 0;padding-top: 12px;padding-bottom: 12px;\"\u003e\r\n\t\t\t\t\t\t\t\t\u003ctable border=\"0\" cellpadding=\"0\" cellspacing=\"0\" width=\"100%\" class=\"mcnTextBlock\" style=\"min-width: 100%;border-collapse: collapse;mso-table-lspace: 0pt;mso-table-rspace: 0pt;-ms-text-size-adjust: 100%;-webkit-text-size-adjust: 100%;\"\u003e\r\n\t\t\t\t\t\t\t\t\t\u003ctbody class=\"mcnTextBlockOuter\"\u003e\r\n\t\t\t\t\t\t\t\t\t\t\u003ctr\u003e\r\n\t\t\t\t\t\t\t\t\t\t\t\u003ctd valign=\"top\" class=\"mcnTextBlockInner\" style=\"mso-line-height-rule: exactly;-ms-text-size-adjust: 100%;-webkit-text-size-adjust: 100%;\"\u003e\r\n\t\t\t\t\t\t\t\t\t\t\t\t\u003ctable align=\"left\" border=\"0\" cellpadding=\"0\" cellspacing=\"0\" width=\"100%\" style=\"min-width: 100%;border-collapse: collapse;mso-table-lspace: 0pt;mso-table-rspace: 0pt;-ms-text-size-adjust: 100%;-webkit-text-size-adjust: 100%;\" class=\"mcnTextContentContainer\"\u003e\r\n\t\t\t\t\t\t\t\t\t\t\t\t\t\u003ctbody\u003e\r\n\t\t\t\t\t\t\t\t\t\t\t\t\t\t\u003ctr\u003e\r\n\t\t\t\t\t\t\t\t\t\t\t\t\t\t\t\u003ctd valign=\"top\" class=\"mcnTextContent\" style=\"padding-top: 9px;padding-right: 18px;padding-bottom: 9px;padding-left: 18px;mso-line-height-rule: exactly;-ms-text-size-adjust: 100%;-webkit-text-size-adjust: 100%;word-break: break-word;color: #aaa;font-family: Helvetica;font-size: 12px;line-height: 150%;text-align: center;\"\u003e\r\n\r\n\t\t\t\t\t\t\t\t\t\t\t\t\t\t\t\t\u003c!-- Footer content --\u003e\r\n\t\t\t\t\t\t\t\t\t\t\t\t\t\t\t\tSent from \u003ca href=\"http://songwriter-shelter-studios.local\" style=\"color:#bbbbbb;\"\u003eThe Songwriter Shelter Recording Studios\u003c/a\u003e\r\n\t\t\t\t\t\t\t\t\t\t\t\t\t\t\t\u003c/td\u003e\r\n\t\t\t\t\t\t\t\t\t\t\t\t\t\t\u003c/tr\u003e\r\n\t\t\t\t\t\t\t\t\t\t\t\t\t\u003c/tbody\u003e\r\n\t\t\t\t\t\t\t\t\t\t\t\t\u003c/table\u003e\r\n\t\t\t\t\t\t\t\t\t\t\t\u003c/td\u003e\r\n\t\t\t\t\t\t\t\t\t\t\u003c/tr\u003e\r\n\t\t\t\t\t\t\t\t\t\u003c/tbody\u003e\r\n\t\t\t\t\t\t\t\t\u003c/table\u003e\r\n\t\t\t\t\t\t\t\u003c/td\u003e\r\n\t\t\t\t\t\t\u003c/tr\u003e\r\n\t\t\t\t\t\u003c/table\u003e\r\n\t\t\t\t\t\u003c!--[if gte mso 9]\u003e\r\n\t\t\t\t\t\u003c/td\u003e\r\n\t\t\t\t\t\u003c/tr\u003e\r\n\t\t\t\t\t\u003c/table\u003e\r\n\t\t\t\t\t\u003c![endif]--\u003e\r\n\t\t\t\t\t\u003c!-- // END TEMPLATE --\u003e\r\n\t\t\t\t\t\u003c/td\u003e\r\n\t\t\t\t\u003c/tr\u003e\r\n\t\t\t\u003c/table\u003e\r\n\t\t\u003c/center\u003e\r\n\t\u003c/body\u003e\r\n\u003c/html\u003e\r\n",
    "Helo": "localhost"
  }
}

[APIv1] BROADCAST /api/v1/events
[APIv1] KEEPALIVE /api/v1/events
[APIv1] KEEPALIVE /api/v1/events
[APIv1] KEEPALIVE /api/v1/events
[APIv1] KEEPALIVE /api/v1/events
[APIv1] KEEPALIVE /api/v1/events
[APIv1] KEEPALIVE /api/v1/events
[APIv1] KEEPALIVE /api/v1/events
[APIv1] KEEPALIVE /api/v1/events
[APIv1] KEEPALIVE /api/v1/events
[APIv1] KEEPALIVE /api/v1/events
[APIv1] KEEPALIVE /api/v1/events
[APIv1] KEEPALIVE /api/v1/events
[APIv1] KEEPALIVE /api/v1/events
[APIv1] KEEPALIVE /api/v1/events
[APIv1] KEEPALIVE /api/v1/events
[APIv1] KEEPALIVE /api/v1/events
[APIv1] KEEPALIVE /api/v1/events
[APIv1] KEEPALIVE /api/v1/events
[APIv1] KEEPALIVE /api/v1/events
[APIv1] KEEPALIVE /api/v1/events
[APIv1] KEEPALIVE /api/v1/events
[APIv1] KEEPALIVE /api/v1/events
[APIv1] KEEPALIVE /api/v1/events
[APIv1] KEEPALIVE /api/v1/events
[APIv1] KEEPALIVE /api/v1/events
[APIv1] KEEPALIVE /api/v1/events
[APIv1] KEEPALIVE /api/v1/events
[APIv1] KEEPALIVE /api/v1/events
[APIv1] KEEPALIVE /api/v1/events
[APIv1] KEEPALIVE /api/v1/events
[APIv1] KEEPALIVE /api/v1/events
[APIv1] KEEPALIVE /api/v1/events
[APIv1] KEEPALIVE /api/v1/events
[APIv1] KEEPALIVE /api/v1/events
[APIv1] KEEPALIVE /api/v1/events
[APIv1] KEEPALIVE /api/v1/events
[APIv1] KEEPALIVE /api/v1/events
[APIv1] KEEPALIVE /api/v1/events
[APIv1] KEEPALIVE /api/v1/events
[APIv1] KEEPALIVE /api/v1/events
[APIv1] KEEPALIVE /api/v1/events
[APIv1] KEEPALIVE /api/v1/events
[APIv1] KEEPALIVE /api/v1/events
[APIv1] KEEPALIVE /api/v1/events
[APIv1] KEEPALIVE /api/v1/events
[APIv1] KEEPALIVE /api/v1/events
[APIv1] KEEPALIVE /api/v1/events
[APIv1] KEEPALIVE /api/v1/events
[APIv1] KEEPALIVE /api/v1/events
[APIv1] KEEPALIVE /api/v1/events
[APIv1] KEEPALIVE /api/v1/events
[APIv1] KEEPALIVE /api/v1/events
[APIv1] KEEPALIVE /api/v1/events
[APIv1] KEEPALIVE /api/v1/events
[APIv1] KEEPALIVE /api/v1/events
[APIv1] KEEPALIVE /api/v1/events
[APIv1] KEEPALIVE /api/v1/events
[APIv1] KEEPALIVE /api/v1/events
[APIv1] KEEPALIVE /api/v1/events
[APIv1] KEEPALIVE /api/v1/events
[APIv1] KEEPALIVE /api/v1/events
[APIv1] KEEPALIVE /api/v1/events
[APIv1] KEEPALIVE /api/v1/events
[APIv1] KEEPALIVE /api/v1/events
[APIv1] KEEPALIVE /api/v1/events
[APIv1] KEEPALIVE /api/v1/events
[APIv1] KEEPALIVE /api/v1/events
[APIv1] KEEPALIVE /api/v1/events
[APIv1] KEEPALIVE /api/v1/events
[APIv1] KEEPALIVE /api/v1/events
[APIv1] KEEPALIVE /api/v1/events
[APIv1] KEEPALIVE /api/v1/events
[APIv1] KEEPALIVE /api/v1/events
[APIv1] KEEPALIVE /api/v1/events
[APIv1] KEEPALIVE /api/v1/events
[APIv1] KEEPALIVE /api/v1/events
[APIv1] KEEPALIVE /api/v1/events
[APIv1] KEEPALIVE /api/v1/events
[APIv1] KEEPALIVE /api/v1/events
[APIv1] KEEPALIVE /api/v1/events
[APIv1] KEEPALIVE /api/v1/events
[APIv1] KEEPALIVE /api/v1/events
[APIv1] KEEPALIVE /api/v1/events
[APIv1] KEEPALIVE /api/v1/events
[APIv1] KEEPALIVE /api/v1/events
[APIv1] KEEPALIVE /api/v1/events
[APIv1] KEEPALIVE /api/v1/events
[APIv1] KEEPALIVE /api/v1/events
[APIv1] KEEPALIVE /api/v1/events
[APIv1] KEEPALIVE /api/v1/events
[APIv1] KEEPALIVE /api/v1/events
[APIv1] KEEPALIVE /api/v1/events
[APIv1] KEEPALIVE /api/v1/events
[APIv1] KEEPALIVE /api/v1/events
[APIv1] KEEPALIVE /api/v1/events
[APIv1] KEEPALIVE /api/v1/events
[APIv1] KEEPALIVE /api/v1/events
[APIv1] KEEPALIVE /api/v1/events
[APIv1] KEEPALIVE /api/v1/events
[APIv1] KEEPALIVE /api/v1/events
[APIv1] KEEPALIVE /api/v1/events
[APIv1] KEEPALIVE /api/v1/events
[APIv1] KEEPALIVE /api/v1/events
[APIv1] KEEPALIVE /api/v1/events
[APIv1] KEEPALIVE /api/v1/events
[APIv1] KEEPALIVE /api/v1/events
[APIv1] KEEPALIVE /api/v1/events
[APIv1] KEEPALIVE /api/v1/events
[APIv1] KEEPALIVE /api/v1/events
[APIv1] KEEPALIVE /api/v1/events
[APIv1] KEEPALIVE /api/v1/events
[APIv1] KEEPALIVE /api/v1/events
[APIv1] KEEPALIVE /api/v1/events
[APIv1] KEEPALIVE /api/v1/events
[APIv1] KEEPALIVE /api/v1/events
[APIv1] KEEPALIVE /api/v1/events
[APIv1] KEEPALIVE /api/v1/events
[APIv1] KEEPALIVE /api/v1/events
[APIv1] KEEPALIVE /api/v1/events
[APIv1] KEEPALIVE /api/v1/events
[APIv1] KEEPALIVE /api/v1/events
[APIv1] KEEPALIVE /api/v1/events
[APIv1] KEEPALIVE /api/v1/events
[APIv1] KEEPALIVE /api/v1/events
[APIv1] KEEPALIVE /api/v1/events
[APIv1] KEEPALIVE /api/v1/events
[APIv1] KEEPALIVE /api/v1/events
[APIv1] KEEPALIVE /api/v1/events
[APIv1] KEEPALIVE /api/v1/events
[APIv1] KEEPALIVE /api/v1/events
[APIv1] KEEPALIVE /api/v1/events
[APIv1] KEEPALIVE /api/v1/events
[APIv1] KEEPALIVE /api/v1/events
[APIv1] KEEPALIVE /api/v1/events
[APIv1] KEEPALIVE /api/v1/events
[APIv1] KEEPALIVE /api/v1/events
[APIv1] KEEPALIVE /api/v1/events
[APIv1] KEEPALIVE /api/v1/events
[APIv1] KEEPALIVE /api/v1/events
[APIv1] KEEPALIVE /api/v1/events
[APIv1] KEEPALIVE /api/v1/events
[APIv1] KEEPALIVE /api/v1/events
[APIv1] KEEPALIVE /api/v1/events
[APIv1] KEEPALIVE /api/v1/events
[APIv1] KEEPALIVE /api/v1/events
[APIv1] KEEPALIVE /api/v1/events
[APIv1] KEEPALIVE /api/v1/events
[APIv1] KEEPALIVE /api/v1/events
[APIv1] KEEPALIVE /api/v1/events
[APIv1] KEEPALIVE /api/v1/events
[APIv1] KEEPALIVE /api/v1/events
[APIv1] KEEPALIVE /api/v1/events
[APIv1] KEEPALIVE /api/v1/events
[APIv1] KEEPALIVE /api/v1/events
[APIv1] KEEPALIVE /api/v1/events
[APIv1] KEEPALIVE /api/v1/events
[APIv1] KEEPALIVE /api/v1/events
[APIv1] KEEPALIVE /api/v1/events
[APIv1] KEEPALIVE /api/v1/events
[APIv1] KEEPALIVE /api/v1/events
[APIv1] KEEPALIVE /api/v1/events
[APIv1] KEEPALIVE /api/v1/events
[APIv1] KEEPALIVE /api/v1/events
[APIv1] KEEPALIVE /api/v1/events
[APIv1] KEEPALIVE /api/v1/events
[APIv1] KEEPALIVE /api/v1/events
[APIv1] KEEPALIVE /api/v1/events
[APIv1] KEEPALIVE /api/v1/events
[APIv1] KEEPALIVE /api/v1/events
[APIv1] KEEPALIVE /api/v1/events
[APIv1] KEEPALIVE /api/v1/events
[APIv1] KEEPALIVE /api/v1/events
[APIv1] KEEPALIVE /api/v1/events
[APIv1] KEEPALIVE /api/v1/events
[APIv1] KEEPALIVE /api/v1/events
[APIv1] KEEPALIVE /api/v1/events
[APIv1] KEEPALIVE /api/v1/events
[APIv1] KEEPALIVE /api/v1/events
[APIv1] KEEPALIVE /api/v1/events
[APIv1] KEEPALIVE /api/v1/events
[APIv1] KEEPALIVE /api/v1/events
[APIv1] KEEPALIVE /api/v1/events
[APIv1] KEEPALIVE /api/v1/events
[APIv1] KEEPALIVE /api/v1/events
[APIv1] KEEPALIVE /api/v1/events
[APIv1] KEEPALIVE /api/v1/events
[APIv1] KEEPALIVE /api/v1/events
[APIv1] KEEPALIVE /api/v1/events
[APIv1] KEEPALIVE /api/v1/events
[APIv1] KEEPALIVE /api/v1/events
[APIv1] KEEPALIVE /api/v1/events
[APIv1] KEEPALIVE /api/v1/events
[APIv1] KEEPALIVE /api/v1/events
[APIv1] KEEPALIVE /api/v1/events
[APIv1] KEEPALIVE /api/v1/events
[APIv1] KEEPALIVE /api/v1/events
[APIv1] KEEPALIVE /api/v1/events
[APIv1] KEEPALIVE /api/v1/events
[APIv1] KEEPALIVE /api/v1/events
[APIv1] KEEPALIVE /api/v1/events
[APIv1] KEEPALIVE /api/v1/events
[APIv1] KEEPALIVE /api/v1/events
[APIv1] KEEPALIVE /api/v1/events
[APIv1] KEEPALIVE /api/v1/events
[APIv1] KEEPALIVE /api/v1/events
[APIv1] KEEPALIVE /api/v1/events
[APIv1] KEEPALIVE /api/v1/events
[APIv1] KEEPALIVE /api/v1/events
[APIv1] KEEPALIVE /api/v1/events
[APIv1] KEEPALIVE /api/v1/events
[APIv1] KEEPALIVE /api/v1/events
[APIv1] KEEPALIVE /api/v1/events
[APIv1] KEEPALIVE /api/v1/events
[APIv1] KEEPALIVE /api/v1/events
[APIv1] KEEPALIVE /api/v1/events
[APIv1] KEEPALIVE /api/v1/events
[APIv1] KEEPALIVE /api/v1/events
[APIv1] KEEPALIVE /api/v1/events
[APIv1] KEEPALIVE /api/v1/events
[APIv1] KEEPALIVE /api/v1/events
[APIv1] KEEPALIVE /api/v1/events
[APIv1] KEEPALIVE /api/v1/events
[APIv1] KEEPALIVE /api/v1/events
[APIv1] KEEPALIVE /api/v1/events
[APIv1] KEEPALIVE /api/v1/events
[APIv1] KEEPALIVE /api/v1/events
[APIv1] KEEPALIVE /api/v1/events
[APIv1] KEEPALIVE /api/v1/events
[APIv1] KEEPALIVE /api/v1/events
[APIv1] KEEPALIVE /api/v1/events
[APIv1] KEEPALIVE /api/v1/events
[APIv1] KEEPALIVE /api/v1/events
[APIv1] KEEPALIVE /api/v1/events
[APIv1] KEEPALIVE /api/v1/events
[APIv1] KEEPALIVE /api/v1/events
[APIv1] KEEPALIVE /api/v1/events
[APIv1] KEEPALIVE /api/v1/events
[APIv1] KEEPALIVE /api/v1/events
[APIv1] KEEPALIVE /api/v1/events
[APIv1] KEEPALIVE /api/v1/events
[APIv1] KEEPALIVE /api/v1/events
[APIv1] KEEPALIVE /api/v1/events
[APIv1] KEEPALIVE /api/v1/events
[APIv1] KEEPALIVE /api/v1/events
[APIv1] KEEPALIVE /api/v1/events
[APIv1] KEEPALIVE /api/v1/events
[APIv1] KEEPALIVE /api/v1/events
[APIv1] KEEPALIVE /api/v1/events
[APIv1] KEEPALIVE /api/v1/events
[APIv1] KEEPALIVE /api/v1/events
[APIv1] KEEPALIVE /api/v1/events
[APIv1] KEEPALIVE /api/v1/events
[APIv1] KEEPALIVE /api/v1/events
[APIv1] KEEPALIVE /api/v1/events
[APIv1] KEEPALIVE /api/v1/events
[APIv1] KEEPALIVE /api/v1/events
[APIv1] KEEPALIVE /api/v1/events
[APIv1] KEEPALIVE /api/v1/events
[APIv1] KEEPALIVE /api/v1/events
[APIv1] KEEPALIVE /api/v1/events
[APIv1] KEEPALIVE /api/v1/events
[APIv1] KEEPALIVE /api/v1/events
[APIv1] KEEPALIVE /api/v1/events
[APIv1] KEEPALIVE /api/v1/events
[APIv1] KEEPALIVE /api/v1/events
[APIv1] KEEPALIVE /api/v1/events
[APIv1] KEEPALIVE /api/v1/events
[APIv1] KEEPALIVE /api/v1/events
[APIv1] KEEPALIVE /api/v1/events
[APIv1] KEEPALIVE /api/v1/events
[APIv1] KEEPALIVE /api/v1/events
[APIv1] KEEPALIVE /api/v1/events
[APIv1] KEEPALIVE /api/v1/events
[APIv1] KEEPALIVE /api/v1/events
[APIv1] KEEPALIVE /api/v1/events
