[26-Apr-2018 03:22:28 UTC] PHP Parse error:  syntax error, unexpected '{', expecting '(' in /app/public/wp-content/themes/songwriter-shelter-studios-wordpress/functions.php on line 3
[26-Apr-2018 03:22:42 UTC] PHP Parse error:  syntax error, unexpected '}' in /app/public/wp-content/themes/songwriter-shelter-studios-wordpress/functions.php on line 5
[26-Apr-2018 04:13:03 UTC] PHP Recoverable fatal error:  Object of class WP_Post could not be converted to string in /app/public/wp-content/themes/songwriter-shelter-studios-wordpress/front-page.php on line 189
[26-Apr-2018 04:14:35 UTC] PHP Recoverable fatal error:  Object of class WP_Post could not be converted to string in /app/public/wp-content/themes/songwriter-shelter-studios-wordpress/front-page.php on line 189
[26-Apr-2018 04:15:16 UTC] PHP Recoverable fatal error:  Object of class WP_Post could not be converted to string in /app/public/wp-content/themes/songwriter-shelter-studios-wordpress/front-page.php on line 189
[30-Apr-2018 16:31:57 UTC] PHP Parse error:  syntax error, unexpected '}', expecting end of file in /app/public/wp-content/themes/songwriter-shelter-studios-wordpress/page.php on line 89
[30-Apr-2018 18:46:11 UTC] PHP Fatal error:  Uncaught Error: Call to a member function get_posts() on null in /app/public/wp-content/themes/songwriter-shelter-studios-wordpress/page-modern-music-production-and-composition-a-deep-dive-into-the-why-and-the-how.php:43
Stack trace:
#0 /app/public/wp-includes/template-loader.php(74): include()
#1 /app/public/wp-blog-header.php(19): require_once('/app/public/wp-...')
#2 /app/public/index.php(17): require('/app/public/wp-...')
#3 {main}
  thrown in /app/public/wp-content/themes/songwriter-shelter-studios-wordpress/page-modern-music-production-and-composition-a-deep-dive-into-the-why-and-the-how.php on line 43
[30-Apr-2018 18:46:15 UTC] PHP Fatal error:  Uncaught Error: Call to a member function get_posts() on null in /app/public/wp-content/themes/songwriter-shelter-studios-wordpress/page-modern-music-production-and-composition-a-deep-dive-into-the-why-and-the-how.php:43
Stack trace:
#0 /app/public/wp-includes/template-loader.php(74): include()
#1 /app/public/wp-blog-header.php(19): require_once('/app/public/wp-...')
#2 /app/public/index.php(17): require('/app/public/wp-...')
#3 {main}
  thrown in /app/public/wp-content/themes/songwriter-shelter-studios-wordpress/page-modern-music-production-and-composition-a-deep-dive-into-the-why-and-the-how.php on line 43
[30-Apr-2018 18:46:30 UTC] PHP Fatal error:  Uncaught Error: Call to a member function get_posts() on null in /app/public/wp-content/themes/songwriter-shelter-studios-wordpress/page-modern-music-production-and-composition-a-deep-dive-into-the-why-and-the-how.php:43
Stack trace:
#0 /app/public/wp-includes/template-loader.php(74): include()
#1 /app/public/wp-blog-header.php(19): require_once('/app/public/wp-...')
#2 /app/public/index.php(17): require('/app/public/wp-...')
#3 {main}
  thrown in /app/public/wp-content/themes/songwriter-shelter-studios-wordpress/page-modern-music-production-and-composition-a-deep-dive-into-the-why-and-the-how.php on line 43
[30-Apr-2018 18:46:32 UTC] PHP Fatal error:  Uncaught Error: Call to a member function get_posts() on null in /app/public/wp-content/themes/songwriter-shelter-studios-wordpress/page-modern-music-production-and-composition-a-deep-dive-into-the-why-and-the-how.php:43
Stack trace:
#0 /app/public/wp-includes/template-loader.php(74): include()
#1 /app/public/wp-blog-header.php(19): require_once('/app/public/wp-...')
#2 /app/public/index.php(17): require('/app/public/wp-...')
#3 {main}
  thrown in /app/public/wp-content/themes/songwriter-shelter-studios-wordpress/page-modern-music-production-and-composition-a-deep-dive-into-the-why-and-the-how.php on line 43
[30-Apr-2018 18:47:26 UTC] PHP Fatal error:  Uncaught Error: Call to a member function get_posts() on null in /app/public/wp-content/themes/songwriter-shelter-studios-wordpress/page-modern-music-production-and-composition-a-deep-dive-into-the-why-and-the-how.php:43
Stack trace:
#0 /app/public/wp-includes/template-loader.php(74): include()
#1 /app/public/wp-blog-header.php(19): require_once('/app/public/wp-...')
#2 /app/public/index.php(17): require('/app/public/wp-...')
#3 {main}
  thrown in /app/public/wp-content/themes/songwriter-shelter-studios-wordpress/page-modern-music-production-and-composition-a-deep-dive-into-the-why-and-the-how.php on line 43
[30-Apr-2018 18:47:29 UTC] PHP Fatal error:  Uncaught Error: Call to a member function get_posts() on null in /app/public/wp-content/themes/songwriter-shelter-studios-wordpress/page-modern-music-production-and-composition-a-deep-dive-into-the-why-and-the-how.php:43
Stack trace:
#0 /app/public/wp-includes/template-loader.php(74): include()
#1 /app/public/wp-blog-header.php(19): require_once('/app/public/wp-...')
#2 /app/public/index.php(17): require('/app/public/wp-...')
#3 {main}
  thrown in /app/public/wp-content/themes/songwriter-shelter-studios-wordpress/page-modern-music-production-and-composition-a-deep-dive-into-the-why-and-the-how.php on line 43
[30-Apr-2018 18:47:34 UTC] PHP Fatal error:  Uncaught Error: Call to a member function get_posts() on null in /app/public/wp-content/themes/songwriter-shelter-studios-wordpress/page-modern-music-production-and-composition-a-deep-dive-into-the-why-and-the-how.php:43
Stack trace:
#0 /app/public/wp-includes/template-loader.php(74): include()
#1 /app/public/wp-blog-header.php(19): require_once('/app/public/wp-...')
#2 /app/public/index.php(17): require('/app/public/wp-...')
#3 {main}
  thrown in /app/public/wp-content/themes/songwriter-shelter-studios-wordpress/page-modern-music-production-and-composition-a-deep-dive-into-the-why-and-the-how.php on line 43
[30-Apr-2018 18:52:04 UTC] PHP Fatal error:  Uncaught Error: Call to a member function have_posts() on null in /app/public/wp-content/themes/songwriter-shelter-studios-wordpress/page-modern-music-production-and-composition-a-deep-dive-into-the-why-and-the-how.php:43
Stack trace:
#0 /app/public/wp-includes/template-loader.php(74): include()
#1 /app/public/wp-blog-header.php(19): require_once('/app/public/wp-...')
#2 /app/public/index.php(17): require('/app/public/wp-...')
#3 {main}
  thrown in /app/public/wp-content/themes/songwriter-shelter-studios-wordpress/page-modern-music-production-and-composition-a-deep-dive-into-the-why-and-the-how.php on line 43
[30-Apr-2018 18:52:06 UTC] PHP Fatal error:  Uncaught Error: Call to a member function have_posts() on null in /app/public/wp-content/themes/songwriter-shelter-studios-wordpress/page-modern-music-production-and-composition-a-deep-dive-into-the-why-and-the-how.php:43
Stack trace:
#0 /app/public/wp-includes/template-loader.php(74): include()
#1 /app/public/wp-blog-header.php(19): require_once('/app/public/wp-...')
#2 /app/public/index.php(17): require('/app/public/wp-...')
#3 {main}
  thrown in /app/public/wp-content/themes/songwriter-shelter-studios-wordpress/page-modern-music-production-and-composition-a-deep-dive-into-the-why-and-the-how.php on line 43
[30-Apr-2018 18:52:12 UTC] PHP Fatal error:  Uncaught Error: Call to a member function have_posts() on null in /app/public/wp-content/themes/songwriter-shelter-studios-wordpress/page-modern-music-production-and-composition-a-deep-dive-into-the-why-and-the-how.php:43
Stack trace:
#0 /app/public/wp-includes/template-loader.php(74): include()
#1 /app/public/wp-blog-header.php(19): require_once('/app/public/wp-...')
#2 /app/public/index.php(17): require('/app/public/wp-...')
#3 {main}
  thrown in /app/public/wp-content/themes/songwriter-shelter-studios-wordpress/page-modern-music-production-and-composition-a-deep-dive-into-the-why-and-the-how.php on line 43
[30-Apr-2018 18:53:08 UTC] PHP Fatal error:  Uncaught Error: Call to a member function have_posts() on null in /app/public/wp-content/themes/songwriter-shelter-studios-wordpress/page-modern-music-production-and-composition-a-deep-dive-into-the-why-and-the-how.php:43
Stack trace:
#0 /app/public/wp-includes/template-loader.php(74): include()
#1 /app/public/wp-blog-header.php(19): require_once('/app/public/wp-...')
#2 /app/public/index.php(17): require('/app/public/wp-...')
#3 {main}
  thrown in /app/public/wp-content/themes/songwriter-shelter-studios-wordpress/page-modern-music-production-and-composition-a-deep-dive-into-the-why-and-the-how.php on line 43
[30-Apr-2018 18:53:10 UTC] PHP Fatal error:  Uncaught Error: Call to a member function have_posts() on null in /app/public/wp-content/themes/songwriter-shelter-studios-wordpress/page-modern-music-production-and-composition-a-deep-dive-into-the-why-and-the-how.php:43
Stack trace:
#0 /app/public/wp-includes/template-loader.php(74): include()
#1 /app/public/wp-blog-header.php(19): require_once('/app/public/wp-...')
#2 /app/public/index.php(17): require('/app/public/wp-...')
#3 {main}
  thrown in /app/public/wp-content/themes/songwriter-shelter-studios-wordpress/page-modern-music-production-and-composition-a-deep-dive-into-the-why-and-the-how.php on line 43
[30-Apr-2018 18:54:45 UTC] PHP Fatal error:  Uncaught Error: Call to a member function have_posts() on null in /app/public/wp-content/themes/songwriter-shelter-studios-wordpress/page-modern-music-production-and-composition-a-deep-dive-into-the-why-and-the-how.php:58
Stack trace:
#0 /app/public/wp-includes/template-loader.php(74): include()
#1 /app/public/wp-blog-header.php(19): require_once('/app/public/wp-...')
#2 /app/public/index.php(17): require('/app/public/wp-...')
#3 {main}
  thrown in /app/public/wp-content/themes/songwriter-shelter-studios-wordpress/page-modern-music-production-and-composition-a-deep-dive-into-the-why-and-the-how.php on line 58
[30-Apr-2018 19:03:45 UTC] PHP Fatal error:  Uncaught Error: Call to a member function have_posts() on null in /app/public/wp-content/themes/songwriter-shelter-studios-wordpress/page-songwriter-advice-from-a-nashville-music-producer.php:59
Stack trace:
#0 /app/public/wp-includes/template-loader.php(74): include()
#1 /app/public/wp-blog-header.php(19): require_once('/app/public/wp-...')
#2 /app/public/index.php(17): require('/app/public/wp-...')
#3 {main}
  thrown in /app/public/wp-content/themes/songwriter-shelter-studios-wordpress/page-songwriter-advice-from-a-nashville-music-producer.php on line 59
[30-Apr-2018 19:04:10 UTC] PHP Fatal error:  Uncaught Error: Call to a member function have_posts() on null in /app/public/wp-content/themes/songwriter-shelter-studios-wordpress/page-songwriter-advice-from-a-nashville-music-producer.php:65
Stack trace:
#0 /app/public/wp-includes/template-loader.php(74): include()
#1 /app/public/wp-blog-header.php(19): require_once('/app/public/wp-...')
#2 /app/public/index.php(17): require('/app/public/wp-...')
#3 {main}
  thrown in /app/public/wp-content/themes/songwriter-shelter-studios-wordpress/page-songwriter-advice-from-a-nashville-music-producer.php on line 65
[30-Apr-2018 19:04:17 UTC] PHP Fatal error:  Uncaught Error: Call to a member function have_posts() on null in /app/public/wp-content/themes/songwriter-shelter-studios-wordpress/page-songwriter-advice-from-a-nashville-music-producer.php:65
Stack trace:
#0 /app/public/wp-includes/template-loader.php(74): include()
#1 /app/public/wp-blog-header.php(19): require_once('/app/public/wp-...')
#2 /app/public/index.php(17): require('/app/public/wp-...')
#3 {main}
  thrown in /app/public/wp-content/themes/songwriter-shelter-studios-wordpress/page-songwriter-advice-from-a-nashville-music-producer.php on line 65
[30-Apr-2018 19:54:45 UTC] PHP Parse error:  syntax error, unexpected '}', expecting end of file in /app/public/wp-content/themes/songwriter-shelter-studios-wordpress/archive-songwriter-salon.php on line 88
[30-Apr-2018 19:59:53 UTC] PHP Parse error:  syntax error, unexpected '}', expecting ',' or ';' in /app/public/wp-content/themes/songwriter-shelter-studios-wordpress/archive-songwriter-salon.php on line 14
[30-Apr-2018 20:08:28 UTC] PHP Fatal error:  Uncaught Error: Call to undefined function get_site_uri() in /app/public/wp-content/themes/songwriter-shelter-studios-wordpress/archive-songwriter-salon.php:23
Stack trace:
#0 /app/public/wp-includes/template-loader.php(74): include()
#1 /app/public/wp-blog-header.php(19): require_once('/app/public/wp-...')
#2 /app/public/index.php(17): require('/app/public/wp-...')
#3 {main}
  thrown in /app/public/wp-content/themes/songwriter-shelter-studios-wordpress/archive-songwriter-salon.php on line 23
[30-Apr-2018 20:11:38 UTC] PHP Fatal error:  Uncaught Error: Call to undefined function get_site_uri() in /app/public/wp-content/themes/songwriter-shelter-studios-wordpress/archive-songwriter-salon.php:24
Stack trace:
#0 /app/public/wp-includes/template-loader.php(74): include()
#1 /app/public/wp-blog-header.php(19): require_once('/app/public/wp-...')
#2 /app/public/index.php(17): require('/app/public/wp-...')
#3 {main}
  thrown in /app/public/wp-content/themes/songwriter-shelter-studios-wordpress/archive-songwriter-salon.php on line 24
[30-Apr-2018 21:59:38 UTC] PHP Parse error:  syntax error, unexpected '=>' (T_DOUBLE_ARROW), expecting ',' or ')' in /app/public/wp-content/themes/songwriter-shelter-studios-wordpress/functions.php on line 41
[30-Apr-2018 21:59:39 UTC] PHP Parse error:  syntax error, unexpected '=>' (T_DOUBLE_ARROW), expecting ',' or ')' in /app/public/wp-content/themes/songwriter-shelter-studios-wordpress/functions.php on line 41
[30-Apr-2018 21:59:55 UTC] PHP Parse error:  syntax error, unexpected end of file in /app/public/wp-content/themes/songwriter-shelter-studios-wordpress/functions.php on line 45
[01-May-2018 04:06:28 UTC] PHP Parse error:  syntax error, unexpected 'echo' (T_ECHO), expecting ',' or ';' in /app/public/wp-content/themes/songwriter-shelter-studios-wordpress/single-songwriter-salon.php on line 26
[01-May-2018 04:10:22 UTC] PHP Warning:  Invalid argument supplied for foreach() in /app/public/wp-content/themes/songwriter-shelter-studios-wordpress/single-songwriter-salon.php on line 28
[01-May-2018 04:48:30 UTC] PHP Parse error:  syntax error, unexpected ')' in /app/public/wp-content/themes/songwriter-shelter-studios-wordpress/single-songwriter-advice.php on line 35
[01-May-2018 16:08:53 UTC] PHP Parse error:  syntax error, unexpected '}', expecting end of file in /app/public/wp-content/themes/songwriter-shelter-studios-wordpress/single-production-tutorials.php on line 34
[01-May-2018 16:58:19 UTC] PHP Fatal error:  Uncaught ArgumentCountError: Too few arguments to function pageBanner(), 0 passed in /app/public/wp-content/themes/songwriter-shelter-studios-wordpress/page-modern-music-production-and-composition-a-deep-dive-into-the-why-and-the-how.php on line 18 and exactly 1 expected in /app/public/wp-content/themes/songwriter-shelter-studios-wordpress/functions.php:3
Stack trace:
#0 /app/public/wp-content/themes/songwriter-shelter-studios-wordpress/page-modern-music-production-and-composition-a-deep-dive-into-the-why-and-the-how.php(18): pageBanner()
#1 /app/public/wp-includes/template-loader.php(74): include('/app/public/wp-...')
#2 /app/public/wp-blog-header.php(19): require_once('/app/public/wp-...')
#3 /app/public/index.php(17): require('/app/public/wp-...')
#4 {main}
  thrown in /app/public/wp-content/themes/songwriter-shelter-studios-wordpress/functions.php on line 3
[01-May-2018 16:59:33 UTC] PHP Fatal error:  Uncaught ArgumentCountError: Too few arguments to function pageBanner(), 0 passed in /app/public/wp-content/themes/songwriter-shelter-studios-wordpress/page-modern-music-production-and-composition-a-deep-dive-into-the-why-and-the-how.php on line 18 and exactly 1 expected in /app/public/wp-content/themes/songwriter-shelter-studios-wordpress/functions.php:3
Stack trace:
#0 /app/public/wp-content/themes/songwriter-shelter-studios-wordpress/page-modern-music-production-and-composition-a-deep-dive-into-the-why-and-the-how.php(18): pageBanner()
#1 /app/public/wp-includes/template-loader.php(74): include('/app/public/wp-...')
#2 /app/public/wp-blog-header.php(19): require_once('/app/public/wp-...')
#3 /app/public/index.php(17): require('/app/public/wp-...')
#4 {main}
  thrown in /app/public/wp-content/themes/songwriter-shelter-studios-wordpress/functions.php on line 3
[01-May-2018 17:00:18 UTC] PHP Fatal error:  Uncaught ArgumentCountError: Too few arguments to function pageBanner(), 0 passed in /app/public/wp-content/themes/songwriter-shelter-studios-wordpress/page-modern-music-production-and-composition-a-deep-dive-into-the-why-and-the-how.php on line 18 and exactly 1 expected in /app/public/wp-content/themes/songwriter-shelter-studios-wordpress/functions.php:3
Stack trace:
#0 /app/public/wp-content/themes/songwriter-shelter-studios-wordpress/page-modern-music-production-and-composition-a-deep-dive-into-the-why-and-the-how.php(18): pageBanner()
#1 /app/public/wp-includes/template-loader.php(74): include('/app/public/wp-...')
#2 /app/public/wp-blog-header.php(19): require_once('/app/public/wp-...')
#3 /app/public/index.php(17): require('/app/public/wp-...')
#4 {main}
  thrown in /app/public/wp-content/themes/songwriter-shelter-studios-wordpress/functions.php on line 3
[01-May-2018 17:05:09 UTC] PHP Fatal error:  Constant expression contains invalid operations in /app/public/wp-content/themes/songwriter-shelter-studios-wordpress/functions.php on line 3
[01-May-2018 17:29:03 UTC] PHP Warning:  Cannot use a scalar value as an array in /app/public/wp-content/themes/songwriter-shelter-studios-wordpress/functions.php on line 6
[01-May-2018 17:29:03 UTC] PHP Warning:  Cannot use a scalar value as an array in /app/public/wp-content/themes/songwriter-shelter-studios-wordpress/functions.php on line 9
[01-May-2018 17:29:03 UTC] PHP Warning:  Cannot use a scalar value as an array in /app/public/wp-content/themes/songwriter-shelter-studios-wordpress/functions.php on line 13
[01-May-2018 17:29:03 UTC] PHP Warning:  Cannot use a scalar value as an array in /app/public/wp-content/themes/songwriter-shelter-studios-wordpress/functions.php on line 6
[01-May-2018 17:29:03 UTC] PHP Warning:  Cannot use a scalar value as an array in /app/public/wp-content/themes/songwriter-shelter-studios-wordpress/functions.php on line 9
[01-May-2018 17:29:03 UTC] PHP Warning:  Cannot use a scalar value as an array in /app/public/wp-content/themes/songwriter-shelter-studios-wordpress/functions.php on line 13
[02-May-2018 01:10:07 UTC] PHP Parse error:  syntax error, unexpected '}', expecting end of file in /app/public/wp-content/themes/songwriter-shelter-studios-wordpress/page-modern-music-production-and-composition-a-deep-dive-into-the-why-and-the-how.php on line 86
[02-May-2018 01:30:58 UTC] PHP Parse error:  syntax error, unexpected 'echo' (T_ECHO) in /app/public/wp-content/themes/songwriter-shelter-studios-wordpress/page-modern-music-production-and-composition-a-deep-dive-into-the-why-and-the-how.php on line 41
[02-May-2018 01:31:55 UTC] PHP Fatal error:  Uncaught ArgumentCountError: Too few arguments to function get_post_type_archive_link(), 0 passed in /app/public/wp-content/themes/songwriter-shelter-studios-wordpress/page-modern-music-production-and-composition-a-deep-dive-into-the-why-and-the-how.php on line 41 and exactly 1 expected in /app/public/wp-includes/link-template.php:1134
Stack trace:
#0 /app/public/wp-content/themes/songwriter-shelter-studios-wordpress/page-modern-music-production-and-composition-a-deep-dive-into-the-why-and-the-how.php(41): get_post_type_archive_link()
#1 /app/public/wp-includes/template-loader.php(74): include('/app/public/wp-...')
#2 /app/public/wp-blog-header.php(19): require_once('/app/public/wp-...')
#3 /app/public/index.php(17): require('/app/public/wp-...')
#4 {main}
  thrown in /app/public/wp-includes/link-template.php on line 1134
[02-May-2018 01:31:59 UTC] PHP Fatal error:  Uncaught ArgumentCountError: Too few arguments to function get_post_type_archive_link(), 0 passed in /app/public/wp-content/themes/songwriter-shelter-studios-wordpress/page-modern-music-production-and-composition-a-deep-dive-into-the-why-and-the-how.php on line 41 and exactly 1 expected in /app/public/wp-includes/link-template.php:1134
Stack trace:
#0 /app/public/wp-content/themes/songwriter-shelter-studios-wordpress/page-modern-music-production-and-composition-a-deep-dive-into-the-why-and-the-how.php(41): get_post_type_archive_link()
#1 /app/public/wp-includes/template-loader.php(74): include('/app/public/wp-...')
#2 /app/public/wp-blog-header.php(19): require_once('/app/public/wp-...')
#3 /app/public/index.php(17): require('/app/public/wp-...')
#4 {main}
  thrown in /app/public/wp-includes/link-template.php on line 1134
[02-May-2018 01:39:52 UTC] PHP Parse error:  syntax error, unexpected ''post_type'' (T_CONSTANT_ENCAPSED_STRING), expecting identifier (T_STRING) or variable (T_VARIABLE) or '{' or '$' in /app/public/wp-content/themes/songwriter-shelter-studios-wordpress/page-modern-music-production-and-composition-a-deep-dive-into-the-why-and-the-how.php on line 43
[02-May-2018 01:40:04 UTC] PHP Fatal error:  Uncaught Error: Cannot use object of type WP_Query as array in /app/public/wp-content/themes/songwriter-shelter-studios-wordpress/page-modern-music-production-and-composition-a-deep-dive-into-the-why-and-the-how.php:43
Stack trace:
#0 /app/public/wp-includes/template-loader.php(74): include()
#1 /app/public/wp-blog-header.php(19): require_once('/app/public/wp-...')
#2 /app/public/index.php(17): require('/app/public/wp-...')
#3 {main}
  thrown in /app/public/wp-content/themes/songwriter-shelter-studios-wordpress/page-modern-music-production-and-composition-a-deep-dive-into-the-why-and-the-how.php on line 43
[02-May-2018 14:53:16 UTC] PHP Parse error:  syntax error, unexpected end of file in /app/public/wp-content/themes/songwriter-shelter-studios-wordpress/functions.php on line 171
[02-May-2018 14:54:03 UTC] PHP Parse error:  syntax error, unexpected end of file in /app/public/wp-content/themes/songwriter-shelter-studios-wordpress/functions.php on line 171
[02-May-2018 16:08:32 UTC] PHP Warning:  Illegal string offset 'related-field' in /app/public/wp-content/themes/songwriter-shelter-studios-wordpress/functions.php on line 137
[02-May-2018 16:08:32 UTC] PHP Fatal error:  Uncaught Error: Call to a member function have_posts() on boolean in /app/public/wp-content/themes/songwriter-shelter-studios-wordpress/functions.php:193
Stack trace:
#0 /app/public/wp-content/themes/songwriter-shelter-studios-wordpress/functions.php(155): singleRelatedPostLinkBack(false, 'If You Liked Th...')
#1 /app/public/wp-content/themes/songwriter-shelter-studios-wordpress/single-production-tutorials.php(11): singleMainContent(Array)
#2 /app/public/wp-includes/template-loader.php(74): include('/app/public/wp-...')
#3 /app/public/wp-blog-header.php(19): require_once('/app/public/wp-...')
#4 /app/public/index.php(17): require('/app/public/wp-...')
#5 {main}
  thrown in /app/public/wp-content/themes/songwriter-shelter-studios-wordpress/functions.php on line 193
[02-May-2018 16:10:23 UTC] PHP Warning:  Illegal string offset 'related-field' in /app/public/wp-content/themes/songwriter-shelter-studios-wordpress/functions.php on line 137
[02-May-2018 16:12:22 UTC] PHP Warning:  Illegal string offset 'related-field' in /app/public/wp-content/themes/songwriter-shelter-studios-wordpress/functions.php on line 137
[02-May-2018 16:12:35 UTC] PHP Warning:  Illegal string offset 'related-field' in /app/public/wp-content/themes/songwriter-shelter-studios-wordpress/functions.php on line 137
[02-May-2018 16:12:35 UTC] PHP Fatal error:  Uncaught Error: Call to a member function have_posts() on null in /app/public/wp-content/themes/songwriter-shelter-studios-wordpress/functions.php:197
Stack trace:
#0 /app/public/wp-content/themes/songwriter-shelter-studios-wordpress/functions.php(171): singleRelatedPostLinkBack(NULL, 'If You Liked Th...')
#1 /app/public/wp-content/themes/songwriter-shelter-studios-wordpress/single-production-tutorials.php(12): singleMainContent(Array)
#2 /app/public/wp-includes/template-loader.php(74): include('/app/public/wp-...')
#3 /app/public/wp-blog-header.php(19): require_once('/app/public/wp-...')
#4 /app/public/index.php(17): require('/app/public/wp-...')
#5 {main}
  thrown in /app/public/wp-content/themes/songwriter-shelter-studios-wordpress/functions.php on line 197
[02-May-2018 16:12:47 UTC] PHP Warning:  Illegal string offset 'related-field' in /app/public/wp-content/themes/songwriter-shelter-studios-wordpress/functions.php on line 137
[02-May-2018 16:14:12 UTC] PHP Fatal error:  Uncaught Error: Call to a member function have_posts() on null in /app/public/wp-content/themes/songwriter-shelter-studios-wordpress/functions.php:197
Stack trace:
#0 /app/public/wp-content/themes/songwriter-shelter-studios-wordpress/functions.php(171): singleRelatedPostLinkBack(NULL, 'If You Liked Th...')
#1 /app/public/wp-content/themes/songwriter-shelter-studios-wordpress/single-production-tutorials.php(10): singleMainContent()
#2 /app/public/wp-includes/template-loader.php(74): include('/app/public/wp-...')
#3 /app/public/wp-blog-header.php(19): require_once('/app/public/wp-...')
#4 /app/public/index.php(17): require('/app/public/wp-...')
#5 {main}
  thrown in /app/public/wp-content/themes/songwriter-shelter-studios-wordpress/functions.php on line 197
[03-May-2018 15:53:46 UTC] PHP Warning:  Cannot use a scalar value as an array in /app/public/wp-includes/class.wp-scripts.php on line 426
[03-May-2018 15:53:48 UTC] PHP Warning:  Cannot use a scalar value as an array in /app/public/wp-includes/class.wp-scripts.php on line 426
[03-May-2018 21:40:54 UTC] PHP Parse error:  syntax error, unexpected end of file in /app/public/wp-content/themes/songwriter-shelter-studios-wordpress/inc/search-route.php on line 81
[03-May-2018 21:42:36 UTC] PHP Parse error:  syntax error, unexpected end of file in /app/public/wp-content/themes/songwriter-shelter-studios-wordpress/inc/search-route.php on line 81
[04-May-2018 19:09:58 UTC] PHP Parse error:  syntax error, unexpected 'custom_field_excerpt' (T_STRING) in /app/public/wp-content/themes/songwriter-shelter-studios-wordpress/functions.php on line 158
[04-May-2018 21:25:06 UTC] PHP Parse error:  syntax error, unexpected end of file in /app/public/wp-content/themes/songwriter-shelter-studios-wordpress/inc/search-route.php on line 162
[04-May-2018 21:25:53 UTC] PHP Parse error:  syntax error, unexpected end of file in /app/public/wp-content/themes/songwriter-shelter-studios-wordpress/inc/search-route.php on line 162
[04-May-2018 21:27:54 UTC] PHP Parse error:  syntax error, unexpected end of file in /app/public/wp-content/themes/songwriter-shelter-studios-wordpress/inc/search-route.php on line 162
[04-May-2018 21:29:11 UTC] PHP Parse error:  syntax error, unexpected end of file in /app/public/wp-content/themes/songwriter-shelter-studios-wordpress/inc/search-route.php on line 162
[04-May-2018 21:29:37 UTC] PHP Parse error:  syntax error, unexpected end of file in /app/public/wp-content/themes/songwriter-shelter-studios-wordpress/inc/search-route.php on line 162
[07-May-2018 00:42:26 UTC] PHP Fatal error:  Uncaught Error: Call to a member function have_posts() on null in /app/public/wp-content/themes/songwriter-shelter-studios-wordpress/functions.php:93
Stack trace:
#0 /app/public/wp-content/themes/songwriter-shelter-studios-wordpress/page-music-philosophy-discussion.php(45): forumMainContent(Array)
#1 /app/public/wp-includes/template-loader.php(74): include('/app/public/wp-...')
#2 /app/public/wp-blog-header.php(19): require_once('/app/public/wp-...')
#3 /app/public/index.php(17): require('/app/public/wp-...')
#4 {main}
  thrown in /app/public/wp-content/themes/songwriter-shelter-studios-wordpress/functions.php on line 93
[07-May-2018 00:42:58 UTC] PHP Fatal error:  Uncaught Error: Call to a member function have_posts() on null in /app/public/wp-content/themes/songwriter-shelter-studios-wordpress/functions.php:93
Stack trace:
#0 /app/public/wp-content/themes/songwriter-shelter-studios-wordpress/page-music-philosophy-discussion.php(44): forumMainContent(Array)
#1 /app/public/wp-includes/template-loader.php(74): include('/app/public/wp-...')
#2 /app/public/wp-blog-header.php(19): require_once('/app/public/wp-...')
#3 /app/public/index.php(17): require('/app/public/wp-...')
#4 {main}
  thrown in /app/public/wp-content/themes/songwriter-shelter-studios-wordpress/functions.php on line 93
[07-May-2018 15:49:27 UTC] PHP Parse error:  syntax error, unexpected ''author'' (T_CONSTANT_ENCAPSED_STRING), expecting ']' in /app/public/wp-content/themes/songwriter-shelter-studios-wordpress/page-music-philosophy-discussion.php on line 8
[08-May-2018 17:16:03 UTC] PHP Recoverable fatal error:  Object of class wpdb could not be converted to string in /app/public/wp-content/themes/songwriter-shelter-studios-wordpress/page-music-philosophy-discussion.php on line 113
[08-May-2018 17:18:06 UTC] WordPress database error Unknown column 'user_id' in 'where clause' for query SELECT COUNT(*) FROM wp_posts WHERE post_status = 'publish' AND post_type = 'music-phil-forum' AND user_id = get_current_user_id() AND post_date >= DATE_SUB(CURRENT_DATE, INTERVAL 1 DAY) LIMIT 0, 30 made by require('wp-blog-header.php'), require_once('wp-includes/template-loader.php'), include('/themes/songwriter-shelter-studios-wordpress/page-music-philosophy-discussion.php')
[08-May-2018 17:18:20 UTC] WordPress database error Unknown column 'user_id' in 'where clause' for query SELECT COUNT(*) FROM wp_posts WHERE post_status = 'publish' AND post_type = 'music-phil-forum' AND user_id = 2 AND post_date >= DATE_SUB(CURRENT_DATE, INTERVAL 1 DAY) LIMIT 0, 30 made by require('wp-blog-header.php'), require_once('wp-includes/template-loader.php'), include('/themes/songwriter-shelter-studios-wordpress/page-music-philosophy-discussion.php')
[09-May-2018 18:09:50 UTC] PHP Fatal error:  Uncaught Error: Call to undefined function is_post() in /app/public/wp-content/themes/songwriter-shelter-studios-wordpress/functions.php:92
Stack trace:
#0 /app/public/wp-content/themes/songwriter-shelter-studios-wordpress/single-songwriter-salon.php(10): pageBanner()
#1 /app/public/wp-includes/template-loader.php(74): include('/app/public/wp-...')
#2 /app/public/wp-blog-header.php(19): require_once('/app/public/wp-...')
#3 /app/public/index.php(17): require('/app/public/wp-...')
#4 {main}
  thrown in /app/public/wp-content/themes/songwriter-shelter-studios-wordpress/functions.php on line 92
[09-May-2018 18:27:42 UTC] PHP Parse error:  syntax error, unexpected ')' in /app/public/wp-content/themes/songwriter-shelter-studios-wordpress/functions.php on line 508
[09-May-2018 18:28:10 UTC] PHP Parse error:  syntax error, unexpected ')' in /app/public/wp-content/themes/songwriter-shelter-studios-wordpress/functions.php on line 508
[09-May-2018 18:28:12 UTC] PHP Parse error:  syntax error, unexpected ')' in /app/public/wp-content/themes/songwriter-shelter-studios-wordpress/functions.php on line 508
[10-May-2018 14:56:04 UTC] WordPress database error Query execution was interrupted for query SELECT option_value FROM wp_options WHERE option_name = '_site_transient_update_core' LIMIT 1 made by include('phar:///usr/local/bin/wp/php/boot-phar.php'), include('phar:///usr/local/bin/wp/php/wp-cli.php'), WP_CLI\bootstrap, WP_CLI\Bootstrap\LaunchRunner->process, WP_CLI\Runner->start, WP_CLI\Runner->_run_command_and_exit, WP_CLI\Runner->run_command, WP_CLI\Dispatcher\Subcommand->invoke, call_user_func, WP_CLI\Dispatcher\CommandFactory::WP_CLI\Dispatcher\{closure}, call_user_func, Core_Command->check_update, Core_Command->get_updates, wp_version_check, get_site_transient, get_site_option, get_network_option, get_option
[10-May-2018 14:56:04 UTC] PHP Warning:  Error while sending QUERY packet. PID=331 in /app/public/wp-includes/wp-db.php on line 1924
[12-May-2018 00:30:39 UTC] PHP Parse error:  syntax error, unexpected ';', expecting ']' in /app/public/wp-content/themes/songwriter-shelter-studios-wordpress/page-songwriter-shelter-forum.php on line 18
[12-May-2018 00:32:02 UTC] PHP Parse error:  syntax error, unexpected ';', expecting ']' in /app/public/wp-content/themes/songwriter-shelter-studios-wordpress/page-songwriter-shelter-forum.php on line 18
[12-May-2018 00:32:04 UTC] PHP Parse error:  syntax error, unexpected ';', expecting ']' in /app/public/wp-content/themes/songwriter-shelter-studios-wordpress/page-songwriter-shelter-forum.php on line 18
[12-May-2018 00:34:47 UTC] PHP Parse error:  syntax error, unexpected ';', expecting ']' in /app/public/wp-content/themes/songwriter-shelter-studios-wordpress/page-songwriter-shelter-forum.php on line 18
[13-May-2018 16:02:24 UTC] WordPress database error Query execution was interrupted for query SELECT option_value FROM wp_options WHERE option_name = 'wpforms_debug' LIMIT 1 made by require_once('wp-load.php'), require_once('wp-config.php'), require_once('wp-settings.php'), do_action('init'), WP_Hook->do_action, WP_Hook->apply_filters, WPForms_Logging->register_post_type, wpforms_debug, get_option
[13-May-2018 16:02:24 UTC] PHP Warning:  Error while sending QUERY packet. PID=20 in /app/public/wp-includes/wp-db.php on line 1924
[14-May-2018 16:55:03 UTC] WordPress database error Query execution was interrupted for query SELECT option_value FROM wp_options WHERE option_name = 'members_settings' LIMIT 1 made by include('phar:///usr/local/bin/wp/php/boot-phar.php'), include('phar:///usr/local/bin/wp/php/wp-cli.php'), WP_CLI\bootstrap, WP_CLI\Bootstrap\LaunchRunner->process, WP_CLI\Runner->start, WP_CLI\Runner->load_wordpress, require('wp-settings.php'), include_once('/plugins/members/members.php'), members_plugin, Members_Plugin::get_instance, Members_Plugin->includes, require_once('/plugins/members/inc/functions-users.php'), members_explicitly_deny_caps, members_get_setting, get_option
[14-May-2018 16:55:03 UTC] PHP Warning:  Error while sending QUERY packet. PID=714 in /app/public/wp-includes/wp-db.php on line 1924
[15-May-2018 17:37:52 UTC] PHP Parse error:  syntax error, unexpected ';', expecting ',' or ')' in /app/public/wp-content/themes/songwriter-shelter-studios-wordpress/functions.php on line 137
[15-May-2018 17:38:38 UTC] PHP Parse error:  syntax error, unexpected 'the_permalink' (T_STRING), expecting ',' or ')' in /app/public/wp-content/themes/songwriter-shelter-studios-wordpress/functions.php on line 137
[15-May-2018 22:05:16 UTC] PHP Fatal error:  Uncaught Error: Call to a member function have_posts() on null in /app/public/wp-content/themes/songwriter-shelter-studios-wordpress/functions.php:221
Stack trace:
#0 /app/public/wp-content/themes/songwriter-shelter-studios-wordpress/page-music-philosophy-discussion.php(90): forumPostCreateDeleteModifyButtons()
#1 /app/public/wp-includes/template-loader.php(74): include('/app/public/wp-...')
#2 /app/public/wp-blog-header.php(19): require_once('/app/public/wp-...')
#3 /app/public/index.php(17): require('/app/public/wp-...')
#4 {main}
  thrown in /app/public/wp-content/themes/songwriter-shelter-studios-wordpress/functions.php on line 221
[15-May-2018 22:05:20 UTC] PHP Fatal error:  Uncaught Error: Call to a member function have_posts() on null in /app/public/wp-content/themes/songwriter-shelter-studios-wordpress/functions.php:221
Stack trace:
#0 /app/public/wp-content/themes/songwriter-shelter-studios-wordpress/page-music-philosophy-discussion.php(90): forumPostCreateDeleteModifyButtons()
#1 /app/public/wp-includes/template-loader.php(74): include('/app/public/wp-...')
#2 /app/public/wp-blog-header.php(19): require_once('/app/public/wp-...')
#3 /app/public/index.php(17): require('/app/public/wp-...')
#4 {main}
  thrown in /app/public/wp-content/themes/songwriter-shelter-studios-wordpress/functions.php on line 221
[15-May-2018 22:06:24 UTC] PHP Fatal error:  Uncaught Error: Call to a member function have_posts() on null in /app/public/wp-content/themes/songwriter-shelter-studios-wordpress/functions.php:221
Stack trace:
#0 /app/public/wp-content/themes/songwriter-shelter-studios-wordpress/page-music-philosophy-discussion.php(90): forumPostCreateDeleteModifyButtons()
#1 /app/public/wp-includes/template-loader.php(74): include('/app/public/wp-...')
#2 /app/public/wp-blog-header.php(19): require_once('/app/public/wp-...')
#3 /app/public/index.php(17): require('/app/public/wp-...')
#4 {main}
  thrown in /app/public/wp-content/themes/songwriter-shelter-studios-wordpress/functions.php on line 221
[15-May-2018 22:06:37 UTC] PHP Fatal error:  Uncaught Error: Call to a member function have_posts() on null in /app/public/wp-content/themes/songwriter-shelter-studios-wordpress/functions.php:221
Stack trace:
#0 /app/public/wp-content/themes/songwriter-shelter-studios-wordpress/page-music-philosophy-discussion.php(90): forumPostCreateDeleteModifyButtons()
#1 /app/public/wp-includes/template-loader.php(74): include('/app/public/wp-...')
#2 /app/public/wp-blog-header.php(19): require_once('/app/public/wp-...')
#3 /app/public/index.php(17): require('/app/public/wp-...')
#4 {main}
  thrown in /app/public/wp-content/themes/songwriter-shelter-studios-wordpress/functions.php on line 221
[15-May-2018 22:19:21 UTC] PHP Fatal error:  Uncaught Error: Call to undefined function WP_Query() in /app/public/wp-content/themes/songwriter-shelter-studios-wordpress/page-music-philosophy-discussion.php:28
Stack trace:
#0 /app/public/wp-includes/template-loader.php(74): include()
#1 /app/public/wp-blog-header.php(19): require_once('/app/public/wp-...')
#2 /app/public/index.php(17): require('/app/public/wp-...')
#3 {main}
  thrown in /app/public/wp-content/themes/songwriter-shelter-studios-wordpress/page-music-philosophy-discussion.php on line 28
[15-May-2018 22:19:39 UTC] PHP Recoverable fatal error:  Object of class WP_Query could not be converted to string in /app/public/wp-content/themes/songwriter-shelter-studios-wordpress/page-music-philosophy-discussion.php on line 29
[15-May-2018 22:20:02 UTC] PHP Parse error:  syntax error, unexpected ''author'' (T_CONSTANT_ENCAPSED_STRING), expecting identifier (T_STRING) or variable (T_VARIABLE) or '{' or '$' in /app/public/wp-content/themes/songwriter-shelter-studios-wordpress/page-music-philosophy-discussion.php on line 29
[15-May-2018 22:29:26 UTC] PHP Fatal error:  Uncaught Error: Call to undefined function get__current_user_id() in /app/public/wp-content/themes/songwriter-shelter-studios-wordpress/page-music-philosophy-discussion.php:11
Stack trace:
#0 /app/public/wp-content/themes/songwriter-shelter-studios-wordpress/page-music-philosophy-discussion.php(60): wpForumQueryCreator('music-phil-foru...')
#1 /app/public/wp-includes/template-loader.php(74): include('/app/public/wp-...')
#2 /app/public/wp-blog-header.php(19): require_once('/app/public/wp-...')
#3 /app/public/index.php(17): require('/app/public/wp-...')
#4 {main}
  thrown in /app/public/wp-content/themes/songwriter-shelter-studios-wordpress/page-music-philosophy-discussion.php on line 11
[15-May-2018 22:50:15 UTC] PHP Fatal error:  Uncaught Error: Call to undefined function get_the_post_type() in /app/public/wp-content/themes/songwriter-shelter-studios-wordpress/functions.php:197
Stack trace:
#0 /app/public/wp-content/themes/songwriter-shelter-studios-wordpress/page-songwriter-shelter-forum.php(107): forumCategorySubtitle()
#1 /app/public/wp-includes/template-loader.php(74): include('/app/public/wp-...')
#2 /app/public/wp-blog-header.php(19): require_once('/app/public/wp-...')
#3 /app/public/index.php(17): require('/app/public/wp-...')
#4 {main}
  thrown in /app/public/wp-content/themes/songwriter-shelter-studios-wordpress/functions.php on line 197
[15-May-2018 23:14:39 UTC] PHP Warning:  require(single-forum-posts): failed to open stream: No such file or directory in /app/public/wp-content/themes/songwriter-shelter-studios-wordpress/single-music-phil-forum.php on line 1
[15-May-2018 23:14:39 UTC] PHP Fatal error:  require(): Failed opening required 'single-forum-posts' (include_path='.:/usr/share/php:/www/wp-content/pear') in /app/public/wp-content/themes/songwriter-shelter-studios-wordpress/single-music-phil-forum.php on line 1
[15-May-2018 23:15:56 UTC] PHP Warning:  require(/app/public/wp-content/themes/songwriter-shelter-studios-wordpress/single-forum-posts): failed to open stream: No such file or directory in /app/public/wp-content/themes/songwriter-shelter-studios-wordpress/single-music-phil-forum.php on line 1
[15-May-2018 23:15:56 UTC] PHP Fatal error:  require(): Failed opening required '/app/public/wp-content/themes/songwriter-shelter-studios-wordpress/single-forum-posts' (include_path='.:/usr/share/php:/www/wp-content/pear') in /app/public/wp-content/themes/songwriter-shelter-studios-wordpress/single-music-phil-forum.php on line 1
[15-May-2018 23:32:00 UTC] PHP Warning:  Attempt to assign property of non-object in /app/public/wp-includes/post.php on line 1450
[15-May-2018 23:32:00 UTC] PHP Warning:  Attempt to modify property of non-object in /app/public/wp-includes/post.php on line 1459
[15-May-2018 23:32:00 UTC] PHP Warning:  array_merge(): Argument #2 is not an array in /app/public/wp-includes/post.php on line 1475
[15-May-2018 23:32:00 UTC] PHP Warning:  Attempt to assign property of non-object in /app/public/wp-includes/post.php on line 1476
[15-May-2018 23:32:00 UTC] PHP Warning:  Attempt to assign property of non-object in /app/public/wp-includes/post.php on line 1450
[15-May-2018 23:32:00 UTC] PHP Warning:  Attempt to modify property of non-object in /app/public/wp-includes/post.php on line 1459
[15-May-2018 23:32:00 UTC] PHP Warning:  array_merge(): Argument #2 is not an array in /app/public/wp-includes/post.php on line 1475
[15-May-2018 23:32:00 UTC] PHP Warning:  Attempt to assign property of non-object in /app/public/wp-includes/post.php on line 1476
[15-May-2018 23:32:00 UTC] PHP Warning:  Attempt to assign property of non-object in /app/public/wp-includes/post.php on line 1450
[15-May-2018 23:32:00 UTC] PHP Warning:  Attempt to modify property of non-object in /app/public/wp-includes/post.php on line 1459
[15-May-2018 23:32:00 UTC] PHP Warning:  array_merge(): Argument #2 is not an array in /app/public/wp-includes/post.php on line 1475
[15-May-2018 23:32:00 UTC] PHP Warning:  Attempt to assign property of non-object in /app/public/wp-includes/post.php on line 1476
[15-May-2018 23:32:00 UTC] PHP Warning:  Attempt to assign property of non-object in /app/public/wp-includes/post.php on line 1450
[15-May-2018 23:32:00 UTC] PHP Warning:  Attempt to modify property of non-object in /app/public/wp-includes/post.php on line 1459
[15-May-2018 23:32:00 UTC] PHP Warning:  array_merge(): Argument #2 is not an array in /app/public/wp-includes/post.php on line 1475
[15-May-2018 23:32:00 UTC] PHP Warning:  Attempt to assign property of non-object in /app/public/wp-includes/post.php on line 1476
[15-May-2018 23:32:29 UTC] PHP Parse error:  syntax error, unexpected ''label'' (T_CONSTANT_ENCAPSED_STRING), expecting identifier (T_STRING) or variable (T_VARIABLE) or '{' or '$' in /app/public/wp-content/themes/songwriter-shelter-studios-wordpress/functions.php on line 214
[15-May-2018 23:33:09 UTC] PHP Parse error:  syntax error, unexpected ''label'' (T_CONSTANT_ENCAPSED_STRING), expecting identifier (T_STRING) or variable (T_VARIABLE) or '{' or '$' in /app/public/wp-content/themes/songwriter-shelter-studios-wordpress/functions.php on line 214
[15-May-2018 23:34:36 UTC] PHP Parse error:  syntax error, unexpected 'else' (T_ELSE) in /app/public/wp-content/themes/songwriter-shelter-studios-wordpress/functions.php on line 241
[16-May-2018 15:06:21 UTC] PHP Parse error:  syntax error, unexpected ''post_type'' (T_CONSTANT_ENCAPSED_STRING), expecting identifier (T_STRING) or variable (T_VARIABLE) or '{' or '$' in /app/public/wp-content/themes/songwriter-shelter-studios-wordpress/functions.php on line 215
[16-May-2018 15:24:04 UTC] PHP Fatal error:  Uncaught Error: Cannot use object of type WP_Query as array in /app/public/wp-content/themes/songwriter-shelter-studios-wordpress/functions.php:215
Stack trace:
#0 /app/public/wp-content/themes/songwriter-shelter-studios-wordpress/page-songwriter-shelter-forum.php(103): forumPostCreateDeleteModifyButtons(Object(WP_Query))
#1 /app/public/wp-includes/template-loader.php(74): include('/app/public/wp-...')
#2 /app/public/wp-blog-header.php(19): require_once('/app/public/wp-...')
#3 /app/public/index.php(17): require('/app/public/wp-...')
#4 {main}
  thrown in /app/public/wp-content/themes/songwriter-shelter-studios-wordpress/functions.php on line 215
[16-May-2018 15:33:26 UTC] PHP Fatal error:  Uncaught Error: Cannot use object of type WP_Query as array in /app/public/wp-content/themes/songwriter-shelter-studios-wordpress/functions.php:220
Stack trace:
#0 /app/public/wp-content/themes/songwriter-shelter-studios-wordpress/page-songwriter-shelter-forum.php(103): forumPostCreateDeleteModifyButtons(Object(WP_Query))
#1 /app/public/wp-includes/template-loader.php(74): include('/app/public/wp-...')
#2 /app/public/wp-blog-header.php(19): require_once('/app/public/wp-...')
#3 /app/public/index.php(17): require('/app/public/wp-...')
#4 {main}
  thrown in /app/public/wp-content/themes/songwriter-shelter-studios-wordpress/functions.php on line 220
[17-May-2018 22:46:59 UTC] PHP Fatal error:  Uncaught Error: Call to undefined function get_stylesheet_ur() in /app/public/wp-content/themes/songwriter-shelter-studios-wordpress/inc/user-registration-backend.php:44
Stack trace:
#0 /app/public/wp-includes/class-wp-hook.php(286): ourLoginCSS('')
#1 /app/public/wp-includes/class-wp-hook.php(310): WP_Hook->apply_filters('', Array)
#2 /app/public/wp-includes/plugin.php(453): WP_Hook->do_action(Array)
#3 /app/public/wp-login.php(103): do_action('login_enqueue_s...')
#4 /app/public/wp-login.php(973): login_header('Log In', '', Object(WP_Error))
#5 {main}
  thrown in /app/public/wp-content/themes/songwriter-shelter-studios-wordpress/inc/user-registration-backend.php on line 44
[17-May-2018 22:57:44 UTC] PHP Fatal error:  Uncaught Error: Call to undefined function get_site_ul() in /app/public/wp-content/themes/songwriter-shelter-studios-wordpress/front-page.php:69
Stack trace:
#0 /app/public/wp-includes/template-loader.php(74): include()
#1 /app/public/wp-blog-header.php(19): require_once('/app/public/wp-...')
#2 /app/public/index.php(17): require('/app/public/wp-...')
#3 {main}
  thrown in /app/public/wp-content/themes/songwriter-shelter-studios-wordpress/front-page.php on line 69
[17-May-2018 22:57:44 UTC] PHP Fatal error:  Uncaught Error: Call to undefined function get_site_ul() in /app/public/wp-content/themes/songwriter-shelter-studios-wordpress/front-page.php:69
Stack trace:
#0 /app/public/wp-includes/template-loader.php(74): include()
#1 /app/public/wp-blog-header.php(19): require_once('/app/public/wp-...')
#2 /app/public/index.php(17): require('/app/public/wp-...')
#3 {main}
  thrown in /app/public/wp-content/themes/songwriter-shelter-studios-wordpress/front-page.php on line 69
[19-May-2018 03:07:57 UTC] PHP Warning:  An unexpected error occurred. Something may be wrong with WordPress.org or this server&#8217;s configuration. If you continue to have problems, please try the <a href="https://wordpress.org/support/">support forums</a>. (WordPress could not establish a secure connection to WordPress.org. Please contact your server administrator.) in /app/public/wp-includes/update.php on line 155
[21-May-2018 00:30:35 UTC] PHP Parse error:  syntax error, unexpected '}', expecting ',' or ';' in /app/public/wp-content/themes/songwriter-shelter-studios-wordpress/page-songwriter-advice-from-a-nashville-music-producer.php on line 43
