[22-Apr-2018 22:29:19] NOTICE: fpm is running, pid 14
[22-Apr-2018 22:29:19] NOTICE: ready to handle connections
[22-Apr-2018 22:33:30] NOTICE: Terminating ...
[22-Apr-2018 22:33:30] NOTICE: exiting, bye-bye!
[22-Apr-2018 22:33:48] NOTICE: fpm is running, pid 24
[22-Apr-2018 22:33:48] NOTICE: ready to handle connections
[22-Apr-2018 22:34:27] NOTICE: Terminating ...
[22-Apr-2018 22:34:27] NOTICE: exiting, bye-bye!
[22-Apr-2018 22:50:29] NOTICE: fpm is running, pid 25
[22-Apr-2018 22:50:29] NOTICE: ready to handle connections
[23-Apr-2018 03:37:33] NOTICE: Terminating ...
[23-Apr-2018 03:37:33] NOTICE: exiting, bye-bye!
[23-Apr-2018 05:20:51] NOTICE: fpm is running, pid 25
[23-Apr-2018 05:20:51] NOTICE: ready to handle connections
[23-Apr-2018 06:20:52] NOTICE: Terminating ...
[23-Apr-2018 06:20:52] NOTICE: exiting, bye-bye!
[23-Apr-2018 14:24:10] NOTICE: fpm is running, pid 8
[23-Apr-2018 14:24:10] NOTICE: ready to handle connections
[23-Apr-2018 14:50:40] NOTICE: Terminating ...
[23-Apr-2018 14:50:40] NOTICE: exiting, bye-bye!
[23-Apr-2018 15:13:06] NOTICE: fpm is running, pid 8
[23-Apr-2018 15:13:06] NOTICE: ready to handle connections
[23-Apr-2018 21:44:51] NOTICE: Terminating ...
[23-Apr-2018 21:44:51] NOTICE: exiting, bye-bye!
[25-Apr-2018 20:58:11] NOTICE: fpm is running, pid 28
[25-Apr-2018 20:58:11] NOTICE: ready to handle connections
[26-Apr-2018 08:23:38] NOTICE: Terminating ...
[26-Apr-2018 08:23:38] NOTICE: exiting, bye-bye!
[27-Apr-2018 15:45:48] NOTICE: fpm is running, pid 26
[27-Apr-2018 15:45:48] NOTICE: ready to handle connections
[27-Apr-2018 16:06:32] NOTICE: Terminating ...
[27-Apr-2018 16:06:32] NOTICE: exiting, bye-bye!
[27-Apr-2018 16:13:52] NOTICE: fpm is running, pid 26
[27-Apr-2018 16:13:52] NOTICE: ready to handle connections
[27-Apr-2018 19:56:11] NOTICE: Terminating ...
[27-Apr-2018 19:56:11] NOTICE: exiting, bye-bye!
[29-Apr-2018 21:02:31] NOTICE: fpm is running, pid 8
[29-Apr-2018 21:02:31] NOTICE: ready to handle connections
[29-Apr-2018 21:04:21] NOTICE: Terminating ...
[29-Apr-2018 21:04:21] NOTICE: exiting, bye-bye!
[29-Apr-2018 21:56:01] NOTICE: fpm is running, pid 8
[29-Apr-2018 21:56:01] NOTICE: ready to handle connections
[30-Apr-2018 02:34:11] NOTICE: Terminating ...
[30-Apr-2018 02:34:11] NOTICE: exiting, bye-bye!
[30-Apr-2018 14:13:19] NOTICE: fpm is running, pid 27
[30-Apr-2018 14:13:19] NOTICE: ready to handle connections
[01-May-2018 05:07:07] NOTICE: Terminating ...
[01-May-2018 05:07:07] NOTICE: exiting, bye-bye!
[01-May-2018 13:49:56] NOTICE: fpm is running, pid 25
[01-May-2018 13:49:56] NOTICE: ready to handle connections
[02-May-2018 01:41:07] NOTICE: Terminating ...
[02-May-2018 01:41:07] NOTICE: exiting, bye-bye!
[02-May-2018 14:21:49] NOTICE: fpm is running, pid 25
[02-May-2018 14:21:49] NOTICE: ready to handle connections
[03-May-2018 13:07:18] NOTICE: fpm is running, pid 8
[03-May-2018 13:07:18] NOTICE: ready to handle connections
[03-May-2018 21:47:31] NOTICE: Terminating ...
[03-May-2018 21:47:31] NOTICE: exiting, bye-bye!
[04-May-2018 12:51:35] NOTICE: fpm is running, pid 26
[04-May-2018 12:51:35] NOTICE: ready to handle connections
[04-May-2018 15:11:13] NOTICE: Terminating ...
[04-May-2018 15:11:13] NOTICE: exiting, bye-bye!
[04-May-2018 17:42:53] NOTICE: fpm is running, pid 25
[04-May-2018 17:42:53] NOTICE: ready to handle connections
[05-May-2018 04:53:45] NOTICE: fpm is running, pid 8
[05-May-2018 04:53:45] NOTICE: ready to handle connections
[05-May-2018 07:18:34] NOTICE: Terminating ...
[05-May-2018 07:18:34] NOTICE: exiting, bye-bye!
[05-May-2018 21:37:12] NOTICE: fpm is running, pid 27
[05-May-2018 21:37:12] NOTICE: ready to handle connections
[05-May-2018 22:16:47] NOTICE: Terminating ...
[05-May-2018 22:16:47] NOTICE: exiting, bye-bye!
[06-May-2018 21:34:59] NOTICE: fpm is running, pid 25
[06-May-2018 21:34:59] NOTICE: ready to handle connections
[07-May-2018 13:58:48] NOTICE: fpm is running, pid 8
[07-May-2018 13:58:48] NOTICE: ready to handle connections
[08-May-2018 03:27:06] NOTICE: Terminating ...
[08-May-2018 03:27:06] NOTICE: exiting, bye-bye!
[08-May-2018 14:07:45] NOTICE: fpm is running, pid 25
[08-May-2018 14:07:45] NOTICE: ready to handle connections
[08-May-2018 17:34:29] WARNING: [pool www] child 36 exited on signal 11 (SIGSEGV) after 12403.724674 seconds from start
[08-May-2018 17:34:29] NOTICE: [pool www] child 305 started
[08-May-2018 17:34:31] WARNING: [pool www] child 300 exited on signal 11 (SIGSEGV) after 12400.232879 seconds from start
[08-May-2018 17:34:31] NOTICE: [pool www] child 306 started
[08-May-2018 17:34:33] WARNING: [pool www] child 37 exited on signal 11 (SIGSEGV) after 12407.775385 seconds from start
[08-May-2018 17:34:33] NOTICE: [pool www] child 307 started
[08-May-2018 22:44:28] NOTICE: Terminating ...
[08-May-2018 22:44:28] NOTICE: exiting, bye-bye!
[09-May-2018 14:42:29] NOTICE: fpm is running, pid 25
[09-May-2018 14:42:29] NOTICE: ready to handle connections
[10-May-2018 14:55:59] NOTICE: fpm is running, pid 8
[10-May-2018 14:55:59] NOTICE: ready to handle connections
[10-May-2018 14:56:04] NOTICE: Terminating ...
[10-May-2018 14:56:04] NOTICE: exiting, bye-bye!
[10-May-2018 14:56:08] NOTICE: fpm is running, pid 29
[10-May-2018 14:56:08] NOTICE: ready to handle connections
[11-May-2018 05:20:37] NOTICE: Terminating ...
[11-May-2018 05:20:37] NOTICE: exiting, bye-bye!
[11-May-2018 23:27:46] NOTICE: fpm is running, pid 8
[11-May-2018 23:27:46] NOTICE: ready to handle connections
[13-May-2018 15:59:25] NOTICE: fpm is running, pid 8
[13-May-2018 15:59:25] NOTICE: ready to handle connections
[13-May-2018 16:02:25] NOTICE: Terminating ...
[13-May-2018 16:02:25] NOTICE: exiting, bye-bye!
[14-May-2018 13:28:15] NOTICE: fpm is running, pid 25
[14-May-2018 13:28:15] NOTICE: ready to handle connections
[14-May-2018 14:39:11] NOTICE: Terminating ...
[14-May-2018 14:39:11] NOTICE: exiting, bye-bye!
[14-May-2018 16:45:43] NOTICE: fpm is running, pid 8
[14-May-2018 16:45:43] NOTICE: ready to handle connections
[14-May-2018 16:55:03] NOTICE: Terminating ...
[14-May-2018 16:55:03] NOTICE: exiting, bye-bye!
[14-May-2018 17:14:05] NOTICE: fpm is running, pid 8
[14-May-2018 17:14:05] NOTICE: ready to handle connections
[14-May-2018 17:33:27] NOTICE: Terminating ...
[14-May-2018 17:33:27] NOTICE: exiting, bye-bye!
[15-May-2018 01:32:34] NOTICE: fpm is running, pid 8
[15-May-2018 01:32:34] NOTICE: ready to handle connections
[15-May-2018 04:33:36] NOTICE: Terminating ...
[15-May-2018 04:33:36] NOTICE: exiting, bye-bye!
[15-May-2018 15:20:46] NOTICE: fpm is running, pid 26
[15-May-2018 15:20:46] NOTICE: ready to handle connections
[15-May-2018 17:49:03] NOTICE: Terminating ...
[15-May-2018 17:49:03] NOTICE: exiting, bye-bye!
[15-May-2018 21:15:15] NOTICE: fpm is running, pid 25
[15-May-2018 21:15:15] NOTICE: ready to handle connections
[15-May-2018 23:50:50] NOTICE: Terminating ...
[15-May-2018 23:50:50] NOTICE: exiting, bye-bye!
[16-May-2018 13:37:46] NOTICE: fpm is running, pid 26
[16-May-2018 13:37:46] NOTICE: ready to handle connections
[16-May-2018 23:59:07] NOTICE: Terminating ...
[16-May-2018 23:59:07] NOTICE: exiting, bye-bye!
[17-May-2018 13:04:59] NOTICE: fpm is running, pid 25
[17-May-2018 13:04:59] NOTICE: ready to handle connections
[18-May-2018 00:08:32] NOTICE: Terminating ...
[18-May-2018 00:08:32] NOTICE: exiting, bye-bye!
[18-May-2018 14:18:25] NOTICE: fpm is running, pid 25
[18-May-2018 14:18:25] NOTICE: ready to handle connections
[18-May-2018 23:00:32] NOTICE: Terminating ...
[18-May-2018 23:00:32] NOTICE: exiting, bye-bye!
[19-May-2018 00:37:30] NOTICE: fpm is running, pid 25
[19-May-2018 00:37:30] NOTICE: ready to handle connections
[19-May-2018 03:14:32] NOTICE: Terminating ...
[19-May-2018 03:14:32] NOTICE: exiting, bye-bye!
[19-May-2018 16:17:20] NOTICE: fpm is running, pid 26
[19-May-2018 16:17:20] NOTICE: ready to handle connections
[19-May-2018 20:16:51] NOTICE: Terminating ...
[19-May-2018 20:16:51] NOTICE: exiting, bye-bye!
[20-May-2018 03:06:37] NOTICE: fpm is running, pid 8
[20-May-2018 03:06:37] NOTICE: ready to handle connections
[20-May-2018 05:40:07] NOTICE: Terminating ...
[20-May-2018 05:40:07] NOTICE: exiting, bye-bye!
[20-May-2018 14:17:48] NOTICE: fpm is running, pid 26
[20-May-2018 14:17:48] NOTICE: ready to handle connections
[20-May-2018 20:24:01] NOTICE: Terminating ...
[20-May-2018 20:24:01] NOTICE: exiting, bye-bye!
[20-May-2018 20:24:15] NOTICE: fpm is running, pid 29
[20-May-2018 20:24:15] NOTICE: ready to handle connections
[20-May-2018 22:21:47] NOTICE: Terminating ...
[20-May-2018 22:21:47] NOTICE: exiting, bye-bye!
[20-May-2018 22:21:51] NOTICE: fpm is running, pid 29
[20-May-2018 22:21:51] NOTICE: ready to handle connections
[21-May-2018 01:49:47] NOTICE: Terminating ...
[21-May-2018 01:49:47] NOTICE: exiting, bye-bye!
[21-May-2018 13:41:17] NOTICE: fpm is running, pid 26
[21-May-2018 13:41:17] NOTICE: ready to handle connections
[22-May-2018 03:45:15] NOTICE: Terminating ...
[22-May-2018 03:45:15] NOTICE: exiting, bye-bye!
[22-May-2018 14:07:38] NOTICE: fpm is running, pid 25
[22-May-2018 14:07:38] NOTICE: ready to handle connections
[23-May-2018 05:29:42] NOTICE: Terminating ...
[23-May-2018 05:29:42] NOTICE: exiting, bye-bye!
[23-May-2018 14:44:25] NOTICE: fpm is running, pid 25
[23-May-2018 14:44:25] NOTICE: ready to handle connections
[23-May-2018 15:19:19] NOTICE: Terminating ...
[23-May-2018 15:19:19] NOTICE: exiting, bye-bye!
[23-May-2018 16:31:00] NOTICE: fpm is running, pid 26
[23-May-2018 16:31:00] NOTICE: ready to handle connections
